{"C:\\Users\\jtxys\\Documents\\ggvega\\src-ext\\Typescript\\ggvega\\src\\Encoding.ts": {"path":"C:\\Users\\jtxys\\Documents\\ggvega\\src-ext\\Typescript\\ggvega\\src\\Encoding.ts","statementMap":{"0":{"start":{"line":2,"column":0},"end":{"line":2,"column":31}},"1":{"start":{"line":5,"column":46},"end":{"line":15,"column":4}},"2":{"start":{"line":17,"column":2},"end":{"line":17,"column":23}},"3":{"start":{"line":4,"column":0},"end":{"line":4,"column":16}},"4":{"start":{"line":21,"column":22},"end":{"line":21,"column":52}},"5":{"start":{"line":23,"column":36},"end":{"line":23,"column":72}},"6":{"start":{"line":27,"column":22},"end":{"line":27,"column":33}},"7":{"start":{"line":29,"column":2},"end":{"line":37,"column":null}},"8":{"start":{"line":29,"column":24},"end":{"line":29,"column":30}},"9":{"start":{"line":29,"column":20},"end":{"line":29,"column":24}},"10":{"start":{"line":30,"column":4},"end":{"line":36,"column":null}},"11":{"start":{"line":31,"column":6},"end":{"line":31,"column":51}},"12":{"start":{"line":33,"column":6},"end":{"line":35,"column":null}},"13":{"start":{"line":34,"column":8},"end":{"line":34,"column":32}},"14":{"start":{"line":39,"column":2},"end":{"line":39,"column":36}},"15":{"start":{"line":41,"column":32},"end":{"line":46,"column":4}},"16":{"start":{"line":48,"column":2},"end":{"line":48,"column":16}},"17":{"start":{"line":52,"column":22},"end":{"line":52,"column":52}},"18":{"start":{"line":54,"column":36},"end":{"line":54,"column":72}},"19":{"start":{"line":58,"column":22},"end":{"line":58,"column":33}},"20":{"start":{"line":60,"column":2},"end":{"line":68,"column":null}},"21":{"start":{"line":60,"column":24},"end":{"line":60,"column":30}},"22":{"start":{"line":60,"column":20},"end":{"line":60,"column":24}},"23":{"start":{"line":61,"column":4},"end":{"line":67,"column":null}},"24":{"start":{"line":62,"column":6},"end":{"line":62,"column":51}},"25":{"start":{"line":64,"column":6},"end":{"line":66,"column":null}},"26":{"start":{"line":65,"column":8},"end":{"line":65,"column":32}},"27":{"start":{"line":70,"column":2},"end":{"line":70,"column":36}},"28":{"start":{"line":72,"column":32},"end":{"line":77,"column":4}},"29":{"start":{"line":79,"column":2},"end":{"line":79,"column":16}},"30":{"start":{"line":129,"column":2},"end":{"line":137,"column":null}},"31":{"start":{"line":130,"column":4},"end":{"line":136,"column":null}},"32":{"start":{"line":131,"column":6},"end":{"line":135,"column":null}},"33":{"start":{"line":132,"column":8},"end":{"line":134,"column":10}},"34":{"start":{"line":139,"column":2},"end":{"line":156,"column":null}},"35":{"start":{"line":140,"column":4},"end":{"line":142,"column":null}},"36":{"start":{"line":141,"column":6},"end":{"line":141,"column":18}},"37":{"start":{"line":144,"column":24},"end":{"line":144,"column":57}},"38":{"start":{"line":146,"column":38},"end":{"line":146,"column":74}},"39":{"start":{"line":148,"column":4},"end":{"line":148,"column":38}},"40":{"start":{"line":150,"column":4},"end":{"line":155,"column":6}},"41":{"start":{"line":158,"column":2},"end":{"line":158,"column":14}},"42":{"start":{"line":168,"column":2},"end":{"line":178,"column":null}},"43":{"start":{"line":169,"column":4},"end":{"line":177,"column":null}},"44":{"start":{"line":170,"column":6},"end":{"line":176,"column":null}},"45":{"start":{"line":171,"column":8},"end":{"line":175,"column":null}},"46":{"start":{"line":172,"column":10},"end":{"line":174,"column":12}},"47":{"start":{"line":180,"column":2},"end":{"line":196,"column":null}},"48":{"start":{"line":181,"column":4},"end":{"line":183,"column":null}},"49":{"start":{"line":182,"column":6},"end":{"line":182,"column":19}},"50":{"start":{"line":185,"column":24},"end":{"line":185,"column":58}},"51":{"start":{"line":187,"column":38},"end":{"line":187,"column":74}},"52":{"start":{"line":189,"column":4},"end":{"line":189,"column":38}},"53":{"start":{"line":191,"column":4},"end":{"line":195,"column":6}},"54":{"start":{"line":198,"column":2},"end":{"line":198,"column":15}},"55":{"start":{"line":202,"column":2},"end":{"line":202,"column":19}},"56":{"start":{"line":212,"column":2},"end":{"line":220,"column":null}},"57":{"start":{"line":213,"column":4},"end":{"line":219,"column":null}},"58":{"start":{"line":214,"column":6},"end":{"line":218,"column":null}},"59":{"start":{"line":215,"column":8},"end":{"line":217,"column":10}},"60":{"start":{"line":222,"column":2},"end":{"line":238,"column":null}},"61":{"start":{"line":223,"column":4},"end":{"line":225,"column":null}},"62":{"start":{"line":224,"column":6},"end":{"line":224,"column":20}},"63":{"start":{"line":227,"column":24},"end":{"line":227,"column":59}},"64":{"start":{"line":229,"column":38},"end":{"line":229,"column":74}},"65":{"start":{"line":231,"column":4},"end":{"line":231,"column":38}},"66":{"start":{"line":233,"column":4},"end":{"line":237,"column":6}},"67":{"start":{"line":240,"column":2},"end":{"line":240,"column":16}},"68":{"start":{"line":250,"column":2},"end":{"line":258,"column":null}},"69":{"start":{"line":251,"column":4},"end":{"line":257,"column":null}},"70":{"start":{"line":252,"column":6},"end":{"line":256,"column":null}},"71":{"start":{"line":253,"column":8},"end":{"line":255,"column":10}},"72":{"start":{"line":260,"column":2},"end":{"line":276,"column":null}},"73":{"start":{"line":261,"column":4},"end":{"line":263,"column":null}},"74":{"start":{"line":262,"column":6},"end":{"line":262,"column":25}},"75":{"start":{"line":265,"column":24},"end":{"line":265,"column":59}},"76":{"start":{"line":267,"column":38},"end":{"line":267,"column":74}},"77":{"start":{"line":269,"column":4},"end":{"line":269,"column":38}},"78":{"start":{"line":271,"column":4},"end":{"line":275,"column":6}},"79":{"start":{"line":278,"column":2},"end":{"line":278,"column":21}},"80":{"start":{"line":288,"column":2},"end":{"line":296,"column":null}},"81":{"start":{"line":289,"column":4},"end":{"line":295,"column":null}},"82":{"start":{"line":290,"column":6},"end":{"line":294,"column":null}},"83":{"start":{"line":291,"column":8},"end":{"line":293,"column":10}},"84":{"start":{"line":298,"column":2},"end":{"line":314,"column":null}},"85":{"start":{"line":299,"column":4},"end":{"line":301,"column":null}},"86":{"start":{"line":300,"column":6},"end":{"line":300,"column":21}},"87":{"start":{"line":303,"column":24},"end":{"line":303,"column":58}},"88":{"start":{"line":305,"column":38},"end":{"line":305,"column":74}},"89":{"start":{"line":307,"column":4},"end":{"line":307,"column":38}},"90":{"start":{"line":309,"column":4},"end":{"line":313,"column":6}},"91":{"start":{"line":316,"column":2},"end":{"line":316,"column":17}},"92":{"start":{"line":326,"column":2},"end":{"line":334,"column":null}},"93":{"start":{"line":327,"column":4},"end":{"line":333,"column":null}},"94":{"start":{"line":328,"column":6},"end":{"line":332,"column":null}},"95":{"start":{"line":329,"column":8},"end":{"line":331,"column":10}},"96":{"start":{"line":335,"column":2},"end":{"line":351,"column":null}},"97":{"start":{"line":336,"column":4},"end":{"line":338,"column":null}},"98":{"start":{"line":337,"column":6},"end":{"line":337,"column":18}},"99":{"start":{"line":340,"column":24},"end":{"line":340,"column":57}},"100":{"start":{"line":342,"column":38},"end":{"line":342,"column":74}},"101":{"start":{"line":344,"column":4},"end":{"line":344,"column":38}},"102":{"start":{"line":346,"column":4},"end":{"line":350,"column":6}},"103":{"start":{"line":353,"column":2},"end":{"line":353,"column":14}}},"fnMap":{"0":{"name":"TranslateEncoding","decl":{"start":{"line":4,"column":16},"end":{"line":4,"column":33}},"loc":{"start":{"line":4,"column":86},"end":{"line":18,"column":1}}},"1":{"name":"TranslateXClass","decl":{"start":{"line":20,"column":9},"end":{"line":20,"column":24}},"loc":{"start":{"line":20,"column":77},"end":{"line":49,"column":1}}},"2":{"name":"TranslateYClass","decl":{"start":{"line":51,"column":9},"end":{"line":51,"column":24}},"loc":{"start":{"line":51,"column":77},"end":{"line":80,"column":1}}},"3":{"name":"TranslateSize","decl":{"start":{"line":122,"column":9},"end":{"line":122,"column":22}},"loc":{"start":{"line":125,"column":16},"end":{"line":159,"column":1}}},"4":{"name":"TranslateShape","decl":{"start":{"line":161,"column":9},"end":{"line":161,"column":23}},"loc":{"start":{"line":164,"column":16},"end":{"line":199,"column":1}}},"5":{"name":"TranslateScale","decl":{"start":{"line":201,"column":9},"end":{"line":201,"column":23}},"loc":{"start":{"line":201,"column":38},"end":{"line":203,"column":1}}},"6":{"name":"TranslateStroke","decl":{"start":{"line":205,"column":9},"end":{"line":205,"column":24}},"loc":{"start":{"line":208,"column":16},"end":{"line":241,"column":1}}},"7":{"name":"TranslateStrokeWidth","decl":{"start":{"line":243,"column":9},"end":{"line":243,"column":29}},"loc":{"start":{"line":246,"column":16},"end":{"line":279,"column":1}}},"8":{"name":"TranslateOpacity","decl":{"start":{"line":281,"column":9},"end":{"line":281,"column":25}},"loc":{"start":{"line":284,"column":16},"end":{"line":317,"column":1}}},"9":{"name":"TranslateFill","decl":{"start":{"line":319,"column":9},"end":{"line":319,"column":22}},"loc":{"start":{"line":322,"column":16},"end":{"line":354,"column":1}}}},"branchMap":{"0":{"loc":{"start":{"line":30,"column":4},"end":{"line":36,"column":null}},"type":"if","locations":[{"start":{"line":30,"column":4},"end":{"line":36,"column":null}},{"start":{"line":30,"column":4},"end":{"line":36,"column":null}}]},"1":{"loc":{"start":{"line":33,"column":6},"end":{"line":35,"column":null}},"type":"if","locations":[{"start":{"line":33,"column":6},"end":{"line":35,"column":null}},{"start":{"line":33,"column":6},"end":{"line":35,"column":null}}]},"2":{"loc":{"start":{"line":61,"column":4},"end":{"line":67,"column":null}},"type":"if","locations":[{"start":{"line":61,"column":4},"end":{"line":67,"column":null}},{"start":{"line":61,"column":4},"end":{"line":67,"column":null}}]},"3":{"loc":{"start":{"line":64,"column":6},"end":{"line":66,"column":null}},"type":"if","locations":[{"start":{"line":64,"column":6},"end":{"line":66,"column":null}},{"start":{"line":64,"column":6},"end":{"line":66,"column":null}}]},"4":{"loc":{"start":{"line":129,"column":2},"end":{"line":137,"column":null}},"type":"if","locations":[{"start":{"line":129,"column":2},"end":{"line":137,"column":null}},{"start":{"line":129,"column":2},"end":{"line":137,"column":null}}]},"5":{"loc":{"start":{"line":130,"column":4},"end":{"line":136,"column":null}},"type":"if","locations":[{"start":{"line":130,"column":4},"end":{"line":136,"column":null}},{"start":{"line":130,"column":4},"end":{"line":136,"column":null}}]},"6":{"loc":{"start":{"line":131,"column":6},"end":{"line":135,"column":null}},"type":"if","locations":[{"start":{"line":131,"column":6},"end":{"line":135,"column":null}},{"start":{"line":131,"column":6},"end":{"line":135,"column":null}}]},"7":{"loc":{"start":{"line":139,"column":2},"end":{"line":156,"column":null}},"type":"if","locations":[{"start":{"line":139,"column":2},"end":{"line":156,"column":null}},{"start":{"line":139,"column":2},"end":{"line":156,"column":null}}]},"8":{"loc":{"start":{"line":140,"column":4},"end":{"line":142,"column":null}},"type":"if","locations":[{"start":{"line":140,"column":4},"end":{"line":142,"column":null}},{"start":{"line":140,"column":4},"end":{"line":142,"column":null}}]},"9":{"loc":{"start":{"line":168,"column":2},"end":{"line":178,"column":null}},"type":"if","locations":[{"start":{"line":168,"column":2},"end":{"line":178,"column":null}},{"start":{"line":168,"column":2},"end":{"line":178,"column":null}}]},"10":{"loc":{"start":{"line":169,"column":4},"end":{"line":177,"column":null}},"type":"if","locations":[{"start":{"line":169,"column":4},"end":{"line":177,"column":null}},{"start":{"line":169,"column":4},"end":{"line":177,"column":null}}]},"11":{"loc":{"start":{"line":170,"column":6},"end":{"line":176,"column":null}},"type":"if","locations":[{"start":{"line":170,"column":6},"end":{"line":176,"column":null}},{"start":{"line":170,"column":6},"end":{"line":176,"column":null}}]},"12":{"loc":{"start":{"line":171,"column":8},"end":{"line":175,"column":null}},"type":"if","locations":[{"start":{"line":171,"column":8},"end":{"line":175,"column":null}},{"start":{"line":171,"column":8},"end":{"line":175,"column":null}}]},"13":{"loc":{"start":{"line":180,"column":2},"end":{"line":196,"column":null}},"type":"if","locations":[{"start":{"line":180,"column":2},"end":{"line":196,"column":null}},{"start":{"line":180,"column":2},"end":{"line":196,"column":null}}]},"14":{"loc":{"start":{"line":181,"column":4},"end":{"line":183,"column":null}},"type":"if","locations":[{"start":{"line":181,"column":4},"end":{"line":183,"column":null}},{"start":{"line":181,"column":4},"end":{"line":183,"column":null}}]},"15":{"loc":{"start":{"line":212,"column":2},"end":{"line":220,"column":null}},"type":"if","locations":[{"start":{"line":212,"column":2},"end":{"line":220,"column":null}},{"start":{"line":212,"column":2},"end":{"line":220,"column":null}}]},"16":{"loc":{"start":{"line":213,"column":4},"end":{"line":219,"column":null}},"type":"if","locations":[{"start":{"line":213,"column":4},"end":{"line":219,"column":null}},{"start":{"line":213,"column":4},"end":{"line":219,"column":null}}]},"17":{"loc":{"start":{"line":214,"column":6},"end":{"line":218,"column":null}},"type":"if","locations":[{"start":{"line":214,"column":6},"end":{"line":218,"column":null}},{"start":{"line":214,"column":6},"end":{"line":218,"column":null}}]},"18":{"loc":{"start":{"line":222,"column":2},"end":{"line":238,"column":null}},"type":"if","locations":[{"start":{"line":222,"column":2},"end":{"line":238,"column":null}},{"start":{"line":222,"column":2},"end":{"line":238,"column":null}}]},"19":{"loc":{"start":{"line":223,"column":4},"end":{"line":225,"column":null}},"type":"if","locations":[{"start":{"line":223,"column":4},"end":{"line":225,"column":null}},{"start":{"line":223,"column":4},"end":{"line":225,"column":null}}]},"20":{"loc":{"start":{"line":250,"column":2},"end":{"line":258,"column":null}},"type":"if","locations":[{"start":{"line":250,"column":2},"end":{"line":258,"column":null}},{"start":{"line":250,"column":2},"end":{"line":258,"column":null}}]},"21":{"loc":{"start":{"line":251,"column":4},"end":{"line":257,"column":null}},"type":"if","locations":[{"start":{"line":251,"column":4},"end":{"line":257,"column":null}},{"start":{"line":251,"column":4},"end":{"line":257,"column":null}}]},"22":{"loc":{"start":{"line":252,"column":6},"end":{"line":256,"column":null}},"type":"if","locations":[{"start":{"line":252,"column":6},"end":{"line":256,"column":null}},{"start":{"line":252,"column":6},"end":{"line":256,"column":null}}]},"23":{"loc":{"start":{"line":260,"column":2},"end":{"line":276,"column":null}},"type":"if","locations":[{"start":{"line":260,"column":2},"end":{"line":276,"column":null}},{"start":{"line":260,"column":2},"end":{"line":276,"column":null}}]},"24":{"loc":{"start":{"line":261,"column":4},"end":{"line":263,"column":null}},"type":"if","locations":[{"start":{"line":261,"column":4},"end":{"line":263,"column":null}},{"start":{"line":261,"column":4},"end":{"line":263,"column":null}}]},"25":{"loc":{"start":{"line":288,"column":2},"end":{"line":296,"column":null}},"type":"if","locations":[{"start":{"line":288,"column":2},"end":{"line":296,"column":null}},{"start":{"line":288,"column":2},"end":{"line":296,"column":null}}]},"26":{"loc":{"start":{"line":289,"column":4},"end":{"line":295,"column":null}},"type":"if","locations":[{"start":{"line":289,"column":4},"end":{"line":295,"column":null}},{"start":{"line":289,"column":4},"end":{"line":295,"column":null}}]},"27":{"loc":{"start":{"line":290,"column":6},"end":{"line":294,"column":null}},"type":"if","locations":[{"start":{"line":290,"column":6},"end":{"line":294,"column":null}},{"start":{"line":290,"column":6},"end":{"line":294,"column":null}}]},"28":{"loc":{"start":{"line":298,"column":2},"end":{"line":314,"column":null}},"type":"if","locations":[{"start":{"line":298,"column":2},"end":{"line":314,"column":null}},{"start":{"line":298,"column":2},"end":{"line":314,"column":null}}]},"29":{"loc":{"start":{"line":299,"column":4},"end":{"line":301,"column":null}},"type":"if","locations":[{"start":{"line":299,"column":4},"end":{"line":301,"column":null}},{"start":{"line":299,"column":4},"end":{"line":301,"column":null}}]},"30":{"loc":{"start":{"line":326,"column":2},"end":{"line":334,"column":null}},"type":"if","locations":[{"start":{"line":326,"column":2},"end":{"line":334,"column":null}},{"start":{"line":326,"column":2},"end":{"line":334,"column":null}}]},"31":{"loc":{"start":{"line":327,"column":4},"end":{"line":333,"column":null}},"type":"if","locations":[{"start":{"line":327,"column":4},"end":{"line":333,"column":null}},{"start":{"line":327,"column":4},"end":{"line":333,"column":null}}]},"32":{"loc":{"start":{"line":328,"column":6},"end":{"line":332,"column":null}},"type":"if","locations":[{"start":{"line":328,"column":6},"end":{"line":332,"column":null}},{"start":{"line":328,"column":6},"end":{"line":332,"column":null}}]},"33":{"loc":{"start":{"line":335,"column":2},"end":{"line":351,"column":null}},"type":"if","locations":[{"start":{"line":335,"column":2},"end":{"line":351,"column":null}},{"start":{"line":335,"column":2},"end":{"line":351,"column":null}}]},"34":{"loc":{"start":{"line":336,"column":4},"end":{"line":338,"column":null}},"type":"if","locations":[{"start":{"line":336,"column":4},"end":{"line":338,"column":null}},{"start":{"line":336,"column":4},"end":{"line":338,"column":null}}]}},"s":{"0":1,"1":0,"2":0,"3":1,"4":0,"5":0,"6":0,"7":0,"8":0,"9":0,"10":0,"11":0,"12":0,"13":0,"14":0,"15":0,"16":0,"17":0,"18":0,"19":0,"20":0,"21":0,"22":0,"23":0,"24":0,"25":0,"26":0,"27":0,"28":0,"29":0,"30":0,"31":0,"32":0,"33":0,"34":0,"35":0,"36":0,"37":0,"38":0,"39":0,"40":0,"41":0,"42":0,"43":0,"44":0,"45":0,"46":0,"47":0,"48":0,"49":0,"50":0,"51":0,"52":0,"53":0,"54":0,"55":0,"56":0,"57":0,"58":0,"59":0,"60":0,"61":0,"62":0,"63":0,"64":0,"65":0,"66":0,"67":0,"68":0,"69":0,"70":0,"71":0,"72":0,"73":0,"74":0,"75":0,"76":0,"77":0,"78":0,"79":0,"80":0,"81":0,"82":0,"83":0,"84":0,"85":0,"86":0,"87":0,"88":0,"89":0,"90":0,"91":0,"92":0,"93":0,"94":0,"95":0,"96":0,"97":0,"98":0,"99":0,"100":0,"101":0,"102":0,"103":0},"f":{"0":0,"1":0,"2":0,"3":0,"4":0,"5":0,"6":0,"7":0,"8":0,"9":0},"b":{"0":[0,0],"1":[0,0],"2":[0,0],"3":[0,0],"4":[0,0],"5":[0,0],"6":[0,0],"7":[0,0],"8":[0,0],"9":[0,0],"10":[0,0],"11":[0,0],"12":[0,0],"13":[0,0],"14":[0,0],"15":[0,0],"16":[0,0],"17":[0,0],"18":[0,0],"19":[0,0],"20":[0,0],"21":[0,0],"22":[0,0],"23":[0,0],"24":[0,0],"25":[0,0],"26":[0,0],"27":[0,0],"28":[0,0],"29":[0,0],"30":[0,0],"31":[0,0],"32":[0,0],"33":[0,0],"34":[0,0]}}
,"C:\\Users\\jtxys\\Documents\\ggvega\\src-ext\\Typescript\\ggvega\\src\\LayerSpec.ts": {"path":"C:\\Users\\jtxys\\Documents\\ggvega\\src-ext\\Typescript\\ggvega\\src\\LayerSpec.ts","statementMap":{"0":{"start":{"line":1,"column":0},"end":{"line":1,"column":35}},"1":{"start":{"line":2,"column":0},"end":{"line":2,"column":45}},"2":{"start":{"line":11,"column":25},"end":{"line":11,"column":44}},"3":{"start":{"line":13,"column":38},"end":{"line":19,"column":4}},"4":{"start":{"line":21,"column":2},"end":{"line":21,"column":19}},"5":{"start":{"line":10,"column":0},"end":{"line":10,"column":16}},"6":{"start":{"line":26,"column":2},"end":{"line":30,"column":null}},"7":{"start":{"line":27,"column":4},"end":{"line":27,"column":29}},"8":{"start":{"line":29,"column":4},"end":{"line":29,"column":29}},"9":{"start":{"line":32,"column":2},"end":{"line":32,"column":14}}},"fnMap":{"0":{"name":"TranslateLayer","decl":{"start":{"line":10,"column":16},"end":{"line":10,"column":30}},"loc":{"start":{"line":10,"column":78},"end":{"line":22,"column":1}}},"1":{"name":"TranslateMark","decl":{"start":{"line":24,"column":9},"end":{"line":24,"column":22}},"loc":{"start":{"line":24,"column":32},"end":{"line":33,"column":1}}}},"branchMap":{"0":{"loc":{"start":{"line":26,"column":2},"end":{"line":30,"column":null}},"type":"if","locations":[{"start":{"line":26,"column":2},"end":{"line":30,"column":null}},{"start":{"line":26,"column":2},"end":{"line":30,"column":null}}]}},"s":{"0":1,"1":1,"2":0,"3":0,"4":0,"5":1,"6":0,"7":0,"8":0,"9":0},"f":{"0":0,"1":0},"b":{"0":[0,0]}}
,"C:\\Users\\jtxys\\Documents\\ggvega\\src-ext\\Typescript\\ggvega\\src\\Mark.ts": {"path":"C:\\Users\\jtxys\\Documents\\ggvega\\src-ext\\Typescript\\ggvega\\src\\Mark.ts","statementMap":{"0":{"start":{"line":2,"column":14},"end":{"line":2,"column":16}},"1":{"start":{"line":4,"column":2},"end":{"line":6,"column":null}},"2":{"start":{"line":5,"column":4},"end":{"line":5,"column":21}},"3":{"start":{"line":7,"column":2},"end":{"line":9,"column":null}},"4":{"start":{"line":8,"column":4},"end":{"line":8,"column":21}},"5":{"start":{"line":10,"column":2},"end":{"line":12,"column":null}},"6":{"start":{"line":11,"column":4},"end":{"line":11,"column":20}},"7":{"start":{"line":13,"column":2},"end":{"line":15,"column":null}},"8":{"start":{"line":14,"column":4},"end":{"line":14,"column":22}},"9":{"start":{"line":16,"column":2},"end":{"line":18,"column":null}},"10":{"start":{"line":17,"column":4},"end":{"line":17,"column":26}},"11":{"start":{"line":19,"column":2},"end":{"line":21,"column":null}},"12":{"start":{"line":20,"column":4},"end":{"line":20,"column":28}},"13":{"start":{"line":22,"column":2},"end":{"line":24,"column":null}},"14":{"start":{"line":23,"column":4},"end":{"line":23,"column":29}},"15":{"start":{"line":25,"column":2},"end":{"line":27,"column":null}},"16":{"start":{"line":26,"column":4},"end":{"line":26,"column":28}},"17":{"start":{"line":29,"column":2},"end":{"line":29,"column":15}},"18":{"start":{"line":1,"column":0},"end":{"line":1,"column":16}},"19":{"start":{"line":33,"column":2},"end":{"line":33,"column":18}},"20":{"start":{"line":32,"column":0},"end":{"line":32,"column":16}},"21":{"start":{"line":37,"column":2},"end":{"line":37,"column":23}},"22":{"start":{"line":36,"column":0},"end":{"line":36,"column":16}},"23":{"start":{"line":41,"column":2},"end":{"line":41,"column":19}},"24":{"start":{"line":40,"column":0},"end":{"line":40,"column":16}},"25":{"start":{"line":45,"column":2},"end":{"line":45,"column":16}},"26":{"start":{"line":44,"column":0},"end":{"line":44,"column":16}},"27":{"start":{"line":49,"column":2},"end":{"line":49,"column":21}},"28":{"start":{"line":48,"column":0},"end":{"line":48,"column":16}}},"fnMap":{"0":{"name":"TranslatePointShape","decl":{"start":{"line":1,"column":16},"end":{"line":1,"column":35}},"loc":{"start":{"line":1,"column":51},"end":{"line":30,"column":1}}},"1":{"name":"TranslateStroke","decl":{"start":{"line":32,"column":16},"end":{"line":32,"column":31}},"loc":{"start":{"line":32,"column":48},"end":{"line":34,"column":1}}},"2":{"name":"TranslateStrokeWidth","decl":{"start":{"line":36,"column":16},"end":{"line":36,"column":36}},"loc":{"start":{"line":36,"column":58},"end":{"line":38,"column":1}}},"3":{"name":"TranslateOpacity","decl":{"start":{"line":40,"column":16},"end":{"line":40,"column":32}},"loc":{"start":{"line":40,"column":50},"end":{"line":42,"column":1}}},"4":{"name":"TranslateFill","decl":{"start":{"line":44,"column":16},"end":{"line":44,"column":29}},"loc":{"start":{"line":44,"column":44},"end":{"line":46,"column":1}}},"5":{"name":"TranslatePointSize","decl":{"start":{"line":48,"column":16},"end":{"line":48,"column":34}},"loc":{"start":{"line":48,"column":49},"end":{"line":50,"column":1}}}},"branchMap":{"0":{"loc":{"start":{"line":4,"column":2},"end":{"line":6,"column":null}},"type":"if","locations":[{"start":{"line":4,"column":2},"end":{"line":6,"column":null}},{"start":{"line":4,"column":2},"end":{"line":6,"column":null}}]},"1":{"loc":{"start":{"line":7,"column":2},"end":{"line":9,"column":null}},"type":"if","locations":[{"start":{"line":7,"column":2},"end":{"line":9,"column":null}},{"start":{"line":7,"column":2},"end":{"line":9,"column":null}}]},"2":{"loc":{"start":{"line":10,"column":2},"end":{"line":12,"column":null}},"type":"if","locations":[{"start":{"line":10,"column":2},"end":{"line":12,"column":null}},{"start":{"line":10,"column":2},"end":{"line":12,"column":null}}]},"3":{"loc":{"start":{"line":13,"column":2},"end":{"line":15,"column":null}},"type":"if","locations":[{"start":{"line":13,"column":2},"end":{"line":15,"column":null}},{"start":{"line":13,"column":2},"end":{"line":15,"column":null}}]},"4":{"loc":{"start":{"line":16,"column":2},"end":{"line":18,"column":null}},"type":"if","locations":[{"start":{"line":16,"column":2},"end":{"line":18,"column":null}},{"start":{"line":16,"column":2},"end":{"line":18,"column":null}}]},"5":{"loc":{"start":{"line":19,"column":2},"end":{"line":21,"column":null}},"type":"if","locations":[{"start":{"line":19,"column":2},"end":{"line":21,"column":null}},{"start":{"line":19,"column":2},"end":{"line":21,"column":null}}]},"6":{"loc":{"start":{"line":22,"column":2},"end":{"line":24,"column":null}},"type":"if","locations":[{"start":{"line":22,"column":2},"end":{"line":24,"column":null}},{"start":{"line":22,"column":2},"end":{"line":24,"column":null}}]},"7":{"loc":{"start":{"line":25,"column":2},"end":{"line":27,"column":null}},"type":"if","locations":[{"start":{"line":25,"column":2},"end":{"line":27,"column":null}},{"start":{"line":25,"column":2},"end":{"line":27,"column":null}}]}},"s":{"0":0,"1":0,"2":0,"3":0,"4":0,"5":0,"6":0,"7":0,"8":0,"9":0,"10":0,"11":0,"12":0,"13":0,"14":0,"15":0,"16":0,"17":0,"18":1,"19":0,"20":1,"21":0,"22":1,"23":0,"24":1,"25":0,"26":1,"27":0,"28":1},"f":{"0":0,"1":0,"2":0,"3":0,"4":0,"5":0},"b":{"0":[0,0],"1":[0,0],"2":[0,0],"3":[0,0],"4":[0,0],"5":[0,0],"6":[0,0],"7":[0,0]}}
,"C:\\Users\\jtxys\\Documents\\ggvega\\src-ext\\Typescript\\ggvega\\src\\compile.ts": {"path":"C:\\Users\\jtxys\\Documents\\ggvega\\src-ext\\Typescript\\ggvega\\src\\compile.ts","statementMap":{"0":{"start":{"line":2,"column":0},"end":{"line":2,"column":43}},"1":{"start":{"line":11,"column":22},"end":{"line":11,"column":38}},"2":{"start":{"line":13,"column":20},"end":{"line":13,"column":34}},"3":{"start":{"line":15,"column":22},"end":{"line":15,"column":38}},"4":{"start":{"line":19,"column":2},"end":{"line":23,"column":null}},"5":{"start":{"line":20,"column":4},"end":{"line":22,"column":null}},"6":{"start":{"line":21,"column":6},"end":{"line":21,"column":30}},"7":{"start":{"line":25,"column":2},"end":{"line":31,"column":null}},"8":{"start":{"line":26,"column":4},"end":{"line":26,"column":16}},"9":{"start":{"line":28,"column":4},"end":{"line":30,"column":null}},"10":{"start":{"line":28,"column":24},"end":{"line":28,"column":30}},"11":{"start":{"line":28,"column":24},"end":{"line":28,"column":40}},"12":{"start":{"line":28,"column":20},"end":{"line":28,"column":24}},"13":{"start":{"line":29,"column":6},"end":{"line":29,"column":63}},"14":{"start":{"line":33,"column":24},"end":{"line":33,"column":26}},"15":{"start":{"line":35,"column":2},"end":{"line":37,"column":null}},"16":{"start":{"line":36,"column":4},"end":{"line":36,"column":64}},"17":{"start":{"line":39,"column":34},"end":{"line":44,"column":4}},"18":{"start":{"line":46,"column":2},"end":{"line":46,"column":18}},"19":{"start":{"line":48,"column":2},"end":{"line":48,"column":12}},"20":{"start":{"line":8,"column":0},"end":{"line":8,"column":16}},"21":{"start":{"line":57,"column":2},"end":{"line":57,"column":56}},"22":{"start":{"line":57,"column":49},"end":{"line":57,"column":56}},"23":{"start":{"line":59,"column":2},"end":{"line":76,"column":5}},"24":{"start":{"line":60,"column":4},"end":{"line":75,"column":null}},"25":{"start":{"line":61,"column":6},"end":{"line":64,"column":null}},"26":{"start":{"line":62,"column":8},"end":{"line":62,"column":24}},"27":{"start":{"line":63,"column":8},"end":{"line":63,"column":15}},"28":{"start":{"line":66,"column":6},"end":{"line":66,"column":28}},"29":{"start":{"line":68,"column":6},"end":{"line":71,"column":null}},"30":{"start":{"line":69,"column":8},"end":{"line":69,"column":24}},"31":{"start":{"line":70,"column":8},"end":{"line":70,"column":15}},"32":{"start":{"line":72,"column":11},"end":{"line":75,"column":null}},"33":{"start":{"line":73,"column":6},"end":{"line":73,"column":22}},"34":{"start":{"line":74,"column":6},"end":{"line":74,"column":13}},"35":{"start":{"line":56,"column":0},"end":{"line":56,"column":16}}},"fnMap":{"0":{"name":"gg2vl","decl":{"start":{"line":8,"column":16},"end":{"line":8,"column":21}},"loc":{"start":{"line":8,"column":33},"end":{"line":49,"column":1}}},"1":{"name":"removeEmpty","decl":{"start":{"line":56,"column":16},"end":{"line":56,"column":27}},"loc":{"start":{"line":56,"column":36},"end":{"line":77,"column":1}}},"2":{"name":"(anonymous_2)","decl":{"start":{"line":59,"column":27},"end":{"line":59,"column":36}},"loc":{"start":{"line":59,"column":39},"end":{"line":76,"column":3}}}},"branchMap":{"0":{"loc":{"start":{"line":19,"column":2},"end":{"line":23,"column":null}},"type":"if","locations":[{"start":{"line":19,"column":2},"end":{"line":23,"column":null}},{"start":{"line":19,"column":2},"end":{"line":23,"column":null}}]},"1":{"loc":{"start":{"line":20,"column":4},"end":{"line":22,"column":null}},"type":"if","locations":[{"start":{"line":20,"column":4},"end":{"line":22,"column":null}},{"start":{"line":20,"column":4},"end":{"line":22,"column":null}}]},"2":{"loc":{"start":{"line":25,"column":2},"end":{"line":31,"column":null}},"type":"if","locations":[{"start":{"line":25,"column":2},"end":{"line":31,"column":null}},{"start":{"line":25,"column":2},"end":{"line":31,"column":null}}]},"3":{"loc":{"start":{"line":57,"column":2},"end":{"line":57,"column":56}},"type":"if","locations":[{"start":{"line":57,"column":2},"end":{"line":57,"column":56}},{"start":{"line":57,"column":2},"end":{"line":57,"column":56}}]},"4":{"loc":{"start":{"line":57,"column":8},"end":{"line":57,"column":19}},"type":"binary-expr","locations":[{"start":{"line":57,"column":8},"end":{"line":57,"column":19}},{"start":{"line":57,"column":23},"end":{"line":57,"column":46}}]},"5":{"loc":{"start":{"line":60,"column":4},"end":{"line":75,"column":null}},"type":"if","locations":[{"start":{"line":60,"column":4},"end":{"line":75,"column":null}},{"start":{"line":60,"column":4},"end":{"line":75,"column":null}}]},"6":{"loc":{"start":{"line":60,"column":8},"end":{"line":60,"column":16}},"type":"binary-expr","locations":[{"start":{"line":60,"column":8},"end":{"line":60,"column":16}},{"start":{"line":60,"column":20},"end":{"line":60,"column":48}}]},"7":{"loc":{"start":{"line":61,"column":6},"end":{"line":64,"column":null}},"type":"if","locations":[{"start":{"line":61,"column":6},"end":{"line":64,"column":null}},{"start":{"line":61,"column":6},"end":{"line":64,"column":null}}]},"8":{"loc":{"start":{"line":68,"column":6},"end":{"line":71,"column":null}},"type":"if","locations":[{"start":{"line":68,"column":6},"end":{"line":71,"column":null}},{"start":{"line":68,"column":6},"end":{"line":71,"column":null}}]},"9":{"loc":{"start":{"line":72,"column":11},"end":{"line":75,"column":null}},"type":"if","locations":[{"start":{"line":72,"column":11},"end":{"line":75,"column":null}},{"start":{"line":72,"column":11},"end":{"line":75,"column":null}}]}},"s":{"0":1,"1":3,"2":3,"3":3,"4":3,"5":2,"6":1,"7":3,"8":0,"9":0,"10":0,"11":0,"12":0,"13":0,"14":3,"15":3,"16":2,"17":3,"18":3,"19":3,"20":1,"21":15,"22":0,"23":15,"24":36,"25":15,"26":4,"27":4,"28":11,"29":11,"30":2,"31":2,"32":21,"33":3,"34":3,"35":1},"f":{"0":3,"1":15,"2":36},"b":{"0":[2,1],"1":[1,1],"2":[0,3],"3":[0,15],"4":[15,15],"5":[15,21],"6":[36,27],"7":[4,11],"8":[2,9],"9":[3,18]}}
,"C:\\Users\\jtxys\\Documents\\ggvega\\src-ext\\Typescript\\ggvega\\src\\vlspec.ts": {"path":"C:\\Users\\jtxys\\Documents\\ggvega\\src-ext\\Typescript\\ggvega\\src\\vlspec.ts","statementMap":{"0":{"start":{"line":2,"column":0},"end":{"line":2,"column":62}},"1":{"start":{"line":11,"column":0},"end":{"line":15,"column":68}},"2":{"start":{"line":12,"column":4},"end":{"line":12,"column":31}},"3":{"start":{"line":13,"column":4},"end":{"line":13,"column":33}},"4":{"start":{"line":14,"column":4},"end":{"line":14,"column":33}},"5":{"start":{"line":26,"column":0},"end":{"line":29,"column":59}},"6":{"start":{"line":27,"column":4},"end":{"line":27,"column":36}},"7":{"start":{"line":28,"column":4},"end":{"line":28,"column":36}},"8":{"start":{"line":38,"column":0},"end":{"line":42,"column":71}},"9":{"start":{"line":39,"column":4},"end":{"line":39,"column":32}},"10":{"start":{"line":40,"column":4},"end":{"line":40,"column":34}},"11":{"start":{"line":41,"column":4},"end":{"line":41,"column":32}},"12":{"start":{"line":56,"column":0},"end":{"line":59,"column":65}},"13":{"start":{"line":57,"column":4},"end":{"line":57,"column":34}},"14":{"start":{"line":58,"column":4},"end":{"line":58,"column":32}},"15":{"start":{"line":68,"column":0},"end":{"line":74,"column":77}},"16":{"start":{"line":69,"column":4},"end":{"line":69,"column":34}},"17":{"start":{"line":70,"column":4},"end":{"line":70,"column":34}},"18":{"start":{"line":71,"column":4},"end":{"line":71,"column":36}},"19":{"start":{"line":72,"column":4},"end":{"line":72,"column":44}},"20":{"start":{"line":73,"column":4},"end":{"line":73,"column":34}},"21":{"start":{"line":96,"column":0},"end":{"line":119,"column":68}},"22":{"start":{"line":97,"column":4},"end":{"line":97,"column":37}},"23":{"start":{"line":98,"column":4},"end":{"line":98,"column":37}},"24":{"start":{"line":99,"column":4},"end":{"line":99,"column":39}},"25":{"start":{"line":100,"column":4},"end":{"line":100,"column":31}},"26":{"start":{"line":101,"column":4},"end":{"line":101,"column":31}},"27":{"start":{"line":102,"column":4},"end":{"line":102,"column":35}},"28":{"start":{"line":103,"column":4},"end":{"line":103,"column":41}},"29":{"start":{"line":104,"column":4},"end":{"line":104,"column":31}},"30":{"start":{"line":105,"column":4},"end":{"line":105,"column":33}},"31":{"start":{"line":106,"column":4},"end":{"line":106,"column":37}},"32":{"start":{"line":107,"column":4},"end":{"line":107,"column":31}},"33":{"start":{"line":108,"column":4},"end":{"line":108,"column":39}},"34":{"start":{"line":109,"column":4},"end":{"line":109,"column":29}},"35":{"start":{"line":110,"column":4},"end":{"line":110,"column":29}},"36":{"start":{"line":111,"column":4},"end":{"line":111,"column":37}},"37":{"start":{"line":112,"column":4},"end":{"line":112,"column":35}},"38":{"start":{"line":113,"column":4},"end":{"line":113,"column":37}},"39":{"start":{"line":114,"column":4},"end":{"line":114,"column":31}},"40":{"start":{"line":115,"column":4},"end":{"line":115,"column":35}},"41":{"start":{"line":116,"column":4},"end":{"line":116,"column":37}},"42":{"start":{"line":117,"column":4},"end":{"line":117,"column":41}},"43":{"start":{"line":118,"column":4},"end":{"line":118,"column":43}},"44":{"start":{"line":132,"column":0},"end":{"line":179,"column":59}},"45":{"start":{"line":133,"column":4},"end":{"line":133,"column":30}},"46":{"start":{"line":134,"column":4},"end":{"line":134,"column":28}},"47":{"start":{"line":135,"column":4},"end":{"line":135,"column":32}},"48":{"start":{"line":136,"column":4},"end":{"line":136,"column":46}},"49":{"start":{"line":137,"column":4},"end":{"line":137,"column":60}},"50":{"start":{"line":138,"column":4},"end":{"line":138,"column":46}},"51":{"start":{"line":139,"column":4},"end":{"line":139,"column":36}},"52":{"start":{"line":140,"column":4},"end":{"line":140,"column":50}},"53":{"start":{"line":141,"column":4},"end":{"line":141,"column":32}},"54":{"start":{"line":142,"column":4},"end":{"line":142,"column":40}},"55":{"start":{"line":143,"column":4},"end":{"line":143,"column":50}},"56":{"start":{"line":144,"column":4},"end":{"line":144,"column":36}},"57":{"start":{"line":145,"column":4},"end":{"line":145,"column":46}},"58":{"start":{"line":146,"column":4},"end":{"line":146,"column":36}},"59":{"start":{"line":147,"column":4},"end":{"line":147,"column":60}},"60":{"start":{"line":148,"column":4},"end":{"line":148,"column":36}},"61":{"start":{"line":149,"column":4},"end":{"line":149,"column":34}},"62":{"start":{"line":150,"column":4},"end":{"line":150,"column":38}},"63":{"start":{"line":151,"column":4},"end":{"line":151,"column":52}},"64":{"start":{"line":152,"column":4},"end":{"line":152,"column":66}},"65":{"start":{"line":153,"column":4},"end":{"line":153,"column":52}},"66":{"start":{"line":154,"column":4},"end":{"line":154,"column":42}},"67":{"start":{"line":155,"column":4},"end":{"line":155,"column":56}},"68":{"start":{"line":156,"column":4},"end":{"line":156,"column":38}},"69":{"start":{"line":157,"column":4},"end":{"line":157,"column":46}},"70":{"start":{"line":158,"column":4},"end":{"line":158,"column":56}},"71":{"start":{"line":159,"column":4},"end":{"line":159,"column":42}},"72":{"start":{"line":160,"column":4},"end":{"line":160,"column":52}},"73":{"start":{"line":161,"column":4},"end":{"line":161,"column":42}},"74":{"start":{"line":162,"column":4},"end":{"line":162,"column":66}},"75":{"start":{"line":163,"column":4},"end":{"line":163,"column":36}},"76":{"start":{"line":164,"column":4},"end":{"line":164,"column":46}},"77":{"start":{"line":165,"column":4},"end":{"line":165,"column":54}},"78":{"start":{"line":166,"column":4},"end":{"line":166,"column":64}},"79":{"start":{"line":167,"column":4},"end":{"line":167,"column":78}},"80":{"start":{"line":168,"column":4},"end":{"line":168,"column":92}},"81":{"start":{"line":169,"column":4},"end":{"line":169,"column":50}},"82":{"start":{"line":170,"column":4},"end":{"line":170,"column":60}},"83":{"start":{"line":171,"column":4},"end":{"line":171,"column":30}},"84":{"start":{"line":172,"column":4},"end":{"line":172,"column":40}},"85":{"start":{"line":173,"column":4},"end":{"line":173,"column":48}},"86":{"start":{"line":174,"column":4},"end":{"line":174,"column":58}},"87":{"start":{"line":175,"column":4},"end":{"line":175,"column":72}},"88":{"start":{"line":176,"column":4},"end":{"line":176,"column":86}},"89":{"start":{"line":177,"column":4},"end":{"line":177,"column":44}},"90":{"start":{"line":178,"column":4},"end":{"line":178,"column":54}},"91":{"start":{"line":181,"column":0},"end":{"line":185,"column":65}},"92":{"start":{"line":182,"column":4},"end":{"line":182,"column":36}},"93":{"start":{"line":183,"column":4},"end":{"line":183,"column":36}},"94":{"start":{"line":184,"column":4},"end":{"line":184,"column":30}},"95":{"start":{"line":227,"column":0},"end":{"line":230,"column":68}},"96":{"start":{"line":228,"column":4},"end":{"line":228,"column":45}},"97":{"start":{"line":229,"column":4},"end":{"line":229,"column":41}},"98":{"start":{"line":240,"column":0},"end":{"line":243,"column":65}},"99":{"start":{"line":241,"column":4},"end":{"line":241,"column":36}},"100":{"start":{"line":242,"column":4},"end":{"line":242,"column":32}},"101":{"start":{"line":263,"column":0},"end":{"line":267,"column":50}},"102":{"start":{"line":264,"column":4},"end":{"line":264,"column":31}},"103":{"start":{"line":265,"column":4},"end":{"line":265,"column":27}},"104":{"start":{"line":266,"column":4},"end":{"line":266,"column":29}},"105":{"start":{"line":295,"column":0},"end":{"line":300,"column":71}},"106":{"start":{"line":296,"column":4},"end":{"line":296,"column":46}},"107":{"start":{"line":297,"column":4},"end":{"line":297,"column":38}},"108":{"start":{"line":298,"column":4},"end":{"line":298,"column":38}},"109":{"start":{"line":299,"column":4},"end":{"line":299,"column":32}},"110":{"start":{"line":302,"column":0},"end":{"line":307,"column":77}},"111":{"start":{"line":303,"column":4},"end":{"line":303,"column":36}},"112":{"start":{"line":304,"column":4},"end":{"line":304,"column":40}},"113":{"start":{"line":305,"column":4},"end":{"line":305,"column":42}},"114":{"start":{"line":306,"column":4},"end":{"line":306,"column":40}},"115":{"start":{"line":309,"column":0},"end":{"line":312,"column":83}},"116":{"start":{"line":310,"column":4},"end":{"line":310,"column":42}},"117":{"start":{"line":311,"column":4},"end":{"line":311,"column":42}},"118":{"start":{"line":327,"column":0},"end":{"line":337,"column":71}},"119":{"start":{"line":328,"column":4},"end":{"line":328,"column":38}},"120":{"start":{"line":329,"column":4},"end":{"line":329,"column":47}},"121":{"start":{"line":330,"column":4},"end":{"line":330,"column":49}},"122":{"start":{"line":331,"column":4},"end":{"line":331,"column":34}},"123":{"start":{"line":332,"column":4},"end":{"line":332,"column":34}},"124":{"start":{"line":333,"column":4},"end":{"line":333,"column":36}},"125":{"start":{"line":334,"column":4},"end":{"line":334,"column":32}},"126":{"start":{"line":335,"column":4},"end":{"line":335,"column":41}},"127":{"start":{"line":336,"column":4},"end":{"line":336,"column":43}},"128":{"start":{"line":339,"column":0},"end":{"line":343,"column":68}},"129":{"start":{"line":340,"column":4},"end":{"line":340,"column":31}},"130":{"start":{"line":341,"column":4},"end":{"line":341,"column":37}},"131":{"start":{"line":342,"column":4},"end":{"line":342,"column":35}},"132":{"start":{"line":358,"column":0},"end":{"line":363,"column":53}},"133":{"start":{"line":359,"column":4},"end":{"line":359,"column":32}},"134":{"start":{"line":360,"column":4},"end":{"line":360,"column":28}},"135":{"start":{"line":361,"column":4},"end":{"line":361,"column":30}},"136":{"start":{"line":362,"column":4},"end":{"line":362,"column":26}},"137":{"start":{"line":372,"column":0},"end":{"line":375,"column":65}},"138":{"start":{"line":373,"column":4},"end":{"line":373,"column":40}},"139":{"start":{"line":374,"column":4},"end":{"line":374,"column":36}},"140":{"start":{"line":377,"column":0},"end":{"line":379,"column":53}},"141":{"start":{"line":378,"column":4},"end":{"line":378,"column":44}},"142":{"start":{"line":381,"column":0},"end":{"line":385,"column":113}},"143":{"start":{"line":382,"column":4},"end":{"line":382,"column":58}},"144":{"start":{"line":383,"column":4},"end":{"line":383,"column":67}},"145":{"start":{"line":384,"column":4},"end":{"line":384,"column":46}},"146":{"start":{"line":387,"column":0},"end":{"line":396,"column":83}},"147":{"start":{"line":388,"column":4},"end":{"line":388,"column":48}},"148":{"start":{"line":389,"column":4},"end":{"line":389,"column":57}},"149":{"start":{"line":390,"column":4},"end":{"line":390,"column":36}},"150":{"start":{"line":391,"column":4},"end":{"line":391,"column":45}},"151":{"start":{"line":392,"column":4},"end":{"line":392,"column":36}},"152":{"start":{"line":393,"column":4},"end":{"line":393,"column":45}},"153":{"start":{"line":394,"column":4},"end":{"line":394,"column":36}},"154":{"start":{"line":395,"column":4},"end":{"line":395,"column":36}},"155":{"start":{"line":398,"column":0},"end":{"line":406,"column":59}},"156":{"start":{"line":399,"column":4},"end":{"line":399,"column":28}},"157":{"start":{"line":400,"column":4},"end":{"line":400,"column":30}},"158":{"start":{"line":401,"column":4},"end":{"line":401,"column":34}},"159":{"start":{"line":402,"column":4},"end":{"line":402,"column":32}},"160":{"start":{"line":403,"column":4},"end":{"line":403,"column":34}},"161":{"start":{"line":404,"column":4},"end":{"line":404,"column":30}},"162":{"start":{"line":405,"column":4},"end":{"line":405,"column":30}},"163":{"start":{"line":438,"column":0},"end":{"line":453,"column":62}},"164":{"start":{"line":439,"column":4},"end":{"line":439,"column":31}},"165":{"start":{"line":440,"column":4},"end":{"line":440,"column":44}},"166":{"start":{"line":441,"column":4},"end":{"line":441,"column":35}},"167":{"start":{"line":442,"column":4},"end":{"line":442,"column":29}},"168":{"start":{"line":443,"column":4},"end":{"line":443,"column":37}},"169":{"start":{"line":444,"column":4},"end":{"line":444,"column":33}},"170":{"start":{"line":445,"column":4},"end":{"line":445,"column":29}},"171":{"start":{"line":446,"column":4},"end":{"line":446,"column":39}},"172":{"start":{"line":447,"column":4},"end":{"line":447,"column":39}},"173":{"start":{"line":448,"column":4},"end":{"line":448,"column":31}},"174":{"start":{"line":449,"column":4},"end":{"line":449,"column":35}},"175":{"start":{"line":450,"column":4},"end":{"line":450,"column":41}},"176":{"start":{"line":451,"column":4},"end":{"line":451,"column":31}},"177":{"start":{"line":452,"column":4},"end":{"line":452,"column":29}},"178":{"start":{"line":459,"column":0},"end":{"line":481,"column":95}},"179":{"start":{"line":460,"column":4},"end":{"line":460,"column":44}},"180":{"start":{"line":461,"column":4},"end":{"line":461,"column":42}},"181":{"start":{"line":462,"column":4},"end":{"line":462,"column":56}},"182":{"start":{"line":463,"column":4},"end":{"line":463,"column":42}},"183":{"start":{"line":464,"column":4},"end":{"line":464,"column":40}},"184":{"start":{"line":465,"column":4},"end":{"line":465,"column":50}},"185":{"start":{"line":466,"column":4},"end":{"line":466,"column":52}},"186":{"start":{"line":467,"column":4},"end":{"line":467,"column":52}},"187":{"start":{"line":468,"column":4},"end":{"line":468,"column":54}},"188":{"start":{"line":469,"column":4},"end":{"line":469,"column":48}},"189":{"start":{"line":470,"column":4},"end":{"line":470,"column":44}},"190":{"start":{"line":471,"column":4},"end":{"line":471,"column":42}},"191":{"start":{"line":472,"column":4},"end":{"line":472,"column":46}},"192":{"start":{"line":473,"column":4},"end":{"line":473,"column":60}},"193":{"start":{"line":474,"column":4},"end":{"line":474,"column":56}},"194":{"start":{"line":475,"column":4},"end":{"line":475,"column":42}},"195":{"start":{"line":476,"column":4},"end":{"line":476,"column":48}},"196":{"start":{"line":477,"column":4},"end":{"line":477,"column":36}},"197":{"start":{"line":478,"column":4},"end":{"line":478,"column":38}},"198":{"start":{"line":479,"column":4},"end":{"line":479,"column":36}},"199":{"start":{"line":480,"column":4},"end":{"line":480,"column":38}},"200":{"start":{"line":486,"column":0},"end":{"line":489,"column":62}},"201":{"start":{"line":487,"column":4},"end":{"line":487,"column":41}},"202":{"start":{"line":488,"column":4},"end":{"line":488,"column":43}},"203":{"start":{"line":522,"column":0},"end":{"line":527,"column":71}},"204":{"start":{"line":523,"column":4},"end":{"line":523,"column":40}},"205":{"start":{"line":524,"column":4},"end":{"line":524,"column":40}},"206":{"start":{"line":525,"column":4},"end":{"line":525,"column":50}},"207":{"start":{"line":526,"column":4},"end":{"line":526,"column":42}},"208":{"start":{"line":529,"column":0},"end":{"line":531,"column":56}},"209":{"start":{"line":530,"column":4},"end":{"line":530,"column":33}},"210":{"start":{"line":564,"column":0},"end":{"line":566,"column":71}},"211":{"start":{"line":565,"column":4},"end":{"line":565,"column":50}},"212":{"start":{"line":599,"column":0},"end":{"line":603,"column":71}},"213":{"start":{"line":600,"column":4},"end":{"line":600,"column":40}},"214":{"start":{"line":601,"column":4},"end":{"line":601,"column":40}},"215":{"start":{"line":602,"column":4},"end":{"line":602,"column":40}},"216":{"start":{"line":611,"column":0},"end":{"line":617,"column":71}},"217":{"start":{"line":612,"column":4},"end":{"line":612,"column":32}},"218":{"start":{"line":613,"column":4},"end":{"line":613,"column":34}},"219":{"start":{"line":614,"column":4},"end":{"line":614,"column":38}},"220":{"start":{"line":615,"column":4},"end":{"line":615,"column":32}},"221":{"start":{"line":616,"column":4},"end":{"line":616,"column":36}},"222":{"start":{"line":625,"column":0},"end":{"line":629,"column":68}},"223":{"start":{"line":626,"column":4},"end":{"line":626,"column":37}},"224":{"start":{"line":627,"column":4},"end":{"line":627,"column":43}},"225":{"start":{"line":628,"column":4},"end":{"line":628,"column":33}},"226":{"start":{"line":631,"column":0},"end":{"line":633,"column":68}},"227":{"start":{"line":632,"column":4},"end":{"line":632,"column":35}},"228":{"start":{"line":635,"column":0},"end":{"line":637,"column":68}},"229":{"start":{"line":636,"column":4},"end":{"line":636,"column":37}},"230":{"start":{"line":643,"column":0},"end":{"line":680,"column":53}},"231":{"start":{"line":644,"column":4},"end":{"line":644,"column":30}},"232":{"start":{"line":645,"column":4},"end":{"line":645,"column":39}},"233":{"start":{"line":646,"column":4},"end":{"line":646,"column":28}},"234":{"start":{"line":647,"column":4},"end":{"line":647,"column":28}},"235":{"start":{"line":648,"column":4},"end":{"line":648,"column":39}},"236":{"start":{"line":649,"column":4},"end":{"line":649,"column":43}},"237":{"start":{"line":650,"column":4},"end":{"line":650,"column":28}},"238":{"start":{"line":651,"column":4},"end":{"line":651,"column":38}},"239":{"start":{"line":652,"column":4},"end":{"line":652,"column":34}},"240":{"start":{"line":653,"column":4},"end":{"line":653,"column":35}},"241":{"start":{"line":654,"column":4},"end":{"line":654,"column":37}},"242":{"start":{"line":655,"column":4},"end":{"line":655,"column":28}},"243":{"start":{"line":656,"column":4},"end":{"line":656,"column":36}},"244":{"start":{"line":657,"column":4},"end":{"line":657,"column":28}},"245":{"start":{"line":658,"column":4},"end":{"line":658,"column":28}},"246":{"start":{"line":659,"column":4},"end":{"line":659,"column":35}},"247":{"start":{"line":660,"column":4},"end":{"line":660,"column":37}},"248":{"start":{"line":661,"column":4},"end":{"line":661,"column":41}},"249":{"start":{"line":662,"column":4},"end":{"line":662,"column":33}},"250":{"start":{"line":663,"column":4},"end":{"line":663,"column":28}},"251":{"start":{"line":664,"column":4},"end":{"line":664,"column":41}},"252":{"start":{"line":665,"column":4},"end":{"line":665,"column":37}},"253":{"start":{"line":666,"column":4},"end":{"line":666,"column":37}},"254":{"start":{"line":667,"column":4},"end":{"line":667,"column":41}},"255":{"start":{"line":668,"column":4},"end":{"line":668,"column":34}},"256":{"start":{"line":669,"column":4},"end":{"line":669,"column":36}},"257":{"start":{"line":670,"column":4},"end":{"line":670,"column":39}},"258":{"start":{"line":671,"column":4},"end":{"line":671,"column":35}},"259":{"start":{"line":672,"column":4},"end":{"line":672,"column":37}},"260":{"start":{"line":673,"column":4},"end":{"line":673,"column":37}},"261":{"start":{"line":674,"column":4},"end":{"line":674,"column":28}},"262":{"start":{"line":675,"column":4},"end":{"line":675,"column":45}},"263":{"start":{"line":676,"column":4},"end":{"line":676,"column":35}},"264":{"start":{"line":677,"column":4},"end":{"line":677,"column":28}},"265":{"start":{"line":678,"column":4},"end":{"line":678,"column":33}},"266":{"start":{"line":679,"column":4},"end":{"line":679,"column":35}},"267":{"start":{"line":688,"column":0},"end":{"line":691,"column":44}},"268":{"start":{"line":689,"column":4},"end":{"line":689,"column":23}},"269":{"start":{"line":690,"column":4},"end":{"line":690,"column":23}},"270":{"start":{"line":734,"column":0},"end":{"line":748,"column":68}},"271":{"start":{"line":735,"column":4},"end":{"line":735,"column":35}},"272":{"start":{"line":736,"column":4},"end":{"line":736,"column":48}},"273":{"start":{"line":737,"column":4},"end":{"line":737,"column":44}},"274":{"start":{"line":738,"column":4},"end":{"line":738,"column":37}},"275":{"start":{"line":739,"column":4},"end":{"line":739,"column":41}},"276":{"start":{"line":740,"column":4},"end":{"line":740,"column":54}},"277":{"start":{"line":741,"column":4},"end":{"line":741,"column":50}},"278":{"start":{"line":742,"column":4},"end":{"line":742,"column":37}},"279":{"start":{"line":743,"column":4},"end":{"line":743,"column":50}},"280":{"start":{"line":744,"column":4},"end":{"line":744,"column":41}},"281":{"start":{"line":745,"column":4},"end":{"line":745,"column":33}},"282":{"start":{"line":746,"column":4},"end":{"line":746,"column":44}},"283":{"start":{"line":747,"column":4},"end":{"line":747,"column":46}},"284":{"start":{"line":755,"column":0},"end":{"line":759,"column":62}},"285":{"start":{"line":756,"column":4},"end":{"line":756,"column":31}},"286":{"start":{"line":757,"column":4},"end":{"line":757,"column":33}},"287":{"start":{"line":758,"column":4},"end":{"line":758,"column":35}},"288":{"start":{"line":766,"column":0},"end":{"line":770,"column":65}},"289":{"start":{"line":767,"column":4},"end":{"line":767,"column":34}},"290":{"start":{"line":768,"column":4},"end":{"line":768,"column":34}},"291":{"start":{"line":769,"column":4},"end":{"line":769,"column":34}},"292":{"start":{"line":772,"column":0},"end":{"line":775,"column":56}},"293":{"start":{"line":773,"column":4},"end":{"line":773,"column":29}},"294":{"start":{"line":774,"column":4},"end":{"line":774,"column":37}},"295":{"start":{"line":798,"column":0},"end":{"line":804,"column":71}},"296":{"start":{"line":799,"column":4},"end":{"line":799,"column":30}},"297":{"start":{"line":800,"column":4},"end":{"line":800,"column":32}},"298":{"start":{"line":801,"column":4},"end":{"line":801,"column":39}},"299":{"start":{"line":802,"column":4},"end":{"line":802,"column":38}},"300":{"start":{"line":803,"column":4},"end":{"line":803,"column":36}},"301":{"start":{"line":806,"column":0},"end":{"line":808,"column":62}},"302":{"start":{"line":807,"column":4},"end":{"line":807,"column":45}},"303":{"start":{"line":818,"column":0},"end":{"line":834,"column":47}},"304":{"start":{"line":819,"column":4},"end":{"line":819,"column":26}},"305":{"start":{"line":820,"column":4},"end":{"line":820,"column":24}},"306":{"start":{"line":821,"column":4},"end":{"line":821,"column":32}},"307":{"start":{"line":822,"column":4},"end":{"line":822,"column":30}},"308":{"start":{"line":823,"column":4},"end":{"line":823,"column":36}},"309":{"start":{"line":824,"column":4},"end":{"line":824,"column":34}},"310":{"start":{"line":825,"column":4},"end":{"line":825,"column":34}},"311":{"start":{"line":826,"column":4},"end":{"line":826,"column":26}},"312":{"start":{"line":827,"column":4},"end":{"line":827,"column":28}},"313":{"start":{"line":828,"column":4},"end":{"line":828,"column":26}},"314":{"start":{"line":829,"column":4},"end":{"line":829,"column":26}},"315":{"start":{"line":830,"column":4},"end":{"line":830,"column":30}},"316":{"start":{"line":831,"column":4},"end":{"line":831,"column":26}},"317":{"start":{"line":832,"column":4},"end":{"line":832,"column":26}},"318":{"start":{"line":833,"column":4},"end":{"line":833,"column":28}},"319":{"start":{"line":844,"column":0},"end":{"line":859,"column":77}},"320":{"start":{"line":845,"column":4},"end":{"line":845,"column":40}},"321":{"start":{"line":846,"column":4},"end":{"line":846,"column":46}},"322":{"start":{"line":847,"column":4},"end":{"line":847,"column":64}},"323":{"start":{"line":848,"column":4},"end":{"line":848,"column":68}},"324":{"start":{"line":849,"column":4},"end":{"line":849,"column":56}},"325":{"start":{"line":850,"column":4},"end":{"line":850,"column":56}},"326":{"start":{"line":851,"column":4},"end":{"line":851,"column":60}},"327":{"start":{"line":852,"column":4},"end":{"line":852,"column":58}},"328":{"start":{"line":853,"column":4},"end":{"line":853,"column":44}},"329":{"start":{"line":854,"column":4},"end":{"line":854,"column":44}},"330":{"start":{"line":855,"column":4},"end":{"line":855,"column":44}},"331":{"start":{"line":856,"column":4},"end":{"line":856,"column":52}},"332":{"start":{"line":857,"column":4},"end":{"line":857,"column":54}},"333":{"start":{"line":858,"column":4},"end":{"line":858,"column":64}},"334":{"start":{"line":861,"column":0},"end":{"line":864,"column":68}},"335":{"start":{"line":862,"column":4},"end":{"line":862,"column":47}},"336":{"start":{"line":863,"column":4},"end":{"line":863,"column":37}},"337":{"start":{"line":871,"column":0},"end":{"line":873,"column":59}},"338":{"start":{"line":872,"column":4},"end":{"line":872,"column":34}},"339":{"start":{"line":879,"column":0},"end":{"line":882,"column":50}},"340":{"start":{"line":880,"column":4},"end":{"line":880,"column":25}},"341":{"start":{"line":881,"column":4},"end":{"line":881,"column":27}},"342":{"start":{"line":889,"column":0},"end":{"line":893,"column":92}},"343":{"start":{"line":890,"column":4},"end":{"line":890,"column":45}},"344":{"start":{"line":891,"column":4},"end":{"line":891,"column":51}},"345":{"start":{"line":892,"column":4},"end":{"line":892,"column":43}},"346":{"start":{"line":895,"column":0},"end":{"line":899,"column":83}},"347":{"start":{"line":896,"column":4},"end":{"line":896,"column":46}},"348":{"start":{"line":897,"column":4},"end":{"line":897,"column":40}},"349":{"start":{"line":898,"column":4},"end":{"line":898,"column":42}},"350":{"start":{"line":905,"column":0},"end":{"line":908,"column":65}},"351":{"start":{"line":906,"column":4},"end":{"line":906,"column":36}},"352":{"start":{"line":907,"column":4},"end":{"line":907,"column":34}},"353":{"start":{"line":913,"column":0},"end":{"line":919,"column":68}},"354":{"start":{"line":914,"column":4},"end":{"line":914,"column":37}},"355":{"start":{"line":915,"column":4},"end":{"line":915,"column":33}},"356":{"start":{"line":916,"column":4},"end":{"line":916,"column":33}},"357":{"start":{"line":917,"column":4},"end":{"line":917,"column":35}},"358":{"start":{"line":918,"column":4},"end":{"line":918,"column":31}},"359":{"start":{"line":945,"column":0},"end":{"line":979,"column":41}},"360":{"start":{"line":946,"column":4},"end":{"line":946,"column":28}},"361":{"start":{"line":947,"column":4},"end":{"line":947,"column":28}},"362":{"start":{"line":948,"column":4},"end":{"line":948,"column":30}},"363":{"start":{"line":949,"column":4},"end":{"line":949,"column":22}},"364":{"start":{"line":950,"column":4},"end":{"line":950,"column":22}},"365":{"start":{"line":951,"column":4},"end":{"line":951,"column":26}},"366":{"start":{"line":952,"column":4},"end":{"line":952,"column":33}},"367":{"start":{"line":953,"column":4},"end":{"line":953,"column":35}},"368":{"start":{"line":954,"column":4},"end":{"line":954,"column":32}},"369":{"start":{"line":955,"column":4},"end":{"line":955,"column":37}},"370":{"start":{"line":956,"column":4},"end":{"line":956,"column":22}},"371":{"start":{"line":957,"column":4},"end":{"line":957,"column":35}},"372":{"start":{"line":958,"column":4},"end":{"line":958,"column":24}},"373":{"start":{"line":959,"column":4},"end":{"line":959,"column":22}},"374":{"start":{"line":960,"column":4},"end":{"line":960,"column":24}},"375":{"start":{"line":961,"column":4},"end":{"line":961,"column":28}},"376":{"start":{"line":962,"column":4},"end":{"line":962,"column":22}},"377":{"start":{"line":963,"column":4},"end":{"line":963,"column":30}},"378":{"start":{"line":964,"column":4},"end":{"line":964,"column":33}},"379":{"start":{"line":965,"column":4},"end":{"line":965,"column":26}},"380":{"start":{"line":966,"column":4},"end":{"line":966,"column":39}},"381":{"start":{"line":967,"column":4},"end":{"line":967,"column":20}},"382":{"start":{"line":968,"column":4},"end":{"line":968,"column":20}},"383":{"start":{"line":969,"column":4},"end":{"line":969,"column":24}},"384":{"start":{"line":970,"column":4},"end":{"line":970,"column":35}},"385":{"start":{"line":971,"column":4},"end":{"line":971,"column":28}},"386":{"start":{"line":972,"column":4},"end":{"line":972,"column":26}},"387":{"start":{"line":973,"column":4},"end":{"line":973,"column":28}},"388":{"start":{"line":974,"column":4},"end":{"line":974,"column":22}},"389":{"start":{"line":975,"column":4},"end":{"line":975,"column":26}},"390":{"start":{"line":976,"column":4},"end":{"line":976,"column":28}},"391":{"start":{"line":977,"column":4},"end":{"line":977,"column":32}},"392":{"start":{"line":978,"column":4},"end":{"line":978,"column":34}},"393":{"start":{"line":981,"column":0},"end":{"line":983,"column":65}},"394":{"start":{"line":982,"column":4},"end":{"line":982,"column":37}},"395":{"start":{"line":1006,"column":0},"end":{"line":1011,"column":80}},"396":{"start":{"line":1007,"column":4},"end":{"line":1007,"column":33}},"397":{"start":{"line":1008,"column":4},"end":{"line":1008,"column":35}},"398":{"start":{"line":1009,"column":4},"end":{"line":1009,"column":41}},"399":{"start":{"line":1010,"column":4},"end":{"line":1010,"column":39}},"400":{"start":{"line":1022,"column":0},"end":{"line":1026,"column":65}},"401":{"start":{"line":1023,"column":4},"end":{"line":1023,"column":44}},"402":{"start":{"line":1024,"column":4},"end":{"line":1024,"column":34}},"403":{"start":{"line":1025,"column":4},"end":{"line":1025,"column":36}},"404":{"start":{"line":1028,"column":0},"end":{"line":1030,"column":74}},"405":{"start":{"line":1029,"column":4},"end":{"line":1029,"column":39}}},"fnMap":{"0":{"name":"(anonymous_0)","decl":{"start":{"line":11,"column":1},"end":{"line":11,"column":2}},"loc":{"start":{"line":11,"column":24},"end":{"line":15,"column":1}},"line":11},"1":{"name":"(anonymous_1)","decl":{"start":{"line":26,"column":1},"end":{"line":26,"column":2}},"loc":{"start":{"line":26,"column":21},"end":{"line":29,"column":1}},"line":26},"2":{"name":"(anonymous_2)","decl":{"start":{"line":38,"column":1},"end":{"line":38,"column":2}},"loc":{"start":{"line":38,"column":25},"end":{"line":42,"column":1}},"line":38},"3":{"name":"(anonymous_3)","decl":{"start":{"line":56,"column":1},"end":{"line":56,"column":2}},"loc":{"start":{"line":56,"column":23},"end":{"line":59,"column":1}},"line":56},"4":{"name":"(anonymous_4)","decl":{"start":{"line":68,"column":1},"end":{"line":68,"column":2}},"loc":{"start":{"line":68,"column":27},"end":{"line":74,"column":1}},"line":68},"5":{"name":"(anonymous_5)","decl":{"start":{"line":96,"column":1},"end":{"line":96,"column":2}},"loc":{"start":{"line":96,"column":24},"end":{"line":119,"column":1}},"line":96},"6":{"name":"(anonymous_6)","decl":{"start":{"line":132,"column":1},"end":{"line":132,"column":2}},"loc":{"start":{"line":132,"column":21},"end":{"line":179,"column":1}},"line":132},"7":{"name":"(anonymous_7)","decl":{"start":{"line":181,"column":1},"end":{"line":181,"column":2}},"loc":{"start":{"line":181,"column":23},"end":{"line":185,"column":1}},"line":181},"8":{"name":"(anonymous_8)","decl":{"start":{"line":227,"column":1},"end":{"line":227,"column":2}},"loc":{"start":{"line":227,"column":24},"end":{"line":230,"column":1}},"line":227},"9":{"name":"(anonymous_9)","decl":{"start":{"line":240,"column":1},"end":{"line":240,"column":2}},"loc":{"start":{"line":240,"column":23},"end":{"line":243,"column":1}},"line":240},"10":{"name":"(anonymous_10)","decl":{"start":{"line":263,"column":1},"end":{"line":263,"column":2}},"loc":{"start":{"line":263,"column":18},"end":{"line":267,"column":1}},"line":263},"11":{"name":"(anonymous_11)","decl":{"start":{"line":295,"column":1},"end":{"line":295,"column":2}},"loc":{"start":{"line":295,"column":25},"end":{"line":300,"column":1}},"line":295},"12":{"name":"(anonymous_12)","decl":{"start":{"line":302,"column":1},"end":{"line":302,"column":2}},"loc":{"start":{"line":302,"column":27},"end":{"line":307,"column":1}},"line":302},"13":{"name":"(anonymous_13)","decl":{"start":{"line":309,"column":1},"end":{"line":309,"column":2}},"loc":{"start":{"line":309,"column":29},"end":{"line":312,"column":1}},"line":309},"14":{"name":"(anonymous_14)","decl":{"start":{"line":327,"column":1},"end":{"line":327,"column":2}},"loc":{"start":{"line":327,"column":25},"end":{"line":337,"column":1}},"line":327},"15":{"name":"(anonymous_15)","decl":{"start":{"line":339,"column":1},"end":{"line":339,"column":2}},"loc":{"start":{"line":339,"column":24},"end":{"line":343,"column":1}},"line":339},"16":{"name":"(anonymous_16)","decl":{"start":{"line":358,"column":1},"end":{"line":358,"column":2}},"loc":{"start":{"line":358,"column":19},"end":{"line":363,"column":1}},"line":358},"17":{"name":"(anonymous_17)","decl":{"start":{"line":372,"column":1},"end":{"line":372,"column":2}},"loc":{"start":{"line":372,"column":23},"end":{"line":375,"column":1}},"line":372},"18":{"name":"(anonymous_18)","decl":{"start":{"line":377,"column":1},"end":{"line":377,"column":2}},"loc":{"start":{"line":377,"column":19},"end":{"line":379,"column":1}},"line":377},"19":{"name":"(anonymous_19)","decl":{"start":{"line":381,"column":1},"end":{"line":381,"column":2}},"loc":{"start":{"line":381,"column":39},"end":{"line":385,"column":1}},"line":381},"20":{"name":"(anonymous_20)","decl":{"start":{"line":387,"column":1},"end":{"line":387,"column":2}},"loc":{"start":{"line":387,"column":29},"end":{"line":396,"column":1}},"line":387},"21":{"name":"(anonymous_21)","decl":{"start":{"line":398,"column":1},"end":{"line":398,"column":2}},"loc":{"start":{"line":398,"column":21},"end":{"line":406,"column":1}},"line":398},"22":{"name":"(anonymous_22)","decl":{"start":{"line":438,"column":1},"end":{"line":438,"column":2}},"loc":{"start":{"line":438,"column":22},"end":{"line":453,"column":1}},"line":438},"23":{"name":"(anonymous_23)","decl":{"start":{"line":459,"column":1},"end":{"line":459,"column":2}},"loc":{"start":{"line":459,"column":33},"end":{"line":481,"column":1}},"line":459},"24":{"name":"(anonymous_24)","decl":{"start":{"line":486,"column":1},"end":{"line":486,"column":2}},"loc":{"start":{"line":486,"column":22},"end":{"line":489,"column":1}},"line":486},"25":{"name":"(anonymous_25)","decl":{"start":{"line":522,"column":1},"end":{"line":522,"column":2}},"loc":{"start":{"line":522,"column":25},"end":{"line":527,"column":1}},"line":522},"26":{"name":"(anonymous_26)","decl":{"start":{"line":529,"column":1},"end":{"line":529,"column":2}},"loc":{"start":{"line":529,"column":20},"end":{"line":531,"column":1}},"line":529},"27":{"name":"(anonymous_27)","decl":{"start":{"line":564,"column":1},"end":{"line":564,"column":2}},"loc":{"start":{"line":564,"column":25},"end":{"line":566,"column":1}},"line":564},"28":{"name":"(anonymous_28)","decl":{"start":{"line":599,"column":1},"end":{"line":599,"column":2}},"loc":{"start":{"line":599,"column":25},"end":{"line":603,"column":1}},"line":599},"29":{"name":"(anonymous_29)","decl":{"start":{"line":611,"column":1},"end":{"line":611,"column":2}},"loc":{"start":{"line":611,"column":25},"end":{"line":617,"column":1}},"line":611},"30":{"name":"(anonymous_30)","decl":{"start":{"line":625,"column":1},"end":{"line":625,"column":2}},"loc":{"start":{"line":625,"column":24},"end":{"line":629,"column":1}},"line":625},"31":{"name":"(anonymous_31)","decl":{"start":{"line":631,"column":1},"end":{"line":631,"column":2}},"loc":{"start":{"line":631,"column":24},"end":{"line":633,"column":1}},"line":631},"32":{"name":"(anonymous_32)","decl":{"start":{"line":635,"column":1},"end":{"line":635,"column":2}},"loc":{"start":{"line":635,"column":24},"end":{"line":637,"column":1}},"line":635},"33":{"name":"(anonymous_33)","decl":{"start":{"line":643,"column":1},"end":{"line":643,"column":2}},"loc":{"start":{"line":643,"column":19},"end":{"line":680,"column":1}},"line":643},"34":{"name":"(anonymous_34)","decl":{"start":{"line":688,"column":1},"end":{"line":688,"column":2}},"loc":{"start":{"line":688,"column":16},"end":{"line":691,"column":1}},"line":688},"35":{"name":"(anonymous_35)","decl":{"start":{"line":734,"column":1},"end":{"line":734,"column":2}},"loc":{"start":{"line":734,"column":24},"end":{"line":748,"column":1}},"line":734},"36":{"name":"(anonymous_36)","decl":{"start":{"line":755,"column":1},"end":{"line":755,"column":2}},"loc":{"start":{"line":755,"column":22},"end":{"line":759,"column":1}},"line":755},"37":{"name":"(anonymous_37)","decl":{"start":{"line":766,"column":1},"end":{"line":766,"column":2}},"loc":{"start":{"line":766,"column":23},"end":{"line":770,"column":1}},"line":766},"38":{"name":"(anonymous_38)","decl":{"start":{"line":772,"column":1},"end":{"line":772,"column":2}},"loc":{"start":{"line":772,"column":20},"end":{"line":775,"column":1}},"line":772},"39":{"name":"(anonymous_39)","decl":{"start":{"line":798,"column":1},"end":{"line":798,"column":2}},"loc":{"start":{"line":798,"column":25},"end":{"line":804,"column":1}},"line":798},"40":{"name":"(anonymous_40)","decl":{"start":{"line":806,"column":1},"end":{"line":806,"column":2}},"loc":{"start":{"line":806,"column":22},"end":{"line":808,"column":1}},"line":806},"41":{"name":"(anonymous_41)","decl":{"start":{"line":818,"column":1},"end":{"line":818,"column":2}},"loc":{"start":{"line":818,"column":17},"end":{"line":834,"column":1}},"line":818},"42":{"name":"(anonymous_42)","decl":{"start":{"line":844,"column":1},"end":{"line":844,"column":2}},"loc":{"start":{"line":844,"column":27},"end":{"line":859,"column":1}},"line":844},"43":{"name":"(anonymous_43)","decl":{"start":{"line":861,"column":1},"end":{"line":861,"column":2}},"loc":{"start":{"line":861,"column":24},"end":{"line":864,"column":1}},"line":861},"44":{"name":"(anonymous_44)","decl":{"start":{"line":871,"column":1},"end":{"line":871,"column":2}},"loc":{"start":{"line":871,"column":21},"end":{"line":873,"column":1}},"line":871},"45":{"name":"(anonymous_45)","decl":{"start":{"line":879,"column":1},"end":{"line":879,"column":2}},"loc":{"start":{"line":879,"column":18},"end":{"line":882,"column":1}},"line":879},"46":{"name":"(anonymous_46)","decl":{"start":{"line":889,"column":1},"end":{"line":889,"column":2}},"loc":{"start":{"line":889,"column":32},"end":{"line":893,"column":1}},"line":889},"47":{"name":"(anonymous_47)","decl":{"start":{"line":895,"column":1},"end":{"line":895,"column":2}},"loc":{"start":{"line":895,"column":29},"end":{"line":899,"column":1}},"line":895},"48":{"name":"(anonymous_48)","decl":{"start":{"line":905,"column":1},"end":{"line":905,"column":2}},"loc":{"start":{"line":905,"column":23},"end":{"line":908,"column":1}},"line":905},"49":{"name":"(anonymous_49)","decl":{"start":{"line":913,"column":1},"end":{"line":913,"column":2}},"loc":{"start":{"line":913,"column":24},"end":{"line":919,"column":1}},"line":913},"50":{"name":"(anonymous_50)","decl":{"start":{"line":945,"column":1},"end":{"line":945,"column":2}},"loc":{"start":{"line":945,"column":15},"end":{"line":979,"column":1}},"line":945},"51":{"name":"(anonymous_51)","decl":{"start":{"line":981,"column":1},"end":{"line":981,"column":2}},"loc":{"start":{"line":981,"column":23},"end":{"line":983,"column":1}},"line":981},"52":{"name":"(anonymous_52)","decl":{"start":{"line":1006,"column":1},"end":{"line":1006,"column":2}},"loc":{"start":{"line":1006,"column":28},"end":{"line":1011,"column":1}},"line":1006},"53":{"name":"(anonymous_53)","decl":{"start":{"line":1022,"column":1},"end":{"line":1022,"column":2}},"loc":{"start":{"line":1022,"column":23},"end":{"line":1026,"column":1}},"line":1022},"54":{"name":"(anonymous_54)","decl":{"start":{"line":1028,"column":1},"end":{"line":1028,"column":2}},"loc":{"start":{"line":1028,"column":26},"end":{"line":1030,"column":1}},"line":1028}},"branchMap":{"0":{"loc":{"start":{"line":15,"column":17},"end":{"line":15,"column":66}},"type":"binary-expr","locations":[{"start":{"line":15,"column":17},"end":{"line":15,"column":36}},{"start":{"line":15,"column":41},"end":{"line":15,"column":65}}],"line":15},"1":{"loc":{"start":{"line":29,"column":14},"end":{"line":29,"column":57}},"type":"binary-expr","locations":[{"start":{"line":29,"column":14},"end":{"line":29,"column":30}},{"start":{"line":29,"column":35},"end":{"line":29,"column":56}}],"line":29},"2":{"loc":{"start":{"line":42,"column":18},"end":{"line":42,"column":69}},"type":"binary-expr","locations":[{"start":{"line":42,"column":18},"end":{"line":42,"column":38}},{"start":{"line":42,"column":43},"end":{"line":42,"column":68}}],"line":42},"3":{"loc":{"start":{"line":59,"column":16},"end":{"line":59,"column":63}},"type":"binary-expr","locations":[{"start":{"line":59,"column":16},"end":{"line":59,"column":34}},{"start":{"line":59,"column":39},"end":{"line":59,"column":62}}],"line":59},"4":{"loc":{"start":{"line":74,"column":20},"end":{"line":74,"column":75}},"type":"binary-expr","locations":[{"start":{"line":74,"column":20},"end":{"line":74,"column":42}},{"start":{"line":74,"column":47},"end":{"line":74,"column":74}}],"line":74},"5":{"loc":{"start":{"line":119,"column":17},"end":{"line":119,"column":66}},"type":"binary-expr","locations":[{"start":{"line":119,"column":17},"end":{"line":119,"column":36}},{"start":{"line":119,"column":41},"end":{"line":119,"column":65}}],"line":119},"6":{"loc":{"start":{"line":179,"column":14},"end":{"line":179,"column":57}},"type":"binary-expr","locations":[{"start":{"line":179,"column":14},"end":{"line":179,"column":30}},{"start":{"line":179,"column":35},"end":{"line":179,"column":56}}],"line":179},"7":{"loc":{"start":{"line":185,"column":16},"end":{"line":185,"column":63}},"type":"binary-expr","locations":[{"start":{"line":185,"column":16},"end":{"line":185,"column":34}},{"start":{"line":185,"column":39},"end":{"line":185,"column":62}}],"line":185},"8":{"loc":{"start":{"line":230,"column":17},"end":{"line":230,"column":66}},"type":"binary-expr","locations":[{"start":{"line":230,"column":17},"end":{"line":230,"column":36}},{"start":{"line":230,"column":41},"end":{"line":230,"column":65}}],"line":230},"9":{"loc":{"start":{"line":243,"column":16},"end":{"line":243,"column":63}},"type":"binary-expr","locations":[{"start":{"line":243,"column":16},"end":{"line":243,"column":34}},{"start":{"line":243,"column":39},"end":{"line":243,"column":62}}],"line":243},"10":{"loc":{"start":{"line":267,"column":11},"end":{"line":267,"column":48}},"type":"binary-expr","locations":[{"start":{"line":267,"column":11},"end":{"line":267,"column":24}},{"start":{"line":267,"column":29},"end":{"line":267,"column":47}}],"line":267},"11":{"loc":{"start":{"line":300,"column":18},"end":{"line":300,"column":69}},"type":"binary-expr","locations":[{"start":{"line":300,"column":18},"end":{"line":300,"column":38}},{"start":{"line":300,"column":43},"end":{"line":300,"column":68}}],"line":300},"12":{"loc":{"start":{"line":307,"column":20},"end":{"line":307,"column":75}},"type":"binary-expr","locations":[{"start":{"line":307,"column":20},"end":{"line":307,"column":42}},{"start":{"line":307,"column":47},"end":{"line":307,"column":74}}],"line":307},"13":{"loc":{"start":{"line":312,"column":22},"end":{"line":312,"column":81}},"type":"binary-expr","locations":[{"start":{"line":312,"column":22},"end":{"line":312,"column":46}},{"start":{"line":312,"column":51},"end":{"line":312,"column":80}}],"line":312},"14":{"loc":{"start":{"line":337,"column":18},"end":{"line":337,"column":69}},"type":"binary-expr","locations":[{"start":{"line":337,"column":18},"end":{"line":337,"column":38}},{"start":{"line":337,"column":43},"end":{"line":337,"column":68}}],"line":337},"15":{"loc":{"start":{"line":343,"column":17},"end":{"line":343,"column":66}},"type":"binary-expr","locations":[{"start":{"line":343,"column":17},"end":{"line":343,"column":36}},{"start":{"line":343,"column":41},"end":{"line":343,"column":65}}],"line":343},"16":{"loc":{"start":{"line":363,"column":12},"end":{"line":363,"column":51}},"type":"binary-expr","locations":[{"start":{"line":363,"column":12},"end":{"line":363,"column":26}},{"start":{"line":363,"column":31},"end":{"line":363,"column":50}}],"line":363},"17":{"loc":{"start":{"line":375,"column":16},"end":{"line":375,"column":63}},"type":"binary-expr","locations":[{"start":{"line":375,"column":16},"end":{"line":375,"column":34}},{"start":{"line":375,"column":39},"end":{"line":375,"column":62}}],"line":375},"18":{"loc":{"start":{"line":379,"column":12},"end":{"line":379,"column":51}},"type":"binary-expr","locations":[{"start":{"line":379,"column":12},"end":{"line":379,"column":26}},{"start":{"line":379,"column":31},"end":{"line":379,"column":50}}],"line":379},"19":{"loc":{"start":{"line":385,"column":32},"end":{"line":385,"column":111}},"type":"binary-expr","locations":[{"start":{"line":385,"column":32},"end":{"line":385,"column":66}},{"start":{"line":385,"column":71},"end":{"line":385,"column":110}}],"line":385},"20":{"loc":{"start":{"line":396,"column":22},"end":{"line":396,"column":81}},"type":"binary-expr","locations":[{"start":{"line":396,"column":22},"end":{"line":396,"column":46}},{"start":{"line":396,"column":51},"end":{"line":396,"column":80}}],"line":396},"21":{"loc":{"start":{"line":406,"column":14},"end":{"line":406,"column":57}},"type":"binary-expr","locations":[{"start":{"line":406,"column":14},"end":{"line":406,"column":30}},{"start":{"line":406,"column":35},"end":{"line":406,"column":56}}],"line":406},"22":{"loc":{"start":{"line":453,"column":15},"end":{"line":453,"column":60}},"type":"binary-expr","locations":[{"start":{"line":453,"column":15},"end":{"line":453,"column":32}},{"start":{"line":453,"column":37},"end":{"line":453,"column":59}}],"line":453},"23":{"loc":{"start":{"line":481,"column":26},"end":{"line":481,"column":93}},"type":"binary-expr","locations":[{"start":{"line":481,"column":26},"end":{"line":481,"column":54}},{"start":{"line":481,"column":59},"end":{"line":481,"column":92}}],"line":481},"24":{"loc":{"start":{"line":489,"column":15},"end":{"line":489,"column":60}},"type":"binary-expr","locations":[{"start":{"line":489,"column":15},"end":{"line":489,"column":32}},{"start":{"line":489,"column":37},"end":{"line":489,"column":59}}],"line":489},"25":{"loc":{"start":{"line":527,"column":18},"end":{"line":527,"column":69}},"type":"binary-expr","locations":[{"start":{"line":527,"column":18},"end":{"line":527,"column":38}},{"start":{"line":527,"column":43},"end":{"line":527,"column":68}}],"line":527},"26":{"loc":{"start":{"line":531,"column":13},"end":{"line":531,"column":54}},"type":"binary-expr","locations":[{"start":{"line":531,"column":13},"end":{"line":531,"column":28}},{"start":{"line":531,"column":33},"end":{"line":531,"column":53}}],"line":531},"27":{"loc":{"start":{"line":566,"column":18},"end":{"line":566,"column":69}},"type":"binary-expr","locations":[{"start":{"line":566,"column":18},"end":{"line":566,"column":38}},{"start":{"line":566,"column":43},"end":{"line":566,"column":68}}],"line":566},"28":{"loc":{"start":{"line":603,"column":18},"end":{"line":603,"column":69}},"type":"binary-expr","locations":[{"start":{"line":603,"column":18},"end":{"line":603,"column":38}},{"start":{"line":603,"column":43},"end":{"line":603,"column":68}}],"line":603},"29":{"loc":{"start":{"line":617,"column":18},"end":{"line":617,"column":69}},"type":"binary-expr","locations":[{"start":{"line":617,"column":18},"end":{"line":617,"column":38}},{"start":{"line":617,"column":43},"end":{"line":617,"column":68}}],"line":617},"30":{"loc":{"start":{"line":629,"column":17},"end":{"line":629,"column":66}},"type":"binary-expr","locations":[{"start":{"line":629,"column":17},"end":{"line":629,"column":36}},{"start":{"line":629,"column":41},"end":{"line":629,"column":65}}],"line":629},"31":{"loc":{"start":{"line":633,"column":17},"end":{"line":633,"column":66}},"type":"binary-expr","locations":[{"start":{"line":633,"column":17},"end":{"line":633,"column":36}},{"start":{"line":633,"column":41},"end":{"line":633,"column":65}}],"line":633},"32":{"loc":{"start":{"line":637,"column":17},"end":{"line":637,"column":66}},"type":"binary-expr","locations":[{"start":{"line":637,"column":17},"end":{"line":637,"column":36}},{"start":{"line":637,"column":41},"end":{"line":637,"column":65}}],"line":637},"33":{"loc":{"start":{"line":680,"column":12},"end":{"line":680,"column":51}},"type":"binary-expr","locations":[{"start":{"line":680,"column":12},"end":{"line":680,"column":26}},{"start":{"line":680,"column":31},"end":{"line":680,"column":50}}],"line":680},"34":{"loc":{"start":{"line":691,"column":9},"end":{"line":691,"column":42}},"type":"binary-expr","locations":[{"start":{"line":691,"column":9},"end":{"line":691,"column":20}},{"start":{"line":691,"column":25},"end":{"line":691,"column":41}}],"line":691},"35":{"loc":{"start":{"line":748,"column":17},"end":{"line":748,"column":66}},"type":"binary-expr","locations":[{"start":{"line":748,"column":17},"end":{"line":748,"column":36}},{"start":{"line":748,"column":41},"end":{"line":748,"column":65}}],"line":748},"36":{"loc":{"start":{"line":759,"column":15},"end":{"line":759,"column":60}},"type":"binary-expr","locations":[{"start":{"line":759,"column":15},"end":{"line":759,"column":32}},{"start":{"line":759,"column":37},"end":{"line":759,"column":59}}],"line":759},"37":{"loc":{"start":{"line":770,"column":16},"end":{"line":770,"column":63}},"type":"binary-expr","locations":[{"start":{"line":770,"column":16},"end":{"line":770,"column":34}},{"start":{"line":770,"column":39},"end":{"line":770,"column":62}}],"line":770},"38":{"loc":{"start":{"line":775,"column":13},"end":{"line":775,"column":54}},"type":"binary-expr","locations":[{"start":{"line":775,"column":13},"end":{"line":775,"column":28}},{"start":{"line":775,"column":33},"end":{"line":775,"column":53}}],"line":775},"39":{"loc":{"start":{"line":804,"column":18},"end":{"line":804,"column":69}},"type":"binary-expr","locations":[{"start":{"line":804,"column":18},"end":{"line":804,"column":38}},{"start":{"line":804,"column":43},"end":{"line":804,"column":68}}],"line":804},"40":{"loc":{"start":{"line":808,"column":15},"end":{"line":808,"column":60}},"type":"binary-expr","locations":[{"start":{"line":808,"column":15},"end":{"line":808,"column":32}},{"start":{"line":808,"column":37},"end":{"line":808,"column":59}}],"line":808},"41":{"loc":{"start":{"line":834,"column":10},"end":{"line":834,"column":45}},"type":"binary-expr","locations":[{"start":{"line":834,"column":10},"end":{"line":834,"column":22}},{"start":{"line":834,"column":27},"end":{"line":834,"column":44}}],"line":834},"42":{"loc":{"start":{"line":859,"column":20},"end":{"line":859,"column":75}},"type":"binary-expr","locations":[{"start":{"line":859,"column":20},"end":{"line":859,"column":42}},{"start":{"line":859,"column":47},"end":{"line":859,"column":74}}],"line":859},"43":{"loc":{"start":{"line":864,"column":17},"end":{"line":864,"column":66}},"type":"binary-expr","locations":[{"start":{"line":864,"column":17},"end":{"line":864,"column":36}},{"start":{"line":864,"column":41},"end":{"line":864,"column":65}}],"line":864},"44":{"loc":{"start":{"line":873,"column":14},"end":{"line":873,"column":57}},"type":"binary-expr","locations":[{"start":{"line":873,"column":14},"end":{"line":873,"column":30}},{"start":{"line":873,"column":35},"end":{"line":873,"column":56}}],"line":873},"45":{"loc":{"start":{"line":882,"column":11},"end":{"line":882,"column":48}},"type":"binary-expr","locations":[{"start":{"line":882,"column":11},"end":{"line":882,"column":24}},{"start":{"line":882,"column":29},"end":{"line":882,"column":47}}],"line":882},"46":{"loc":{"start":{"line":893,"column":25},"end":{"line":893,"column":90}},"type":"binary-expr","locations":[{"start":{"line":893,"column":25},"end":{"line":893,"column":52}},{"start":{"line":893,"column":57},"end":{"line":893,"column":89}}],"line":893},"47":{"loc":{"start":{"line":899,"column":22},"end":{"line":899,"column":81}},"type":"binary-expr","locations":[{"start":{"line":899,"column":22},"end":{"line":899,"column":46}},{"start":{"line":899,"column":51},"end":{"line":899,"column":80}}],"line":899},"48":{"loc":{"start":{"line":908,"column":16},"end":{"line":908,"column":63}},"type":"binary-expr","locations":[{"start":{"line":908,"column":16},"end":{"line":908,"column":34}},{"start":{"line":908,"column":39},"end":{"line":908,"column":62}}],"line":908},"49":{"loc":{"start":{"line":919,"column":17},"end":{"line":919,"column":66}},"type":"binary-expr","locations":[{"start":{"line":919,"column":17},"end":{"line":919,"column":36}},{"start":{"line":919,"column":41},"end":{"line":919,"column":65}}],"line":919},"50":{"loc":{"start":{"line":979,"column":8},"end":{"line":979,"column":39}},"type":"binary-expr","locations":[{"start":{"line":979,"column":8},"end":{"line":979,"column":18}},{"start":{"line":979,"column":23},"end":{"line":979,"column":38}}],"line":979},"51":{"loc":{"start":{"line":983,"column":16},"end":{"line":983,"column":63}},"type":"binary-expr","locations":[{"start":{"line":983,"column":16},"end":{"line":983,"column":34}},{"start":{"line":983,"column":39},"end":{"line":983,"column":62}}],"line":983},"52":{"loc":{"start":{"line":1011,"column":21},"end":{"line":1011,"column":78}},"type":"binary-expr","locations":[{"start":{"line":1011,"column":21},"end":{"line":1011,"column":44}},{"start":{"line":1011,"column":49},"end":{"line":1011,"column":77}}],"line":1011},"53":{"loc":{"start":{"line":1026,"column":16},"end":{"line":1026,"column":63}},"type":"binary-expr","locations":[{"start":{"line":1026,"column":16},"end":{"line":1026,"column":34}},{"start":{"line":1026,"column":39},"end":{"line":1026,"column":62}}],"line":1026},"54":{"loc":{"start":{"line":1030,"column":19},"end":{"line":1030,"column":72}},"type":"binary-expr","locations":[{"start":{"line":1030,"column":19},"end":{"line":1030,"column":40}},{"start":{"line":1030,"column":45},"end":{"line":1030,"column":71}}],"line":1030}},"s":{"0":1,"1":1,"2":1,"3":1,"4":1,"5":1,"6":1,"7":1,"8":1,"9":1,"10":1,"11":1,"12":1,"13":1,"14":1,"15":1,"16":1,"17":1,"18":1,"19":1,"20":1,"21":1,"22":1,"23":1,"24":1,"25":1,"26":1,"27":1,"28":1,"29":1,"30":1,"31":1,"32":1,"33":1,"34":1,"35":1,"36":1,"37":1,"38":1,"39":1,"40":1,"41":1,"42":1,"43":1,"44":1,"45":1,"46":1,"47":1,"48":1,"49":1,"50":1,"51":1,"52":1,"53":1,"54":1,"55":1,"56":1,"57":1,"58":1,"59":1,"60":1,"61":1,"62":1,"63":1,"64":1,"65":1,"66":1,"67":1,"68":1,"69":1,"70":1,"71":1,"72":1,"73":1,"74":1,"75":1,"76":1,"77":1,"78":1,"79":1,"80":1,"81":1,"82":1,"83":1,"84":1,"85":1,"86":1,"87":1,"88":1,"89":1,"90":1,"91":1,"92":1,"93":1,"94":1,"95":1,"96":1,"97":1,"98":1,"99":1,"100":1,"101":1,"102":1,"103":1,"104":1,"105":1,"106":1,"107":1,"108":1,"109":1,"110":1,"111":1,"112":1,"113":1,"114":1,"115":1,"116":1,"117":1,"118":1,"119":1,"120":1,"121":1,"122":1,"123":1,"124":1,"125":1,"126":1,"127":1,"128":1,"129":1,"130":1,"131":1,"132":1,"133":1,"134":1,"135":1,"136":1,"137":1,"138":1,"139":1,"140":1,"141":1,"142":1,"143":1,"144":1,"145":1,"146":1,"147":1,"148":1,"149":1,"150":1,"151":1,"152":1,"153":1,"154":1,"155":1,"156":1,"157":1,"158":1,"159":1,"160":1,"161":1,"162":1,"163":1,"164":1,"165":1,"166":1,"167":1,"168":1,"169":1,"170":1,"171":1,"172":1,"173":1,"174":1,"175":1,"176":1,"177":1,"178":1,"179":1,"180":1,"181":1,"182":1,"183":1,"184":1,"185":1,"186":1,"187":1,"188":1,"189":1,"190":1,"191":1,"192":1,"193":1,"194":1,"195":1,"196":1,"197":1,"198":1,"199":1,"200":1,"201":1,"202":1,"203":1,"204":1,"205":1,"206":1,"207":1,"208":1,"209":1,"210":1,"211":1,"212":1,"213":1,"214":1,"215":1,"216":1,"217":1,"218":1,"219":1,"220":1,"221":1,"222":1,"223":1,"224":1,"225":1,"226":1,"227":1,"228":1,"229":1,"230":1,"231":1,"232":1,"233":1,"234":1,"235":1,"236":1,"237":1,"238":1,"239":1,"240":1,"241":1,"242":1,"243":1,"244":1,"245":1,"246":1,"247":1,"248":1,"249":1,"250":1,"251":1,"252":1,"253":1,"254":1,"255":1,"256":1,"257":1,"258":1,"259":1,"260":1,"261":1,"262":1,"263":1,"264":1,"265":1,"266":1,"267":1,"268":1,"269":1,"270":1,"271":1,"272":1,"273":1,"274":1,"275":1,"276":1,"277":1,"278":1,"279":1,"280":1,"281":1,"282":1,"283":1,"284":1,"285":1,"286":1,"287":1,"288":1,"289":1,"290":1,"291":1,"292":1,"293":1,"294":1,"295":1,"296":1,"297":1,"298":1,"299":1,"300":1,"301":1,"302":1,"303":1,"304":1,"305":1,"306":1,"307":1,"308":1,"309":1,"310":1,"311":1,"312":1,"313":1,"314":1,"315":1,"316":1,"317":1,"318":1,"319":1,"320":1,"321":1,"322":1,"323":1,"324":1,"325":1,"326":1,"327":1,"328":1,"329":1,"330":1,"331":1,"332":1,"333":1,"334":1,"335":1,"336":1,"337":1,"338":1,"339":1,"340":1,"341":1,"342":1,"343":1,"344":1,"345":1,"346":1,"347":1,"348":1,"349":1,"350":1,"351":1,"352":1,"353":1,"354":1,"355":1,"356":1,"357":1,"358":1,"359":1,"360":1,"361":1,"362":1,"363":1,"364":1,"365":1,"366":1,"367":1,"368":1,"369":1,"370":1,"371":1,"372":1,"373":1,"374":1,"375":1,"376":1,"377":1,"378":1,"379":1,"380":1,"381":1,"382":1,"383":1,"384":1,"385":1,"386":1,"387":1,"388":1,"389":1,"390":1,"391":1,"392":1,"393":1,"394":1,"395":1,"396":1,"397":1,"398":1,"399":1,"400":1,"401":1,"402":1,"403":1,"404":1,"405":1},"f":{"0":1,"1":1,"2":1,"3":1,"4":1,"5":1,"6":1,"7":1,"8":1,"9":1,"10":1,"11":1,"12":1,"13":1,"14":1,"15":1,"16":1,"17":1,"18":1,"19":1,"20":1,"21":1,"22":1,"23":1,"24":1,"25":1,"26":1,"27":1,"28":1,"29":1,"30":1,"31":1,"32":1,"33":1,"34":1,"35":1,"36":1,"37":1,"38":1,"39":1,"40":1,"41":1,"42":1,"43":1,"44":1,"45":1,"46":1,"47":1,"48":1,"49":1,"50":1,"51":1,"52":1,"53":1,"54":1},"b":{"0":[1,1],"1":[1,1],"2":[1,1],"3":[1,1],"4":[1,1],"5":[1,1],"6":[1,1],"7":[1,1],"8":[1,1],"9":[1,1],"10":[1,1],"11":[1,1],"12":[1,1],"13":[1,1],"14":[1,1],"15":[1,1],"16":[1,1],"17":[1,1],"18":[1,1],"19":[1,1],"20":[1,1],"21":[1,1],"22":[1,1],"23":[1,1],"24":[1,1],"25":[1,1],"26":[1,1],"27":[1,1],"28":[1,1],"29":[1,1],"30":[1,1],"31":[1,1],"32":[1,1],"33":[1,1],"34":[1,1],"35":[1,1],"36":[1,1],"37":[1,1],"38":[1,1],"39":[1,1],"40":[1,1],"41":[1,1],"42":[1,1],"43":[1,1],"44":[1,1],"45":[1,1],"46":[1,1],"47":[1,1],"48":[1,1],"49":[1,1],"50":[1,1],"51":[1,1],"52":[1,1],"53":[1,1],"54":[1,1]},"_coverageSchema":"43e27e138ebf9cfc5966b082cf9a028302ed4184","hash":"4eec2823a9531214a538c707e948f5ce36519bce"}
}
