{"C:\\Users\\wenyu\\Documents\\ggvega\\src-ext\\Typescript\\ggvega\\src\\Encoding.ts": {"path":"C:\\Users\\wenyu\\Documents\\ggvega\\src-ext\\Typescript\\ggvega\\src\\Encoding.ts","statementMap":{"0":{"start":{"line":4,"column":46},"end":{"line":14,"column":4}},"1":{"start":{"line":16,"column":2},"end":{"line":16,"column":23}},"2":{"start":{"line":3,"column":0},"end":{"line":3,"column":16}},"3":{"start":{"line":20,"column":22},"end":{"line":20,"column":52}},"4":{"start":{"line":22,"column":36},"end":{"line":22,"column":72}},"5":{"start":{"line":26,"column":22},"end":{"line":26,"column":33}},"6":{"start":{"line":28,"column":2},"end":{"line":36,"column":null}},"7":{"start":{"line":28,"column":24},"end":{"line":28,"column":30}},"8":{"start":{"line":28,"column":20},"end":{"line":28,"column":24}},"9":{"start":{"line":29,"column":4},"end":{"line":35,"column":null}},"10":{"start":{"line":30,"column":6},"end":{"line":30,"column":51}},"11":{"start":{"line":32,"column":6},"end":{"line":34,"column":null}},"12":{"start":{"line":33,"column":8},"end":{"line":33,"column":32}},"13":{"start":{"line":38,"column":2},"end":{"line":38,"column":36}},"14":{"start":{"line":40,"column":32},"end":{"line":45,"column":4}},"15":{"start":{"line":47,"column":2},"end":{"line":47,"column":16}},"16":{"start":{"line":51,"column":22},"end":{"line":51,"column":52}},"17":{"start":{"line":53,"column":36},"end":{"line":53,"column":72}},"18":{"start":{"line":57,"column":22},"end":{"line":57,"column":33}},"19":{"start":{"line":59,"column":2},"end":{"line":67,"column":null}},"20":{"start":{"line":59,"column":24},"end":{"line":59,"column":30}},"21":{"start":{"line":59,"column":20},"end":{"line":59,"column":24}},"22":{"start":{"line":60,"column":4},"end":{"line":66,"column":null}},"23":{"start":{"line":61,"column":6},"end":{"line":61,"column":51}},"24":{"start":{"line":63,"column":6},"end":{"line":65,"column":null}},"25":{"start":{"line":64,"column":8},"end":{"line":64,"column":32}},"26":{"start":{"line":69,"column":2},"end":{"line":69,"column":36}},"27":{"start":{"line":71,"column":32},"end":{"line":76,"column":4}},"28":{"start":{"line":78,"column":2},"end":{"line":78,"column":16}},"29":{"start":{"line":128,"column":2},"end":{"line":136,"column":null}},"30":{"start":{"line":129,"column":4},"end":{"line":135,"column":null}},"31":{"start":{"line":130,"column":6},"end":{"line":134,"column":null}},"32":{"start":{"line":131,"column":8},"end":{"line":133,"column":10}},"33":{"start":{"line":138,"column":2},"end":{"line":155,"column":null}},"34":{"start":{"line":139,"column":4},"end":{"line":141,"column":null}},"35":{"start":{"line":140,"column":6},"end":{"line":140,"column":18}},"36":{"start":{"line":143,"column":24},"end":{"line":143,"column":57}},"37":{"start":{"line":145,"column":38},"end":{"line":145,"column":74}},"38":{"start":{"line":147,"column":4},"end":{"line":147,"column":38}},"39":{"start":{"line":149,"column":4},"end":{"line":154,"column":6}},"40":{"start":{"line":157,"column":2},"end":{"line":157,"column":14}},"41":{"start":{"line":167,"column":2},"end":{"line":175,"column":null}},"42":{"start":{"line":168,"column":4},"end":{"line":174,"column":null}},"43":{"start":{"line":169,"column":6},"end":{"line":173,"column":null}},"44":{"start":{"line":170,"column":8},"end":{"line":172,"column":10}},"45":{"start":{"line":177,"column":2},"end":{"line":193,"column":null}},"46":{"start":{"line":178,"column":4},"end":{"line":180,"column":null}},"47":{"start":{"line":179,"column":6},"end":{"line":179,"column":19}},"48":{"start":{"line":182,"column":24},"end":{"line":182,"column":58}},"49":{"start":{"line":184,"column":38},"end":{"line":184,"column":74}},"50":{"start":{"line":186,"column":4},"end":{"line":186,"column":38}},"51":{"start":{"line":188,"column":4},"end":{"line":192,"column":6}},"52":{"start":{"line":195,"column":2},"end":{"line":195,"column":15}},"53":{"start":{"line":199,"column":2},"end":{"line":199,"column":19}},"54":{"start":{"line":209,"column":2},"end":{"line":217,"column":null}},"55":{"start":{"line":210,"column":4},"end":{"line":216,"column":null}},"56":{"start":{"line":211,"column":6},"end":{"line":215,"column":null}},"57":{"start":{"line":212,"column":8},"end":{"line":214,"column":10}},"58":{"start":{"line":219,"column":2},"end":{"line":235,"column":null}},"59":{"start":{"line":220,"column":4},"end":{"line":222,"column":null}},"60":{"start":{"line":221,"column":6},"end":{"line":221,"column":20}},"61":{"start":{"line":224,"column":24},"end":{"line":224,"column":59}},"62":{"start":{"line":226,"column":38},"end":{"line":226,"column":74}},"63":{"start":{"line":228,"column":4},"end":{"line":228,"column":38}},"64":{"start":{"line":230,"column":4},"end":{"line":234,"column":6}},"65":{"start":{"line":237,"column":2},"end":{"line":237,"column":16}},"66":{"start":{"line":247,"column":2},"end":{"line":255,"column":null}},"67":{"start":{"line":248,"column":4},"end":{"line":254,"column":null}},"68":{"start":{"line":249,"column":6},"end":{"line":253,"column":null}},"69":{"start":{"line":250,"column":8},"end":{"line":252,"column":10}},"70":{"start":{"line":257,"column":2},"end":{"line":273,"column":null}},"71":{"start":{"line":258,"column":4},"end":{"line":260,"column":null}},"72":{"start":{"line":259,"column":6},"end":{"line":259,"column":25}},"73":{"start":{"line":262,"column":24},"end":{"line":262,"column":59}},"74":{"start":{"line":264,"column":38},"end":{"line":264,"column":74}},"75":{"start":{"line":266,"column":4},"end":{"line":266,"column":38}},"76":{"start":{"line":268,"column":4},"end":{"line":272,"column":6}},"77":{"start":{"line":275,"column":2},"end":{"line":275,"column":21}},"78":{"start":{"line":285,"column":2},"end":{"line":293,"column":null}},"79":{"start":{"line":286,"column":4},"end":{"line":292,"column":null}},"80":{"start":{"line":287,"column":6},"end":{"line":291,"column":null}},"81":{"start":{"line":288,"column":8},"end":{"line":290,"column":10}},"82":{"start":{"line":295,"column":2},"end":{"line":311,"column":null}},"83":{"start":{"line":296,"column":4},"end":{"line":298,"column":null}},"84":{"start":{"line":297,"column":6},"end":{"line":297,"column":21}},"85":{"start":{"line":300,"column":24},"end":{"line":300,"column":58}},"86":{"start":{"line":302,"column":38},"end":{"line":302,"column":74}},"87":{"start":{"line":304,"column":4},"end":{"line":304,"column":38}},"88":{"start":{"line":306,"column":4},"end":{"line":310,"column":6}},"89":{"start":{"line":313,"column":2},"end":{"line":313,"column":17}},"90":{"start":{"line":323,"column":2},"end":{"line":331,"column":null}},"91":{"start":{"line":324,"column":4},"end":{"line":330,"column":null}},"92":{"start":{"line":325,"column":6},"end":{"line":329,"column":null}},"93":{"start":{"line":326,"column":8},"end":{"line":328,"column":10}},"94":{"start":{"line":332,"column":2},"end":{"line":348,"column":null}},"95":{"start":{"line":333,"column":4},"end":{"line":335,"column":null}},"96":{"start":{"line":334,"column":6},"end":{"line":334,"column":18}},"97":{"start":{"line":337,"column":24},"end":{"line":337,"column":57}},"98":{"start":{"line":339,"column":38},"end":{"line":339,"column":74}},"99":{"start":{"line":341,"column":4},"end":{"line":341,"column":38}},"100":{"start":{"line":343,"column":4},"end":{"line":347,"column":6}},"101":{"start":{"line":350,"column":2},"end":{"line":350,"column":14}},"102":{"start":{"line":354,"column":14},"end":{"line":354,"column":16}},"103":{"start":{"line":356,"column":2},"end":{"line":381,"column":null}},"104":{"start":{"line":357,"column":4},"end":{"line":359,"column":null}},"105":{"start":{"line":358,"column":6},"end":{"line":358,"column":23}},"106":{"start":{"line":360,"column":4},"end":{"line":362,"column":null}},"107":{"start":{"line":361,"column":6},"end":{"line":361,"column":23}},"108":{"start":{"line":363,"column":4},"end":{"line":365,"column":null}},"109":{"start":{"line":364,"column":6},"end":{"line":364,"column":22}},"110":{"start":{"line":366,"column":4},"end":{"line":368,"column":null}},"111":{"start":{"line":367,"column":6},"end":{"line":367,"column":24}},"112":{"start":{"line":369,"column":4},"end":{"line":371,"column":null}},"113":{"start":{"line":370,"column":6},"end":{"line":370,"column":28}},"114":{"start":{"line":372,"column":4},"end":{"line":374,"column":null}},"115":{"start":{"line":373,"column":6},"end":{"line":373,"column":30}},"116":{"start":{"line":375,"column":4},"end":{"line":377,"column":null}},"117":{"start":{"line":376,"column":6},"end":{"line":376,"column":31}},"118":{"start":{"line":378,"column":4},"end":{"line":380,"column":null}},"119":{"start":{"line":379,"column":6},"end":{"line":379,"column":30}},"120":{"start":{"line":383,"column":2},"end":{"line":383,"column":15}}},"fnMap":{"0":{"name":"TranslateEncoding","decl":{"start":{"line":3,"column":16},"end":{"line":3,"column":33}},"loc":{"start":{"line":3,"column":86},"end":{"line":17,"column":1}}},"1":{"name":"TranslateXClass","decl":{"start":{"line":19,"column":9},"end":{"line":19,"column":24}},"loc":{"start":{"line":19,"column":77},"end":{"line":48,"column":1}}},"2":{"name":"TranslateYClass","decl":{"start":{"line":50,"column":9},"end":{"line":50,"column":24}},"loc":{"start":{"line":50,"column":77},"end":{"line":79,"column":1}}},"3":{"name":"TranslateSize","decl":{"start":{"line":121,"column":9},"end":{"line":121,"column":22}},"loc":{"start":{"line":124,"column":16},"end":{"line":158,"column":1}}},"4":{"name":"TranslateShape","decl":{"start":{"line":160,"column":9},"end":{"line":160,"column":23}},"loc":{"start":{"line":163,"column":16},"end":{"line":196,"column":1}}},"5":{"name":"TranslateScale","decl":{"start":{"line":198,"column":9},"end":{"line":198,"column":23}},"loc":{"start":{"line":198,"column":38},"end":{"line":200,"column":1}}},"6":{"name":"TranslateStroke","decl":{"start":{"line":202,"column":9},"end":{"line":202,"column":24}},"loc":{"start":{"line":205,"column":16},"end":{"line":238,"column":1}}},"7":{"name":"TranslateStrokeWidth","decl":{"start":{"line":240,"column":9},"end":{"line":240,"column":29}},"loc":{"start":{"line":243,"column":16},"end":{"line":276,"column":1}}},"8":{"name":"TranslateOpacity","decl":{"start":{"line":278,"column":9},"end":{"line":278,"column":25}},"loc":{"start":{"line":281,"column":16},"end":{"line":314,"column":1}}},"9":{"name":"TranslateFill","decl":{"start":{"line":316,"column":9},"end":{"line":316,"column":22}},"loc":{"start":{"line":319,"column":16},"end":{"line":351,"column":1}}},"10":{"name":"Number2Shape","decl":{"start":{"line":353,"column":9},"end":{"line":353,"column":21}},"loc":{"start":{"line":353,"column":48},"end":{"line":384,"column":1}}}},"branchMap":{"0":{"loc":{"start":{"line":29,"column":4},"end":{"line":35,"column":null}},"type":"if","locations":[{"start":{"line":29,"column":4},"end":{"line":35,"column":null}},{"start":{"line":29,"column":4},"end":{"line":35,"column":null}}]},"1":{"loc":{"start":{"line":32,"column":6},"end":{"line":34,"column":null}},"type":"if","locations":[{"start":{"line":32,"column":6},"end":{"line":34,"column":null}},{"start":{"line":32,"column":6},"end":{"line":34,"column":null}}]},"2":{"loc":{"start":{"line":60,"column":4},"end":{"line":66,"column":null}},"type":"if","locations":[{"start":{"line":60,"column":4},"end":{"line":66,"column":null}},{"start":{"line":60,"column":4},"end":{"line":66,"column":null}}]},"3":{"loc":{"start":{"line":63,"column":6},"end":{"line":65,"column":null}},"type":"if","locations":[{"start":{"line":63,"column":6},"end":{"line":65,"column":null}},{"start":{"line":63,"column":6},"end":{"line":65,"column":null}}]},"4":{"loc":{"start":{"line":128,"column":2},"end":{"line":136,"column":null}},"type":"if","locations":[{"start":{"line":128,"column":2},"end":{"line":136,"column":null}},{"start":{"line":128,"column":2},"end":{"line":136,"column":null}}]},"5":{"loc":{"start":{"line":129,"column":4},"end":{"line":135,"column":null}},"type":"if","locations":[{"start":{"line":129,"column":4},"end":{"line":135,"column":null}},{"start":{"line":129,"column":4},"end":{"line":135,"column":null}}]},"6":{"loc":{"start":{"line":130,"column":6},"end":{"line":134,"column":null}},"type":"if","locations":[{"start":{"line":130,"column":6},"end":{"line":134,"column":null}},{"start":{"line":130,"column":6},"end":{"line":134,"column":null}}]},"7":{"loc":{"start":{"line":138,"column":2},"end":{"line":155,"column":null}},"type":"if","locations":[{"start":{"line":138,"column":2},"end":{"line":155,"column":null}},{"start":{"line":138,"column":2},"end":{"line":155,"column":null}}]},"8":{"loc":{"start":{"line":139,"column":4},"end":{"line":141,"column":null}},"type":"if","locations":[{"start":{"line":139,"column":4},"end":{"line":141,"column":null}},{"start":{"line":139,"column":4},"end":{"line":141,"column":null}}]},"9":{"loc":{"start":{"line":167,"column":2},"end":{"line":175,"column":null}},"type":"if","locations":[{"start":{"line":167,"column":2},"end":{"line":175,"column":null}},{"start":{"line":167,"column":2},"end":{"line":175,"column":null}}]},"10":{"loc":{"start":{"line":168,"column":4},"end":{"line":174,"column":null}},"type":"if","locations":[{"start":{"line":168,"column":4},"end":{"line":174,"column":null}},{"start":{"line":168,"column":4},"end":{"line":174,"column":null}}]},"11":{"loc":{"start":{"line":169,"column":6},"end":{"line":173,"column":null}},"type":"if","locations":[{"start":{"line":169,"column":6},"end":{"line":173,"column":null}},{"start":{"line":169,"column":6},"end":{"line":173,"column":null}}]},"12":{"loc":{"start":{"line":177,"column":2},"end":{"line":193,"column":null}},"type":"if","locations":[{"start":{"line":177,"column":2},"end":{"line":193,"column":null}},{"start":{"line":177,"column":2},"end":{"line":193,"column":null}}]},"13":{"loc":{"start":{"line":178,"column":4},"end":{"line":180,"column":null}},"type":"if","locations":[{"start":{"line":178,"column":4},"end":{"line":180,"column":null}},{"start":{"line":178,"column":4},"end":{"line":180,"column":null}}]},"14":{"loc":{"start":{"line":209,"column":2},"end":{"line":217,"column":null}},"type":"if","locations":[{"start":{"line":209,"column":2},"end":{"line":217,"column":null}},{"start":{"line":209,"column":2},"end":{"line":217,"column":null}}]},"15":{"loc":{"start":{"line":210,"column":4},"end":{"line":216,"column":null}},"type":"if","locations":[{"start":{"line":210,"column":4},"end":{"line":216,"column":null}},{"start":{"line":210,"column":4},"end":{"line":216,"column":null}}]},"16":{"loc":{"start":{"line":211,"column":6},"end":{"line":215,"column":null}},"type":"if","locations":[{"start":{"line":211,"column":6},"end":{"line":215,"column":null}},{"start":{"line":211,"column":6},"end":{"line":215,"column":null}}]},"17":{"loc":{"start":{"line":219,"column":2},"end":{"line":235,"column":null}},"type":"if","locations":[{"start":{"line":219,"column":2},"end":{"line":235,"column":null}},{"start":{"line":219,"column":2},"end":{"line":235,"column":null}}]},"18":{"loc":{"start":{"line":220,"column":4},"end":{"line":222,"column":null}},"type":"if","locations":[{"start":{"line":220,"column":4},"end":{"line":222,"column":null}},{"start":{"line":220,"column":4},"end":{"line":222,"column":null}}]},"19":{"loc":{"start":{"line":247,"column":2},"end":{"line":255,"column":null}},"type":"if","locations":[{"start":{"line":247,"column":2},"end":{"line":255,"column":null}},{"start":{"line":247,"column":2},"end":{"line":255,"column":null}}]},"20":{"loc":{"start":{"line":248,"column":4},"end":{"line":254,"column":null}},"type":"if","locations":[{"start":{"line":248,"column":4},"end":{"line":254,"column":null}},{"start":{"line":248,"column":4},"end":{"line":254,"column":null}}]},"21":{"loc":{"start":{"line":249,"column":6},"end":{"line":253,"column":null}},"type":"if","locations":[{"start":{"line":249,"column":6},"end":{"line":253,"column":null}},{"start":{"line":249,"column":6},"end":{"line":253,"column":null}}]},"22":{"loc":{"start":{"line":257,"column":2},"end":{"line":273,"column":null}},"type":"if","locations":[{"start":{"line":257,"column":2},"end":{"line":273,"column":null}},{"start":{"line":257,"column":2},"end":{"line":273,"column":null}}]},"23":{"loc":{"start":{"line":258,"column":4},"end":{"line":260,"column":null}},"type":"if","locations":[{"start":{"line":258,"column":4},"end":{"line":260,"column":null}},{"start":{"line":258,"column":4},"end":{"line":260,"column":null}}]},"24":{"loc":{"start":{"line":285,"column":2},"end":{"line":293,"column":null}},"type":"if","locations":[{"start":{"line":285,"column":2},"end":{"line":293,"column":null}},{"start":{"line":285,"column":2},"end":{"line":293,"column":null}}]},"25":{"loc":{"start":{"line":286,"column":4},"end":{"line":292,"column":null}},"type":"if","locations":[{"start":{"line":286,"column":4},"end":{"line":292,"column":null}},{"start":{"line":286,"column":4},"end":{"line":292,"column":null}}]},"26":{"loc":{"start":{"line":287,"column":6},"end":{"line":291,"column":null}},"type":"if","locations":[{"start":{"line":287,"column":6},"end":{"line":291,"column":null}},{"start":{"line":287,"column":6},"end":{"line":291,"column":null}}]},"27":{"loc":{"start":{"line":295,"column":2},"end":{"line":311,"column":null}},"type":"if","locations":[{"start":{"line":295,"column":2},"end":{"line":311,"column":null}},{"start":{"line":295,"column":2},"end":{"line":311,"column":null}}]},"28":{"loc":{"start":{"line":296,"column":4},"end":{"line":298,"column":null}},"type":"if","locations":[{"start":{"line":296,"column":4},"end":{"line":298,"column":null}},{"start":{"line":296,"column":4},"end":{"line":298,"column":null}}]},"29":{"loc":{"start":{"line":323,"column":2},"end":{"line":331,"column":null}},"type":"if","locations":[{"start":{"line":323,"column":2},"end":{"line":331,"column":null}},{"start":{"line":323,"column":2},"end":{"line":331,"column":null}}]},"30":{"loc":{"start":{"line":324,"column":4},"end":{"line":330,"column":null}},"type":"if","locations":[{"start":{"line":324,"column":4},"end":{"line":330,"column":null}},{"start":{"line":324,"column":4},"end":{"line":330,"column":null}}]},"31":{"loc":{"start":{"line":325,"column":6},"end":{"line":329,"column":null}},"type":"if","locations":[{"start":{"line":325,"column":6},"end":{"line":329,"column":null}},{"start":{"line":325,"column":6},"end":{"line":329,"column":null}}]},"32":{"loc":{"start":{"line":332,"column":2},"end":{"line":348,"column":null}},"type":"if","locations":[{"start":{"line":332,"column":2},"end":{"line":348,"column":null}},{"start":{"line":332,"column":2},"end":{"line":348,"column":null}}]},"33":{"loc":{"start":{"line":333,"column":4},"end":{"line":335,"column":null}},"type":"if","locations":[{"start":{"line":333,"column":4},"end":{"line":335,"column":null}},{"start":{"line":333,"column":4},"end":{"line":335,"column":null}}]},"34":{"loc":{"start":{"line":356,"column":2},"end":{"line":381,"column":null}},"type":"if","locations":[{"start":{"line":356,"column":2},"end":{"line":381,"column":null}},{"start":{"line":356,"column":2},"end":{"line":381,"column":null}}]},"35":{"loc":{"start":{"line":357,"column":4},"end":{"line":359,"column":null}},"type":"if","locations":[{"start":{"line":357,"column":4},"end":{"line":359,"column":null}},{"start":{"line":357,"column":4},"end":{"line":359,"column":null}}]},"36":{"loc":{"start":{"line":360,"column":4},"end":{"line":362,"column":null}},"type":"if","locations":[{"start":{"line":360,"column":4},"end":{"line":362,"column":null}},{"start":{"line":360,"column":4},"end":{"line":362,"column":null}}]},"37":{"loc":{"start":{"line":363,"column":4},"end":{"line":365,"column":null}},"type":"if","locations":[{"start":{"line":363,"column":4},"end":{"line":365,"column":null}},{"start":{"line":363,"column":4},"end":{"line":365,"column":null}}]},"38":{"loc":{"start":{"line":366,"column":4},"end":{"line":368,"column":null}},"type":"if","locations":[{"start":{"line":366,"column":4},"end":{"line":368,"column":null}},{"start":{"line":366,"column":4},"end":{"line":368,"column":null}}]},"39":{"loc":{"start":{"line":369,"column":4},"end":{"line":371,"column":null}},"type":"if","locations":[{"start":{"line":369,"column":4},"end":{"line":371,"column":null}},{"start":{"line":369,"column":4},"end":{"line":371,"column":null}}]},"40":{"loc":{"start":{"line":372,"column":4},"end":{"line":374,"column":null}},"type":"if","locations":[{"start":{"line":372,"column":4},"end":{"line":374,"column":null}},{"start":{"line":372,"column":4},"end":{"line":374,"column":null}}]},"41":{"loc":{"start":{"line":375,"column":4},"end":{"line":377,"column":null}},"type":"if","locations":[{"start":{"line":375,"column":4},"end":{"line":377,"column":null}},{"start":{"line":375,"column":4},"end":{"line":377,"column":null}}]},"42":{"loc":{"start":{"line":378,"column":4},"end":{"line":380,"column":null}},"type":"if","locations":[{"start":{"line":378,"column":4},"end":{"line":380,"column":null}},{"start":{"line":378,"column":4},"end":{"line":380,"column":null}}]}},"s":{"0":0,"1":0,"2":1,"3":0,"4":0,"5":0,"6":0,"7":0,"8":0,"9":0,"10":0,"11":0,"12":0,"13":0,"14":0,"15":0,"16":0,"17":0,"18":0,"19":0,"20":0,"21":0,"22":0,"23":0,"24":0,"25":0,"26":0,"27":0,"28":0,"29":0,"30":0,"31":0,"32":0,"33":0,"34":0,"35":0,"36":0,"37":0,"38":0,"39":0,"40":0,"41":0,"42":0,"43":0,"44":0,"45":0,"46":0,"47":0,"48":0,"49":0,"50":0,"51":0,"52":0,"53":0,"54":0,"55":0,"56":0,"57":0,"58":0,"59":0,"60":0,"61":0,"62":0,"63":0,"64":0,"65":0,"66":0,"67":0,"68":0,"69":0,"70":0,"71":0,"72":0,"73":0,"74":0,"75":0,"76":0,"77":0,"78":0,"79":0,"80":0,"81":0,"82":0,"83":0,"84":0,"85":0,"86":0,"87":0,"88":0,"89":0,"90":0,"91":0,"92":0,"93":0,"94":0,"95":0,"96":0,"97":0,"98":0,"99":0,"100":0,"101":0,"102":0,"103":0,"104":0,"105":0,"106":0,"107":0,"108":0,"109":0,"110":0,"111":0,"112":0,"113":0,"114":0,"115":0,"116":0,"117":0,"118":0,"119":0,"120":0},"f":{"0":0,"1":0,"2":0,"3":0,"4":0,"5":0,"6":0,"7":0,"8":0,"9":0,"10":0},"b":{"0":[0,0],"1":[0,0],"2":[0,0],"3":[0,0],"4":[0,0],"5":[0,0],"6":[0,0],"7":[0,0],"8":[0,0],"9":[0,0],"10":[0,0],"11":[0,0],"12":[0,0],"13":[0,0],"14":[0,0],"15":[0,0],"16":[0,0],"17":[0,0],"18":[0,0],"19":[0,0],"20":[0,0],"21":[0,0],"22":[0,0],"23":[0,0],"24":[0,0],"25":[0,0],"26":[0,0],"27":[0,0],"28":[0,0],"29":[0,0],"30":[0,0],"31":[0,0],"32":[0,0],"33":[0,0],"34":[0,0],"35":[0,0],"36":[0,0],"37":[0,0],"38":[0,0],"39":[0,0],"40":[0,0],"41":[0,0],"42":[0,0]}}
,"C:\\Users\\wenyu\\Documents\\ggvega\\src-ext\\Typescript\\ggvega\\src\\LayerSpec.ts": {"path":"C:\\Users\\wenyu\\Documents\\ggvega\\src-ext\\Typescript\\ggvega\\src\\LayerSpec.ts","statementMap":{"0":{"start":{"line":1,"column":0},"end":{"line":1,"column":35}},"1":{"start":{"line":2,"column":0},"end":{"line":2,"column":45}},"2":{"start":{"line":11,"column":25},"end":{"line":11,"column":44}},"3":{"start":{"line":13,"column":38},"end":{"line":19,"column":4}},"4":{"start":{"line":21,"column":2},"end":{"line":21,"column":19}},"5":{"start":{"line":10,"column":0},"end":{"line":10,"column":16}},"6":{"start":{"line":26,"column":2},"end":{"line":30,"column":null}},"7":{"start":{"line":27,"column":4},"end":{"line":27,"column":29}},"8":{"start":{"line":29,"column":4},"end":{"line":29,"column":29}},"9":{"start":{"line":32,"column":2},"end":{"line":32,"column":14}}},"fnMap":{"0":{"name":"TranslateLayer","decl":{"start":{"line":10,"column":16},"end":{"line":10,"column":30}},"loc":{"start":{"line":10,"column":78},"end":{"line":22,"column":1}}},"1":{"name":"TranslateMark","decl":{"start":{"line":24,"column":9},"end":{"line":24,"column":22}},"loc":{"start":{"line":24,"column":32},"end":{"line":33,"column":1}}}},"branchMap":{"0":{"loc":{"start":{"line":26,"column":2},"end":{"line":30,"column":null}},"type":"if","locations":[{"start":{"line":26,"column":2},"end":{"line":30,"column":null}},{"start":{"line":26,"column":2},"end":{"line":30,"column":null}}]}},"s":{"0":1,"1":1,"2":1,"3":0,"4":0,"5":1,"6":0,"7":0,"8":0,"9":0},"f":{"0":1,"1":0},"b":{"0":[0,0]}}
,"C:\\Users\\wenyu\\Documents\\ggvega\\src-ext\\Typescript\\ggvega\\src\\VlSpec.ts": {"path":"C:\\Users\\wenyu\\Documents\\ggvega\\src-ext\\Typescript\\ggvega\\src\\VlSpec.ts","statementMap":{"0":{"start":{"line":303,"column":0},"end":{"line":303,"column":null}},"1":{"start":{"line":304,"column":2},"end":{"line":304,"column":null}},"2":{"start":{"line":305,"column":2},"end":{"line":305,"column":null}},"3":{"start":{"line":306,"column":2},"end":{"line":306,"column":null}},"4":{"start":{"line":346,"column":0},"end":{"line":346,"column":null}},"5":{"start":{"line":347,"column":2},"end":{"line":347,"column":null}},"6":{"start":{"line":348,"column":2},"end":{"line":348,"column":null}},"7":{"start":{"line":358,"column":0},"end":{"line":358,"column":null}},"8":{"start":{"line":359,"column":2},"end":{"line":359,"column":null}},"9":{"start":{"line":360,"column":2},"end":{"line":360,"column":null}},"10":{"start":{"line":361,"column":2},"end":{"line":361,"column":null}},"11":{"start":{"line":376,"column":0},"end":{"line":376,"column":null}},"12":{"start":{"line":377,"column":2},"end":{"line":377,"column":null}},"13":{"start":{"line":378,"column":2},"end":{"line":378,"column":null}},"14":{"start":{"line":1011,"column":0},"end":{"line":1011,"column":null}},"15":{"start":{"line":1012,"column":2},"end":{"line":1012,"column":null}},"16":{"start":{"line":1013,"column":2},"end":{"line":1013,"column":null}},"17":{"start":{"line":1014,"column":2},"end":{"line":1014,"column":null}},"18":{"start":{"line":1015,"column":2},"end":{"line":1015,"column":null}},"19":{"start":{"line":1016,"column":2},"end":{"line":1016,"column":null}},"20":{"start":{"line":1540,"column":0},"end":{"line":1540,"column":null}},"21":{"start":{"line":1541,"column":2},"end":{"line":1541,"column":null}},"22":{"start":{"line":1542,"column":2},"end":{"line":1542,"column":null}},"23":{"start":{"line":1543,"column":2},"end":{"line":1543,"column":null}},"24":{"start":{"line":1544,"column":2},"end":{"line":1544,"column":null}},"25":{"start":{"line":1545,"column":2},"end":{"line":1545,"column":null}},"26":{"start":{"line":1546,"column":2},"end":{"line":1546,"column":null}},"27":{"start":{"line":1547,"column":2},"end":{"line":1547,"column":null}},"28":{"start":{"line":1548,"column":2},"end":{"line":1548,"column":null}},"29":{"start":{"line":1549,"column":2},"end":{"line":1549,"column":null}},"30":{"start":{"line":1550,"column":2},"end":{"line":1550,"column":null}},"31":{"start":{"line":1551,"column":2},"end":{"line":1551,"column":null}},"32":{"start":{"line":1552,"column":2},"end":{"line":1552,"column":null}},"33":{"start":{"line":1553,"column":2},"end":{"line":1553,"column":null}},"34":{"start":{"line":1554,"column":2},"end":{"line":1554,"column":null}},"35":{"start":{"line":1555,"column":2},"end":{"line":1555,"column":null}},"36":{"start":{"line":1556,"column":2},"end":{"line":1556,"column":null}},"37":{"start":{"line":1557,"column":2},"end":{"line":1557,"column":null}},"38":{"start":{"line":1558,"column":2},"end":{"line":1558,"column":null}},"39":{"start":{"line":1559,"column":2},"end":{"line":1559,"column":null}},"40":{"start":{"line":1560,"column":2},"end":{"line":1560,"column":null}},"41":{"start":{"line":1561,"column":2},"end":{"line":1561,"column":null}},"42":{"start":{"line":1562,"column":2},"end":{"line":1562,"column":null}},"43":{"start":{"line":1770,"column":0},"end":{"line":1770,"column":null}},"44":{"start":{"line":1771,"column":2},"end":{"line":1771,"column":null}},"45":{"start":{"line":1772,"column":2},"end":{"line":1772,"column":null}},"46":{"start":{"line":1773,"column":2},"end":{"line":1773,"column":null}},"47":{"start":{"line":1774,"column":2},"end":{"line":1774,"column":null}},"48":{"start":{"line":1775,"column":2},"end":{"line":1775,"column":null}},"49":{"start":{"line":1776,"column":2},"end":{"line":1776,"column":null}},"50":{"start":{"line":1777,"column":2},"end":{"line":1777,"column":null}},"51":{"start":{"line":1778,"column":2},"end":{"line":1778,"column":null}},"52":{"start":{"line":1779,"column":2},"end":{"line":1779,"column":null}},"53":{"start":{"line":1780,"column":2},"end":{"line":1780,"column":null}},"54":{"start":{"line":1781,"column":2},"end":{"line":1781,"column":null}},"55":{"start":{"line":1782,"column":2},"end":{"line":1782,"column":null}},"56":{"start":{"line":1783,"column":2},"end":{"line":1783,"column":null}},"57":{"start":{"line":1784,"column":2},"end":{"line":1784,"column":null}},"58":{"start":{"line":1785,"column":2},"end":{"line":1785,"column":null}},"59":{"start":{"line":1786,"column":2},"end":{"line":1786,"column":null}},"60":{"start":{"line":1787,"column":2},"end":{"line":1787,"column":null}},"61":{"start":{"line":1788,"column":2},"end":{"line":1788,"column":null}},"62":{"start":{"line":1789,"column":2},"end":{"line":1789,"column":null}},"63":{"start":{"line":1790,"column":2},"end":{"line":1790,"column":null}},"64":{"start":{"line":1791,"column":2},"end":{"line":1791,"column":null}},"65":{"start":{"line":1792,"column":2},"end":{"line":1792,"column":null}},"66":{"start":{"line":1793,"column":2},"end":{"line":1793,"column":null}},"67":{"start":{"line":1794,"column":2},"end":{"line":1794,"column":null}},"68":{"start":{"line":1795,"column":2},"end":{"line":1795,"column":null}},"69":{"start":{"line":1796,"column":2},"end":{"line":1796,"column":null}},"70":{"start":{"line":1797,"column":2},"end":{"line":1797,"column":null}},"71":{"start":{"line":1798,"column":2},"end":{"line":1798,"column":null}},"72":{"start":{"line":1799,"column":2},"end":{"line":1799,"column":null}},"73":{"start":{"line":1800,"column":2},"end":{"line":1800,"column":null}},"74":{"start":{"line":1801,"column":2},"end":{"line":1801,"column":null}},"75":{"start":{"line":1802,"column":2},"end":{"line":1802,"column":null}},"76":{"start":{"line":1803,"column":2},"end":{"line":1803,"column":null}},"77":{"start":{"line":1804,"column":2},"end":{"line":1804,"column":null}},"78":{"start":{"line":1805,"column":2},"end":{"line":1805,"column":null}},"79":{"start":{"line":1806,"column":2},"end":{"line":1806,"column":null}},"80":{"start":{"line":1807,"column":2},"end":{"line":1807,"column":null}},"81":{"start":{"line":1808,"column":2},"end":{"line":1808,"column":null}},"82":{"start":{"line":1809,"column":2},"end":{"line":1809,"column":null}},"83":{"start":{"line":1810,"column":2},"end":{"line":1810,"column":null}},"84":{"start":{"line":1811,"column":2},"end":{"line":1811,"column":null}},"85":{"start":{"line":1812,"column":2},"end":{"line":1812,"column":null}},"86":{"start":{"line":1813,"column":2},"end":{"line":1813,"column":null}},"87":{"start":{"line":1814,"column":2},"end":{"line":1814,"column":null}},"88":{"start":{"line":1815,"column":2},"end":{"line":1815,"column":null}},"89":{"start":{"line":1816,"column":2},"end":{"line":1816,"column":null}},"90":{"start":{"line":1994,"column":0},"end":{"line":1994,"column":null}},"91":{"start":{"line":1995,"column":2},"end":{"line":1995,"column":null}},"92":{"start":{"line":1996,"column":2},"end":{"line":1996,"column":null}},"93":{"start":{"line":1997,"column":2},"end":{"line":1997,"column":null}},"94":{"start":{"line":2410,"column":0},"end":{"line":2410,"column":null}},"95":{"start":{"line":2411,"column":2},"end":{"line":2411,"column":null}},"96":{"start":{"line":2412,"column":2},"end":{"line":2412,"column":null}},"97":{"start":{"line":2423,"column":0},"end":{"line":2423,"column":null}},"98":{"start":{"line":2424,"column":2},"end":{"line":2424,"column":null}},"99":{"start":{"line":2425,"column":2},"end":{"line":2425,"column":null}},"100":{"start":{"line":2446,"column":0},"end":{"line":2446,"column":null}},"101":{"start":{"line":2447,"column":2},"end":{"line":2447,"column":null}},"102":{"start":{"line":2448,"column":2},"end":{"line":2448,"column":null}},"103":{"start":{"line":2449,"column":2},"end":{"line":2449,"column":null}},"104":{"start":{"line":2478,"column":0},"end":{"line":2478,"column":null}},"105":{"start":{"line":2479,"column":2},"end":{"line":2479,"column":null}},"106":{"start":{"line":2480,"column":2},"end":{"line":2480,"column":null}},"107":{"start":{"line":2481,"column":2},"end":{"line":2481,"column":null}},"108":{"start":{"line":2482,"column":2},"end":{"line":2482,"column":null}},"109":{"start":{"line":2485,"column":0},"end":{"line":2485,"column":null}},"110":{"start":{"line":2486,"column":2},"end":{"line":2486,"column":null}},"111":{"start":{"line":2487,"column":2},"end":{"line":2487,"column":null}},"112":{"start":{"line":2488,"column":2},"end":{"line":2488,"column":null}},"113":{"start":{"line":2489,"column":2},"end":{"line":2489,"column":null}},"114":{"start":{"line":2492,"column":0},"end":{"line":2492,"column":null}},"115":{"start":{"line":2493,"column":2},"end":{"line":2493,"column":null}},"116":{"start":{"line":2494,"column":2},"end":{"line":2494,"column":null}},"117":{"start":{"line":2510,"column":0},"end":{"line":2510,"column":null}},"118":{"start":{"line":2511,"column":2},"end":{"line":2511,"column":null}},"119":{"start":{"line":2512,"column":2},"end":{"line":2512,"column":null}},"120":{"start":{"line":2513,"column":2},"end":{"line":2513,"column":null}},"121":{"start":{"line":2514,"column":2},"end":{"line":2514,"column":null}},"122":{"start":{"line":2515,"column":2},"end":{"line":2515,"column":null}},"123":{"start":{"line":2516,"column":2},"end":{"line":2516,"column":null}},"124":{"start":{"line":2517,"column":2},"end":{"line":2517,"column":null}},"125":{"start":{"line":2518,"column":2},"end":{"line":2518,"column":null}},"126":{"start":{"line":2519,"column":2},"end":{"line":2519,"column":null}},"127":{"start":{"line":2522,"column":0},"end":{"line":2522,"column":null}},"128":{"start":{"line":2523,"column":2},"end":{"line":2523,"column":null}},"129":{"start":{"line":2524,"column":2},"end":{"line":2524,"column":null}},"130":{"start":{"line":2525,"column":2},"end":{"line":2525,"column":null}},"131":{"start":{"line":2541,"column":0},"end":{"line":2541,"column":null}},"132":{"start":{"line":2542,"column":2},"end":{"line":2542,"column":null}},"133":{"start":{"line":2543,"column":2},"end":{"line":2543,"column":null}},"134":{"start":{"line":2544,"column":2},"end":{"line":2544,"column":null}},"135":{"start":{"line":2545,"column":2},"end":{"line":2545,"column":null}},"136":{"start":{"line":2555,"column":0},"end":{"line":2555,"column":null}},"137":{"start":{"line":2556,"column":2},"end":{"line":2556,"column":null}},"138":{"start":{"line":2557,"column":2},"end":{"line":2557,"column":null}},"139":{"start":{"line":2816,"column":0},"end":{"line":2816,"column":null}},"140":{"start":{"line":2817,"column":2},"end":{"line":2817,"column":null}},"141":{"start":{"line":2825,"column":0},"end":{"line":2825,"column":null}},"142":{"start":{"line":2826,"column":2},"end":{"line":2826,"column":null}},"143":{"start":{"line":2827,"column":2},"end":{"line":2827,"column":null}},"144":{"start":{"line":2828,"column":2},"end":{"line":2828,"column":null}},"145":{"start":{"line":2831,"column":0},"end":{"line":2831,"column":null}},"146":{"start":{"line":2832,"column":2},"end":{"line":2832,"column":null}},"147":{"start":{"line":2833,"column":2},"end":{"line":2833,"column":null}},"148":{"start":{"line":2834,"column":2},"end":{"line":2834,"column":null}},"149":{"start":{"line":2835,"column":2},"end":{"line":2835,"column":null}},"150":{"start":{"line":2836,"column":2},"end":{"line":2836,"column":null}},"151":{"start":{"line":2837,"column":2},"end":{"line":2837,"column":null}},"152":{"start":{"line":2838,"column":2},"end":{"line":2838,"column":null}},"153":{"start":{"line":2839,"column":2},"end":{"line":2839,"column":null}},"154":{"start":{"line":2847,"column":0},"end":{"line":2847,"column":null}},"155":{"start":{"line":2848,"column":2},"end":{"line":2848,"column":null}},"156":{"start":{"line":2849,"column":2},"end":{"line":2849,"column":null}},"157":{"start":{"line":2850,"column":2},"end":{"line":2850,"column":null}},"158":{"start":{"line":2851,"column":2},"end":{"line":2851,"column":null}},"159":{"start":{"line":2852,"column":2},"end":{"line":2852,"column":null}},"160":{"start":{"line":2853,"column":2},"end":{"line":2853,"column":null}},"161":{"start":{"line":2854,"column":2},"end":{"line":2854,"column":null}},"162":{"start":{"line":2908,"column":0},"end":{"line":2908,"column":null}},"163":{"start":{"line":2909,"column":2},"end":{"line":2909,"column":null}},"164":{"start":{"line":2910,"column":2},"end":{"line":2910,"column":null}},"165":{"start":{"line":2911,"column":2},"end":{"line":2911,"column":null}},"166":{"start":{"line":2912,"column":2},"end":{"line":2912,"column":null}},"167":{"start":{"line":2913,"column":2},"end":{"line":2913,"column":null}},"168":{"start":{"line":2914,"column":2},"end":{"line":2914,"column":null}},"169":{"start":{"line":2915,"column":2},"end":{"line":2915,"column":null}},"170":{"start":{"line":2916,"column":2},"end":{"line":2916,"column":null}},"171":{"start":{"line":2917,"column":2},"end":{"line":2917,"column":null}},"172":{"start":{"line":2918,"column":2},"end":{"line":2918,"column":null}},"173":{"start":{"line":2919,"column":2},"end":{"line":2919,"column":null}},"174":{"start":{"line":2920,"column":2},"end":{"line":2920,"column":null}},"175":{"start":{"line":2921,"column":2},"end":{"line":2921,"column":null}},"176":{"start":{"line":2922,"column":2},"end":{"line":2922,"column":null}},"177":{"start":{"line":2964,"column":0},"end":{"line":2964,"column":null}},"178":{"start":{"line":2965,"column":2},"end":{"line":2965,"column":null}},"179":{"start":{"line":2966,"column":2},"end":{"line":2966,"column":null}},"180":{"start":{"line":2967,"column":2},"end":{"line":2967,"column":null}},"181":{"start":{"line":2968,"column":2},"end":{"line":2968,"column":null}},"182":{"start":{"line":2969,"column":2},"end":{"line":2969,"column":null}},"183":{"start":{"line":2970,"column":2},"end":{"line":2970,"column":null}},"184":{"start":{"line":2971,"column":2},"end":{"line":2971,"column":null}},"185":{"start":{"line":2972,"column":2},"end":{"line":2972,"column":null}},"186":{"start":{"line":2973,"column":2},"end":{"line":2973,"column":null}},"187":{"start":{"line":2974,"column":2},"end":{"line":2974,"column":null}},"188":{"start":{"line":2975,"column":2},"end":{"line":2975,"column":null}},"189":{"start":{"line":2976,"column":2},"end":{"line":2976,"column":null}},"190":{"start":{"line":2977,"column":2},"end":{"line":2977,"column":null}},"191":{"start":{"line":2978,"column":2},"end":{"line":2978,"column":null}},"192":{"start":{"line":2979,"column":2},"end":{"line":2979,"column":null}},"193":{"start":{"line":2980,"column":2},"end":{"line":2980,"column":null}},"194":{"start":{"line":2981,"column":2},"end":{"line":2981,"column":null}},"195":{"start":{"line":2982,"column":2},"end":{"line":2982,"column":null}},"196":{"start":{"line":2983,"column":2},"end":{"line":2983,"column":null}},"197":{"start":{"line":2984,"column":2},"end":{"line":2984,"column":null}},"198":{"start":{"line":2985,"column":2},"end":{"line":2985,"column":null}},"199":{"start":{"line":2991,"column":0},"end":{"line":2991,"column":null}},"200":{"start":{"line":2992,"column":2},"end":{"line":2992,"column":null}},"201":{"start":{"line":2993,"column":2},"end":{"line":2993,"column":null}},"202":{"start":{"line":3027,"column":0},"end":{"line":3027,"column":null}},"203":{"start":{"line":3028,"column":2},"end":{"line":3028,"column":null}},"204":{"start":{"line":3029,"column":2},"end":{"line":3029,"column":null}},"205":{"start":{"line":3030,"column":2},"end":{"line":3030,"column":null}},"206":{"start":{"line":3031,"column":2},"end":{"line":3031,"column":null}},"207":{"start":{"line":3481,"column":0},"end":{"line":3481,"column":null}},"208":{"start":{"line":3482,"column":2},"end":{"line":3482,"column":null}},"209":{"start":{"line":4373,"column":0},"end":{"line":4373,"column":null}},"210":{"start":{"line":4374,"column":2},"end":{"line":4374,"column":null}},"211":{"start":{"line":5109,"column":0},"end":{"line":5109,"column":null}},"212":{"start":{"line":5110,"column":2},"end":{"line":5110,"column":null}},"213":{"start":{"line":5111,"column":2},"end":{"line":5111,"column":null}},"214":{"start":{"line":5112,"column":2},"end":{"line":5112,"column":null}},"215":{"start":{"line":6092,"column":0},"end":{"line":6092,"column":null}},"216":{"start":{"line":6093,"column":2},"end":{"line":6093,"column":null}},"217":{"start":{"line":6094,"column":2},"end":{"line":6094,"column":null}},"218":{"start":{"line":6095,"column":2},"end":{"line":6095,"column":null}},"219":{"start":{"line":6096,"column":2},"end":{"line":6096,"column":null}},"220":{"start":{"line":6097,"column":2},"end":{"line":6097,"column":null}},"221":{"start":{"line":6106,"column":0},"end":{"line":6106,"column":null}},"222":{"start":{"line":6107,"column":2},"end":{"line":6107,"column":null}},"223":{"start":{"line":6108,"column":2},"end":{"line":6108,"column":null}},"224":{"start":{"line":6109,"column":2},"end":{"line":6109,"column":null}},"225":{"start":{"line":6112,"column":0},"end":{"line":6112,"column":null}},"226":{"start":{"line":6113,"column":2},"end":{"line":6113,"column":null}},"227":{"start":{"line":6402,"column":0},"end":{"line":6402,"column":null}},"228":{"start":{"line":6403,"column":2},"end":{"line":6403,"column":null}},"229":{"start":{"line":7706,"column":0},"end":{"line":7706,"column":null}},"230":{"start":{"line":7707,"column":2},"end":{"line":7707,"column":null}},"231":{"start":{"line":7708,"column":2},"end":{"line":7708,"column":null}},"232":{"start":{"line":7709,"column":2},"end":{"line":7709,"column":null}},"233":{"start":{"line":7710,"column":2},"end":{"line":7710,"column":null}},"234":{"start":{"line":7711,"column":2},"end":{"line":7711,"column":null}},"235":{"start":{"line":7712,"column":2},"end":{"line":7712,"column":null}},"236":{"start":{"line":7713,"column":2},"end":{"line":7713,"column":null}},"237":{"start":{"line":7714,"column":2},"end":{"line":7714,"column":null}},"238":{"start":{"line":7715,"column":2},"end":{"line":7715,"column":null}},"239":{"start":{"line":7716,"column":2},"end":{"line":7716,"column":null}},"240":{"start":{"line":7717,"column":2},"end":{"line":7717,"column":null}},"241":{"start":{"line":7718,"column":2},"end":{"line":7718,"column":null}},"242":{"start":{"line":7719,"column":2},"end":{"line":7719,"column":null}},"243":{"start":{"line":7720,"column":2},"end":{"line":7720,"column":null}},"244":{"start":{"line":7721,"column":2},"end":{"line":7721,"column":null}},"245":{"start":{"line":7722,"column":2},"end":{"line":7722,"column":null}},"246":{"start":{"line":7723,"column":2},"end":{"line":7723,"column":null}},"247":{"start":{"line":7724,"column":2},"end":{"line":7724,"column":null}},"248":{"start":{"line":7725,"column":2},"end":{"line":7725,"column":null}},"249":{"start":{"line":7726,"column":2},"end":{"line":7726,"column":null}},"250":{"start":{"line":7727,"column":2},"end":{"line":7727,"column":null}},"251":{"start":{"line":7728,"column":2},"end":{"line":7728,"column":null}},"252":{"start":{"line":7729,"column":2},"end":{"line":7729,"column":null}},"253":{"start":{"line":7730,"column":2},"end":{"line":7730,"column":null}},"254":{"start":{"line":7731,"column":2},"end":{"line":7731,"column":null}},"255":{"start":{"line":7732,"column":2},"end":{"line":7732,"column":null}},"256":{"start":{"line":7733,"column":2},"end":{"line":7733,"column":null}},"257":{"start":{"line":7734,"column":2},"end":{"line":7734,"column":null}},"258":{"start":{"line":7735,"column":2},"end":{"line":7735,"column":null}},"259":{"start":{"line":7736,"column":2},"end":{"line":7736,"column":null}},"260":{"start":{"line":7737,"column":2},"end":{"line":7737,"column":null}},"261":{"start":{"line":7738,"column":2},"end":{"line":7738,"column":null}},"262":{"start":{"line":7739,"column":2},"end":{"line":7739,"column":null}},"263":{"start":{"line":7740,"column":2},"end":{"line":7740,"column":null}},"264":{"start":{"line":7741,"column":2},"end":{"line":7741,"column":null}},"265":{"start":{"line":7742,"column":2},"end":{"line":7742,"column":null}},"266":{"start":{"line":7751,"column":0},"end":{"line":7751,"column":null}},"267":{"start":{"line":7752,"column":2},"end":{"line":7752,"column":null}},"268":{"start":{"line":7753,"column":2},"end":{"line":7753,"column":null}},"269":{"start":{"line":7797,"column":0},"end":{"line":7797,"column":null}},"270":{"start":{"line":7798,"column":2},"end":{"line":7798,"column":null}},"271":{"start":{"line":7799,"column":2},"end":{"line":7799,"column":null}},"272":{"start":{"line":7800,"column":2},"end":{"line":7800,"column":null}},"273":{"start":{"line":7801,"column":2},"end":{"line":7801,"column":null}},"274":{"start":{"line":7802,"column":2},"end":{"line":7802,"column":null}},"275":{"start":{"line":7803,"column":2},"end":{"line":7803,"column":null}},"276":{"start":{"line":7804,"column":2},"end":{"line":7804,"column":null}},"277":{"start":{"line":7805,"column":2},"end":{"line":7805,"column":null}},"278":{"start":{"line":7806,"column":2},"end":{"line":7806,"column":null}},"279":{"start":{"line":7807,"column":2},"end":{"line":7807,"column":null}},"280":{"start":{"line":7808,"column":2},"end":{"line":7808,"column":null}},"281":{"start":{"line":7809,"column":2},"end":{"line":7809,"column":null}},"282":{"start":{"line":7810,"column":2},"end":{"line":7810,"column":null}},"283":{"start":{"line":7818,"column":0},"end":{"line":7818,"column":null}},"284":{"start":{"line":7819,"column":2},"end":{"line":7819,"column":null}},"285":{"start":{"line":7820,"column":2},"end":{"line":7820,"column":null}},"286":{"start":{"line":7821,"column":2},"end":{"line":7821,"column":null}},"287":{"start":{"line":7829,"column":0},"end":{"line":7829,"column":null}},"288":{"start":{"line":7830,"column":2},"end":{"line":7830,"column":null}},"289":{"start":{"line":7831,"column":2},"end":{"line":7831,"column":null}},"290":{"start":{"line":7832,"column":2},"end":{"line":7832,"column":null}},"291":{"start":{"line":7839,"column":0},"end":{"line":7839,"column":null}},"292":{"start":{"line":7840,"column":2},"end":{"line":7840,"column":null}},"293":{"start":{"line":7841,"column":2},"end":{"line":7841,"column":null}},"294":{"start":{"line":7865,"column":0},"end":{"line":7865,"column":null}},"295":{"start":{"line":7866,"column":2},"end":{"line":7866,"column":null}},"296":{"start":{"line":7867,"column":2},"end":{"line":7867,"column":null}},"297":{"start":{"line":7868,"column":2},"end":{"line":7868,"column":null}},"298":{"start":{"line":7869,"column":2},"end":{"line":7869,"column":null}},"299":{"start":{"line":7870,"column":2},"end":{"line":7870,"column":null}},"300":{"start":{"line":8179,"column":0},"end":{"line":8179,"column":null}},"301":{"start":{"line":8180,"column":2},"end":{"line":8180,"column":null}},"302":{"start":{"line":8191,"column":0},"end":{"line":8191,"column":null}},"303":{"start":{"line":8192,"column":2},"end":{"line":8192,"column":null}},"304":{"start":{"line":8193,"column":2},"end":{"line":8193,"column":null}},"305":{"start":{"line":8194,"column":2},"end":{"line":8194,"column":null}},"306":{"start":{"line":8195,"column":2},"end":{"line":8195,"column":null}},"307":{"start":{"line":8196,"column":2},"end":{"line":8196,"column":null}},"308":{"start":{"line":8197,"column":2},"end":{"line":8197,"column":null}},"309":{"start":{"line":8198,"column":2},"end":{"line":8198,"column":null}},"310":{"start":{"line":8199,"column":2},"end":{"line":8199,"column":null}},"311":{"start":{"line":8200,"column":2},"end":{"line":8200,"column":null}},"312":{"start":{"line":8201,"column":2},"end":{"line":8201,"column":null}},"313":{"start":{"line":8202,"column":2},"end":{"line":8202,"column":null}},"314":{"start":{"line":8203,"column":2},"end":{"line":8203,"column":null}},"315":{"start":{"line":8204,"column":2},"end":{"line":8204,"column":null}},"316":{"start":{"line":8205,"column":2},"end":{"line":8205,"column":null}},"317":{"start":{"line":8206,"column":2},"end":{"line":8206,"column":null}},"318":{"start":{"line":8299,"column":0},"end":{"line":8299,"column":null}},"319":{"start":{"line":8300,"column":2},"end":{"line":8300,"column":null}},"320":{"start":{"line":8301,"column":2},"end":{"line":8301,"column":null}},"321":{"start":{"line":8302,"column":2},"end":{"line":8302,"column":null}},"322":{"start":{"line":8303,"column":2},"end":{"line":8303,"column":null}},"323":{"start":{"line":8304,"column":2},"end":{"line":8304,"column":null}},"324":{"start":{"line":8305,"column":2},"end":{"line":8305,"column":null}},"325":{"start":{"line":8306,"column":2},"end":{"line":8306,"column":null}},"326":{"start":{"line":8307,"column":2},"end":{"line":8307,"column":null}},"327":{"start":{"line":8308,"column":2},"end":{"line":8308,"column":null}},"328":{"start":{"line":8309,"column":2},"end":{"line":8309,"column":null}},"329":{"start":{"line":8310,"column":2},"end":{"line":8310,"column":null}},"330":{"start":{"line":8311,"column":2},"end":{"line":8311,"column":null}},"331":{"start":{"line":8312,"column":2},"end":{"line":8312,"column":null}},"332":{"start":{"line":8313,"column":2},"end":{"line":8313,"column":null}},"333":{"start":{"line":8333,"column":0},"end":{"line":8333,"column":null}},"334":{"start":{"line":8334,"column":2},"end":{"line":8334,"column":null}},"335":{"start":{"line":8335,"column":2},"end":{"line":8335,"column":null}},"336":{"start":{"line":8487,"column":0},"end":{"line":8487,"column":null}},"337":{"start":{"line":8488,"column":2},"end":{"line":8488,"column":null}},"338":{"start":{"line":8532,"column":0},"end":{"line":8532,"column":null}},"339":{"start":{"line":8533,"column":2},"end":{"line":8533,"column":null}},"340":{"start":{"line":8534,"column":2},"end":{"line":8534,"column":null}},"341":{"start":{"line":8585,"column":0},"end":{"line":8585,"column":null}},"342":{"start":{"line":8586,"column":2},"end":{"line":8586,"column":null}},"343":{"start":{"line":8587,"column":2},"end":{"line":8587,"column":null}},"344":{"start":{"line":8588,"column":2},"end":{"line":8588,"column":null}},"345":{"start":{"line":8591,"column":0},"end":{"line":8591,"column":null}},"346":{"start":{"line":8592,"column":2},"end":{"line":8592,"column":null}},"347":{"start":{"line":8593,"column":2},"end":{"line":8593,"column":null}},"348":{"start":{"line":8594,"column":2},"end":{"line":8594,"column":null}},"349":{"start":{"line":8698,"column":0},"end":{"line":8698,"column":null}},"350":{"start":{"line":8699,"column":2},"end":{"line":8699,"column":null}},"351":{"start":{"line":8700,"column":2},"end":{"line":8700,"column":null}},"352":{"start":{"line":8706,"column":0},"end":{"line":8706,"column":null}},"353":{"start":{"line":8707,"column":2},"end":{"line":8707,"column":null}},"354":{"start":{"line":8708,"column":2},"end":{"line":8708,"column":null}},"355":{"start":{"line":8709,"column":2},"end":{"line":8709,"column":null}},"356":{"start":{"line":8710,"column":2},"end":{"line":8710,"column":null}},"357":{"start":{"line":8711,"column":2},"end":{"line":8711,"column":null}},"358":{"start":{"line":9054,"column":0},"end":{"line":9054,"column":null}},"359":{"start":{"line":9055,"column":2},"end":{"line":9055,"column":null}},"360":{"start":{"line":9056,"column":2},"end":{"line":9056,"column":null}},"361":{"start":{"line":9057,"column":2},"end":{"line":9057,"column":null}},"362":{"start":{"line":9058,"column":2},"end":{"line":9058,"column":null}},"363":{"start":{"line":9059,"column":2},"end":{"line":9059,"column":null}},"364":{"start":{"line":9060,"column":2},"end":{"line":9060,"column":null}},"365":{"start":{"line":9061,"column":2},"end":{"line":9061,"column":null}},"366":{"start":{"line":9062,"column":2},"end":{"line":9062,"column":null}},"367":{"start":{"line":9063,"column":2},"end":{"line":9063,"column":null}},"368":{"start":{"line":9064,"column":2},"end":{"line":9064,"column":null}},"369":{"start":{"line":9065,"column":2},"end":{"line":9065,"column":null}},"370":{"start":{"line":9066,"column":2},"end":{"line":9066,"column":null}},"371":{"start":{"line":9067,"column":2},"end":{"line":9067,"column":null}},"372":{"start":{"line":9068,"column":2},"end":{"line":9068,"column":null}},"373":{"start":{"line":9069,"column":2},"end":{"line":9069,"column":null}},"374":{"start":{"line":9070,"column":2},"end":{"line":9070,"column":null}},"375":{"start":{"line":9071,"column":2},"end":{"line":9071,"column":null}},"376":{"start":{"line":9072,"column":2},"end":{"line":9072,"column":null}},"377":{"start":{"line":9073,"column":2},"end":{"line":9073,"column":null}},"378":{"start":{"line":9074,"column":2},"end":{"line":9074,"column":null}},"379":{"start":{"line":9075,"column":2},"end":{"line":9075,"column":null}},"380":{"start":{"line":9076,"column":2},"end":{"line":9076,"column":null}},"381":{"start":{"line":9077,"column":2},"end":{"line":9077,"column":null}},"382":{"start":{"line":9078,"column":2},"end":{"line":9078,"column":null}},"383":{"start":{"line":9079,"column":2},"end":{"line":9079,"column":null}},"384":{"start":{"line":9080,"column":2},"end":{"line":9080,"column":null}},"385":{"start":{"line":9081,"column":2},"end":{"line":9081,"column":null}},"386":{"start":{"line":9082,"column":2},"end":{"line":9082,"column":null}},"387":{"start":{"line":9083,"column":2},"end":{"line":9083,"column":null}},"388":{"start":{"line":9084,"column":2},"end":{"line":9084,"column":null}},"389":{"start":{"line":9085,"column":2},"end":{"line":9085,"column":null}},"390":{"start":{"line":9086,"column":2},"end":{"line":9086,"column":null}},"391":{"start":{"line":9087,"column":2},"end":{"line":9087,"column":null}},"392":{"start":{"line":10424,"column":0},"end":{"line":10424,"column":null}},"393":{"start":{"line":10425,"column":2},"end":{"line":10425,"column":null}},"394":{"start":{"line":10531,"column":0},"end":{"line":10531,"column":null}},"395":{"start":{"line":10532,"column":2},"end":{"line":10532,"column":null}},"396":{"start":{"line":10533,"column":2},"end":{"line":10533,"column":null}},"397":{"start":{"line":10534,"column":2},"end":{"line":10534,"column":null}},"398":{"start":{"line":10535,"column":2},"end":{"line":10535,"column":null}},"399":{"start":{"line":10567,"column":0},"end":{"line":10567,"column":null}},"400":{"start":{"line":10568,"column":2},"end":{"line":10568,"column":null}},"401":{"start":{"line":10569,"column":2},"end":{"line":10569,"column":null}},"402":{"start":{"line":10570,"column":2},"end":{"line":10570,"column":null}},"403":{"start":{"line":10741,"column":0},"end":{"line":10741,"column":null}},"404":{"start":{"line":10742,"column":2},"end":{"line":10742,"column":null}}},"fnMap":{"0":{"name":"(anonymous_0)","decl":{"start":{"line":303,"column":0},"end":{"line":303,"column":12}},"loc":{"start":{"line":303,"column":23},"end":{"line":307,"column":1}}},"1":{"name":"(anonymous_1)","decl":{"start":{"line":346,"column":0},"end":{"line":346,"column":12}},"loc":{"start":{"line":346,"column":20},"end":{"line":349,"column":1}}},"2":{"name":"(anonymous_2)","decl":{"start":{"line":358,"column":0},"end":{"line":358,"column":12}},"loc":{"start":{"line":358,"column":24},"end":{"line":362,"column":1}}},"3":{"name":"(anonymous_3)","decl":{"start":{"line":376,"column":0},"end":{"line":376,"column":12}},"loc":{"start":{"line":376,"column":22},"end":{"line":379,"column":1}}},"4":{"name":"(anonymous_4)","decl":{"start":{"line":1011,"column":0},"end":{"line":1011,"column":12}},"loc":{"start":{"line":1011,"column":26},"end":{"line":1017,"column":1}}},"5":{"name":"(anonymous_5)","decl":{"start":{"line":1540,"column":0},"end":{"line":1540,"column":12}},"loc":{"start":{"line":1540,"column":23},"end":{"line":1563,"column":1}}},"6":{"name":"(anonymous_6)","decl":{"start":{"line":1770,"column":0},"end":{"line":1770,"column":12}},"loc":{"start":{"line":1770,"column":20},"end":{"line":1817,"column":1}}},"7":{"name":"(anonymous_7)","decl":{"start":{"line":1994,"column":0},"end":{"line":1994,"column":12}},"loc":{"start":{"line":1994,"column":22},"end":{"line":1998,"column":1}}},"8":{"name":"(anonymous_8)","decl":{"start":{"line":2410,"column":0},"end":{"line":2410,"column":12}},"loc":{"start":{"line":2410,"column":23},"end":{"line":2413,"column":1}}},"9":{"name":"(anonymous_9)","decl":{"start":{"line":2423,"column":0},"end":{"line":2423,"column":12}},"loc":{"start":{"line":2423,"column":22},"end":{"line":2426,"column":1}}},"10":{"name":"(anonymous_10)","decl":{"start":{"line":2446,"column":0},"end":{"line":2446,"column":12}},"loc":{"start":{"line":2446,"column":17},"end":{"line":2450,"column":1}}},"11":{"name":"(anonymous_11)","decl":{"start":{"line":2478,"column":0},"end":{"line":2478,"column":12}},"loc":{"start":{"line":2478,"column":24},"end":{"line":2483,"column":1}}},"12":{"name":"(anonymous_12)","decl":{"start":{"line":2485,"column":0},"end":{"line":2485,"column":12}},"loc":{"start":{"line":2485,"column":26},"end":{"line":2490,"column":1}}},"13":{"name":"(anonymous_13)","decl":{"start":{"line":2492,"column":0},"end":{"line":2492,"column":12}},"loc":{"start":{"line":2492,"column":28},"end":{"line":2495,"column":1}}},"14":{"name":"(anonymous_14)","decl":{"start":{"line":2510,"column":0},"end":{"line":2510,"column":12}},"loc":{"start":{"line":2510,"column":24},"end":{"line":2520,"column":1}}},"15":{"name":"(anonymous_15)","decl":{"start":{"line":2522,"column":0},"end":{"line":2522,"column":12}},"loc":{"start":{"line":2522,"column":23},"end":{"line":2526,"column":1}}},"16":{"name":"(anonymous_16)","decl":{"start":{"line":2541,"column":0},"end":{"line":2541,"column":12}},"loc":{"start":{"line":2541,"column":18},"end":{"line":2546,"column":1}}},"17":{"name":"(anonymous_17)","decl":{"start":{"line":2555,"column":0},"end":{"line":2555,"column":12}},"loc":{"start":{"line":2555,"column":22},"end":{"line":2558,"column":1}}},"18":{"name":"(anonymous_18)","decl":{"start":{"line":2816,"column":0},"end":{"line":2816,"column":12}},"loc":{"start":{"line":2816,"column":18},"end":{"line":2818,"column":1}}},"19":{"name":"(anonymous_19)","decl":{"start":{"line":2825,"column":0},"end":{"line":2825,"column":12}},"loc":{"start":{"line":2825,"column":38},"end":{"line":2829,"column":1}}},"20":{"name":"(anonymous_20)","decl":{"start":{"line":2831,"column":0},"end":{"line":2831,"column":12}},"loc":{"start":{"line":2831,"column":28},"end":{"line":2840,"column":1}}},"21":{"name":"(anonymous_21)","decl":{"start":{"line":2847,"column":0},"end":{"line":2847,"column":12}},"loc":{"start":{"line":2847,"column":20},"end":{"line":2855,"column":1}}},"22":{"name":"(anonymous_22)","decl":{"start":{"line":2908,"column":0},"end":{"line":2908,"column":12}},"loc":{"start":{"line":2908,"column":21},"end":{"line":2923,"column":1}}},"23":{"name":"(anonymous_23)","decl":{"start":{"line":2964,"column":0},"end":{"line":2964,"column":12}},"loc":{"start":{"line":2964,"column":32},"end":{"line":2986,"column":1}}},"24":{"name":"(anonymous_24)","decl":{"start":{"line":2991,"column":0},"end":{"line":2991,"column":12}},"loc":{"start":{"line":2991,"column":21},"end":{"line":2994,"column":1}}},"25":{"name":"(anonymous_25)","decl":{"start":{"line":3027,"column":0},"end":{"line":3027,"column":12}},"loc":{"start":{"line":3027,"column":24},"end":{"line":3032,"column":1}}},"26":{"name":"(anonymous_26)","decl":{"start":{"line":3481,"column":0},"end":{"line":3481,"column":12}},"loc":{"start":{"line":3481,"column":19},"end":{"line":3483,"column":1}}},"27":{"name":"(anonymous_27)","decl":{"start":{"line":4373,"column":0},"end":{"line":4373,"column":12}},"loc":{"start":{"line":4373,"column":24},"end":{"line":4375,"column":1}}},"28":{"name":"(anonymous_28)","decl":{"start":{"line":5109,"column":0},"end":{"line":5109,"column":12}},"loc":{"start":{"line":5109,"column":24},"end":{"line":5113,"column":1}}},"29":{"name":"(anonymous_29)","decl":{"start":{"line":6092,"column":0},"end":{"line":6092,"column":12}},"loc":{"start":{"line":6092,"column":24},"end":{"line":6098,"column":1}}},"30":{"name":"(anonymous_30)","decl":{"start":{"line":6106,"column":0},"end":{"line":6106,"column":12}},"loc":{"start":{"line":6106,"column":23},"end":{"line":6110,"column":1}}},"31":{"name":"(anonymous_31)","decl":{"start":{"line":6112,"column":0},"end":{"line":6112,"column":12}},"loc":{"start":{"line":6112,"column":23},"end":{"line":6114,"column":1}}},"32":{"name":"(anonymous_32)","decl":{"start":{"line":6402,"column":0},"end":{"line":6402,"column":12}},"loc":{"start":{"line":6402,"column":23},"end":{"line":6404,"column":1}}},"33":{"name":"(anonymous_33)","decl":{"start":{"line":7706,"column":0},"end":{"line":7706,"column":12}},"loc":{"start":{"line":7706,"column":18},"end":{"line":7743,"column":1}}},"34":{"name":"(anonymous_34)","decl":{"start":{"line":7751,"column":0},"end":{"line":7751,"column":12}},"loc":{"start":{"line":7751,"column":15},"end":{"line":7754,"column":1}}},"35":{"name":"(anonymous_35)","decl":{"start":{"line":7797,"column":0},"end":{"line":7797,"column":12}},"loc":{"start":{"line":7797,"column":23},"end":{"line":7811,"column":1}}},"36":{"name":"(anonymous_36)","decl":{"start":{"line":7818,"column":0},"end":{"line":7818,"column":12}},"loc":{"start":{"line":7818,"column":21},"end":{"line":7822,"column":1}}},"37":{"name":"(anonymous_37)","decl":{"start":{"line":7829,"column":0},"end":{"line":7829,"column":12}},"loc":{"start":{"line":7829,"column":22},"end":{"line":7833,"column":1}}},"38":{"name":"(anonymous_38)","decl":{"start":{"line":7839,"column":0},"end":{"line":7839,"column":12}},"loc":{"start":{"line":7839,"column":19},"end":{"line":7842,"column":1}}},"39":{"name":"(anonymous_39)","decl":{"start":{"line":7865,"column":0},"end":{"line":7865,"column":12}},"loc":{"start":{"line":7865,"column":24},"end":{"line":7871,"column":1}}},"40":{"name":"(anonymous_40)","decl":{"start":{"line":8179,"column":0},"end":{"line":8179,"column":12}},"loc":{"start":{"line":8179,"column":21},"end":{"line":8181,"column":1}}},"41":{"name":"(anonymous_41)","decl":{"start":{"line":8191,"column":0},"end":{"line":8191,"column":12}},"loc":{"start":{"line":8191,"column":16},"end":{"line":8207,"column":1}}},"42":{"name":"(anonymous_42)","decl":{"start":{"line":8299,"column":0},"end":{"line":8299,"column":12}},"loc":{"start":{"line":8299,"column":26},"end":{"line":8314,"column":1}}},"43":{"name":"(anonymous_43)","decl":{"start":{"line":8333,"column":0},"end":{"line":8333,"column":12}},"loc":{"start":{"line":8333,"column":23},"end":{"line":8336,"column":1}}},"44":{"name":"(anonymous_44)","decl":{"start":{"line":8487,"column":0},"end":{"line":8487,"column":12}},"loc":{"start":{"line":8487,"column":20},"end":{"line":8489,"column":1}}},"45":{"name":"(anonymous_45)","decl":{"start":{"line":8532,"column":0},"end":{"line":8532,"column":12}},"loc":{"start":{"line":8532,"column":17},"end":{"line":8535,"column":1}}},"46":{"name":"(anonymous_46)","decl":{"start":{"line":8585,"column":0},"end":{"line":8585,"column":12}},"loc":{"start":{"line":8585,"column":31},"end":{"line":8589,"column":1}}},"47":{"name":"(anonymous_47)","decl":{"start":{"line":8591,"column":0},"end":{"line":8591,"column":12}},"loc":{"start":{"line":8591,"column":28},"end":{"line":8595,"column":1}}},"48":{"name":"(anonymous_48)","decl":{"start":{"line":8698,"column":0},"end":{"line":8698,"column":12}},"loc":{"start":{"line":8698,"column":22},"end":{"line":8701,"column":1}}},"49":{"name":"(anonymous_49)","decl":{"start":{"line":8706,"column":0},"end":{"line":8706,"column":12}},"loc":{"start":{"line":8706,"column":23},"end":{"line":8712,"column":1}}},"50":{"name":"(anonymous_50)","decl":{"start":{"line":9054,"column":0},"end":{"line":9054,"column":12}},"loc":{"start":{"line":9054,"column":14},"end":{"line":9088,"column":1}}},"51":{"name":"(anonymous_51)","decl":{"start":{"line":10424,"column":0},"end":{"line":10424,"column":12}},"loc":{"start":{"line":10424,"column":22},"end":{"line":10426,"column":1}}},"52":{"name":"(anonymous_52)","decl":{"start":{"line":10531,"column":0},"end":{"line":10531,"column":12}},"loc":{"start":{"line":10531,"column":27},"end":{"line":10536,"column":1}}},"53":{"name":"(anonymous_53)","decl":{"start":{"line":10567,"column":0},"end":{"line":10567,"column":12}},"loc":{"start":{"line":10567,"column":22},"end":{"line":10571,"column":1}}},"54":{"name":"(anonymous_54)","decl":{"start":{"line":10741,"column":0},"end":{"line":10741,"column":12}},"loc":{"start":{"line":10741,"column":25},"end":{"line":10743,"column":1}}}},"branchMap":{"0":{"loc":{"start":{"line":303,"column":12},"end":{"line":303,"column":23}},"type":"binary-expr","locations":[{"start":{"line":303,"column":12},"end":{"line":303,"column":23}},{"start":{"line":303,"column":12},"end":{"line":303,"column":null}}]},"1":{"loc":{"start":{"line":346,"column":12},"end":{"line":346,"column":20}},"type":"binary-expr","locations":[{"start":{"line":346,"column":12},"end":{"line":346,"column":20}},{"start":{"line":346,"column":12},"end":{"line":346,"column":null}}]},"2":{"loc":{"start":{"line":358,"column":12},"end":{"line":358,"column":24}},"type":"binary-expr","locations":[{"start":{"line":358,"column":12},"end":{"line":358,"column":24}},{"start":{"line":358,"column":12},"end":{"line":358,"column":null}}]},"3":{"loc":{"start":{"line":376,"column":12},"end":{"line":376,"column":22}},"type":"binary-expr","locations":[{"start":{"line":376,"column":12},"end":{"line":376,"column":22}},{"start":{"line":376,"column":12},"end":{"line":376,"column":null}}]},"4":{"loc":{"start":{"line":1011,"column":12},"end":{"line":1011,"column":26}},"type":"binary-expr","locations":[{"start":{"line":1011,"column":12},"end":{"line":1011,"column":26}},{"start":{"line":1011,"column":12},"end":{"line":1011,"column":null}}]},"5":{"loc":{"start":{"line":1540,"column":12},"end":{"line":1540,"column":23}},"type":"binary-expr","locations":[{"start":{"line":1540,"column":12},"end":{"line":1540,"column":23}},{"start":{"line":1540,"column":12},"end":{"line":1540,"column":null}}]},"6":{"loc":{"start":{"line":1770,"column":12},"end":{"line":1770,"column":20}},"type":"binary-expr","locations":[{"start":{"line":1770,"column":12},"end":{"line":1770,"column":20}},{"start":{"line":1770,"column":12},"end":{"line":1770,"column":null}}]},"7":{"loc":{"start":{"line":1994,"column":12},"end":{"line":1994,"column":22}},"type":"binary-expr","locations":[{"start":{"line":1994,"column":12},"end":{"line":1994,"column":22}},{"start":{"line":1994,"column":12},"end":{"line":1994,"column":null}}]},"8":{"loc":{"start":{"line":2410,"column":12},"end":{"line":2410,"column":23}},"type":"binary-expr","locations":[{"start":{"line":2410,"column":12},"end":{"line":2410,"column":23}},{"start":{"line":2410,"column":12},"end":{"line":2410,"column":null}}]},"9":{"loc":{"start":{"line":2423,"column":12},"end":{"line":2423,"column":22}},"type":"binary-expr","locations":[{"start":{"line":2423,"column":12},"end":{"line":2423,"column":22}},{"start":{"line":2423,"column":12},"end":{"line":2423,"column":null}}]},"10":{"loc":{"start":{"line":2446,"column":12},"end":{"line":2446,"column":17}},"type":"binary-expr","locations":[{"start":{"line":2446,"column":12},"end":{"line":2446,"column":17}},{"start":{"line":2446,"column":12},"end":{"line":2446,"column":null}}]},"11":{"loc":{"start":{"line":2478,"column":12},"end":{"line":2478,"column":24}},"type":"binary-expr","locations":[{"start":{"line":2478,"column":12},"end":{"line":2478,"column":24}},{"start":{"line":2478,"column":12},"end":{"line":2478,"column":null}}]},"12":{"loc":{"start":{"line":2485,"column":12},"end":{"line":2485,"column":26}},"type":"binary-expr","locations":[{"start":{"line":2485,"column":12},"end":{"line":2485,"column":26}},{"start":{"line":2485,"column":12},"end":{"line":2485,"column":null}}]},"13":{"loc":{"start":{"line":2492,"column":12},"end":{"line":2492,"column":28}},"type":"binary-expr","locations":[{"start":{"line":2492,"column":12},"end":{"line":2492,"column":28}},{"start":{"line":2492,"column":12},"end":{"line":2492,"column":null}}]},"14":{"loc":{"start":{"line":2510,"column":12},"end":{"line":2510,"column":24}},"type":"binary-expr","locations":[{"start":{"line":2510,"column":12},"end":{"line":2510,"column":24}},{"start":{"line":2510,"column":12},"end":{"line":2510,"column":null}}]},"15":{"loc":{"start":{"line":2522,"column":12},"end":{"line":2522,"column":23}},"type":"binary-expr","locations":[{"start":{"line":2522,"column":12},"end":{"line":2522,"column":23}},{"start":{"line":2522,"column":12},"end":{"line":2522,"column":null}}]},"16":{"loc":{"start":{"line":2541,"column":12},"end":{"line":2541,"column":18}},"type":"binary-expr","locations":[{"start":{"line":2541,"column":12},"end":{"line":2541,"column":18}},{"start":{"line":2541,"column":12},"end":{"line":2541,"column":null}}]},"17":{"loc":{"start":{"line":2555,"column":12},"end":{"line":2555,"column":22}},"type":"binary-expr","locations":[{"start":{"line":2555,"column":12},"end":{"line":2555,"column":22}},{"start":{"line":2555,"column":12},"end":{"line":2555,"column":null}}]},"18":{"loc":{"start":{"line":2816,"column":12},"end":{"line":2816,"column":18}},"type":"binary-expr","locations":[{"start":{"line":2816,"column":12},"end":{"line":2816,"column":18}},{"start":{"line":2816,"column":12},"end":{"line":2816,"column":null}}]},"19":{"loc":{"start":{"line":2825,"column":12},"end":{"line":2825,"column":38}},"type":"binary-expr","locations":[{"start":{"line":2825,"column":12},"end":{"line":2825,"column":38}},{"start":{"line":2825,"column":12},"end":{"line":2825,"column":null}}]},"20":{"loc":{"start":{"line":2831,"column":12},"end":{"line":2831,"column":28}},"type":"binary-expr","locations":[{"start":{"line":2831,"column":12},"end":{"line":2831,"column":28}},{"start":{"line":2831,"column":12},"end":{"line":2831,"column":null}}]},"21":{"loc":{"start":{"line":2847,"column":12},"end":{"line":2847,"column":20}},"type":"binary-expr","locations":[{"start":{"line":2847,"column":12},"end":{"line":2847,"column":20}},{"start":{"line":2847,"column":12},"end":{"line":2847,"column":null}}]},"22":{"loc":{"start":{"line":2908,"column":12},"end":{"line":2908,"column":21}},"type":"binary-expr","locations":[{"start":{"line":2908,"column":12},"end":{"line":2908,"column":21}},{"start":{"line":2908,"column":12},"end":{"line":2908,"column":null}}]},"23":{"loc":{"start":{"line":2964,"column":12},"end":{"line":2964,"column":32}},"type":"binary-expr","locations":[{"start":{"line":2964,"column":12},"end":{"line":2964,"column":32}},{"start":{"line":2964,"column":12},"end":{"line":2964,"column":null}}]},"24":{"loc":{"start":{"line":2991,"column":12},"end":{"line":2991,"column":21}},"type":"binary-expr","locations":[{"start":{"line":2991,"column":12},"end":{"line":2991,"column":21}},{"start":{"line":2991,"column":12},"end":{"line":2991,"column":null}}]},"25":{"loc":{"start":{"line":3027,"column":12},"end":{"line":3027,"column":24}},"type":"binary-expr","locations":[{"start":{"line":3027,"column":12},"end":{"line":3027,"column":24}},{"start":{"line":3027,"column":12},"end":{"line":3027,"column":null}}]},"26":{"loc":{"start":{"line":3481,"column":12},"end":{"line":3481,"column":19}},"type":"binary-expr","locations":[{"start":{"line":3481,"column":12},"end":{"line":3481,"column":19}},{"start":{"line":3481,"column":12},"end":{"line":3481,"column":null}}]},"27":{"loc":{"start":{"line":4373,"column":12},"end":{"line":4373,"column":24}},"type":"binary-expr","locations":[{"start":{"line":4373,"column":12},"end":{"line":4373,"column":24}},{"start":{"line":4373,"column":12},"end":{"line":4373,"column":null}}]},"28":{"loc":{"start":{"line":5109,"column":12},"end":{"line":5109,"column":24}},"type":"binary-expr","locations":[{"start":{"line":5109,"column":12},"end":{"line":5109,"column":24}},{"start":{"line":5109,"column":12},"end":{"line":5109,"column":null}}]},"29":{"loc":{"start":{"line":6092,"column":12},"end":{"line":6092,"column":24}},"type":"binary-expr","locations":[{"start":{"line":6092,"column":12},"end":{"line":6092,"column":24}},{"start":{"line":6092,"column":12},"end":{"line":6092,"column":null}}]},"30":{"loc":{"start":{"line":6106,"column":12},"end":{"line":6106,"column":23}},"type":"binary-expr","locations":[{"start":{"line":6106,"column":12},"end":{"line":6106,"column":23}},{"start":{"line":6106,"column":12},"end":{"line":6106,"column":null}}]},"31":{"loc":{"start":{"line":6112,"column":12},"end":{"line":6112,"column":23}},"type":"binary-expr","locations":[{"start":{"line":6112,"column":12},"end":{"line":6112,"column":23}},{"start":{"line":6112,"column":12},"end":{"line":6112,"column":null}}]},"32":{"loc":{"start":{"line":6402,"column":12},"end":{"line":6402,"column":23}},"type":"binary-expr","locations":[{"start":{"line":6402,"column":12},"end":{"line":6402,"column":23}},{"start":{"line":6402,"column":12},"end":{"line":6402,"column":null}}]},"33":{"loc":{"start":{"line":7706,"column":12},"end":{"line":7706,"column":18}},"type":"binary-expr","locations":[{"start":{"line":7706,"column":12},"end":{"line":7706,"column":18}},{"start":{"line":7706,"column":12},"end":{"line":7706,"column":null}}]},"34":{"loc":{"start":{"line":7751,"column":12},"end":{"line":7751,"column":15}},"type":"binary-expr","locations":[{"start":{"line":7751,"column":12},"end":{"line":7751,"column":15}},{"start":{"line":7751,"column":12},"end":{"line":7751,"column":null}}]},"35":{"loc":{"start":{"line":7797,"column":12},"end":{"line":7797,"column":23}},"type":"binary-expr","locations":[{"start":{"line":7797,"column":12},"end":{"line":7797,"column":23}},{"start":{"line":7797,"column":12},"end":{"line":7797,"column":null}}]},"36":{"loc":{"start":{"line":7818,"column":12},"end":{"line":7818,"column":21}},"type":"binary-expr","locations":[{"start":{"line":7818,"column":12},"end":{"line":7818,"column":21}},{"start":{"line":7818,"column":12},"end":{"line":7818,"column":null}}]},"37":{"loc":{"start":{"line":7829,"column":12},"end":{"line":7829,"column":22}},"type":"binary-expr","locations":[{"start":{"line":7829,"column":12},"end":{"line":7829,"column":22}},{"start":{"line":7829,"column":12},"end":{"line":7829,"column":null}}]},"38":{"loc":{"start":{"line":7839,"column":12},"end":{"line":7839,"column":19}},"type":"binary-expr","locations":[{"start":{"line":7839,"column":12},"end":{"line":7839,"column":19}},{"start":{"line":7839,"column":12},"end":{"line":7839,"column":null}}]},"39":{"loc":{"start":{"line":7865,"column":12},"end":{"line":7865,"column":24}},"type":"binary-expr","locations":[{"start":{"line":7865,"column":12},"end":{"line":7865,"column":24}},{"start":{"line":7865,"column":12},"end":{"line":7865,"column":null}}]},"40":{"loc":{"start":{"line":8179,"column":12},"end":{"line":8179,"column":21}},"type":"binary-expr","locations":[{"start":{"line":8179,"column":12},"end":{"line":8179,"column":21}},{"start":{"line":8179,"column":12},"end":{"line":8179,"column":null}}]},"41":{"loc":{"start":{"line":8191,"column":12},"end":{"line":8191,"column":16}},"type":"binary-expr","locations":[{"start":{"line":8191,"column":12},"end":{"line":8191,"column":16}},{"start":{"line":8191,"column":12},"end":{"line":8191,"column":null}}]},"42":{"loc":{"start":{"line":8299,"column":12},"end":{"line":8299,"column":26}},"type":"binary-expr","locations":[{"start":{"line":8299,"column":12},"end":{"line":8299,"column":26}},{"start":{"line":8299,"column":12},"end":{"line":8299,"column":null}}]},"43":{"loc":{"start":{"line":8333,"column":12},"end":{"line":8333,"column":23}},"type":"binary-expr","locations":[{"start":{"line":8333,"column":12},"end":{"line":8333,"column":23}},{"start":{"line":8333,"column":12},"end":{"line":8333,"column":null}}]},"44":{"loc":{"start":{"line":8487,"column":12},"end":{"line":8487,"column":20}},"type":"binary-expr","locations":[{"start":{"line":8487,"column":12},"end":{"line":8487,"column":20}},{"start":{"line":8487,"column":12},"end":{"line":8487,"column":null}}]},"45":{"loc":{"start":{"line":8532,"column":12},"end":{"line":8532,"column":17}},"type":"binary-expr","locations":[{"start":{"line":8532,"column":12},"end":{"line":8532,"column":17}},{"start":{"line":8532,"column":12},"end":{"line":8532,"column":null}}]},"46":{"loc":{"start":{"line":8585,"column":12},"end":{"line":8585,"column":31}},"type":"binary-expr","locations":[{"start":{"line":8585,"column":12},"end":{"line":8585,"column":31}},{"start":{"line":8585,"column":12},"end":{"line":8585,"column":null}}]},"47":{"loc":{"start":{"line":8591,"column":12},"end":{"line":8591,"column":28}},"type":"binary-expr","locations":[{"start":{"line":8591,"column":12},"end":{"line":8591,"column":28}},{"start":{"line":8591,"column":12},"end":{"line":8591,"column":null}}]},"48":{"loc":{"start":{"line":8698,"column":12},"end":{"line":8698,"column":22}},"type":"binary-expr","locations":[{"start":{"line":8698,"column":12},"end":{"line":8698,"column":22}},{"start":{"line":8698,"column":12},"end":{"line":8698,"column":null}}]},"49":{"loc":{"start":{"line":8706,"column":12},"end":{"line":8706,"column":23}},"type":"binary-expr","locations":[{"start":{"line":8706,"column":12},"end":{"line":8706,"column":23}},{"start":{"line":8706,"column":12},"end":{"line":8706,"column":null}}]},"50":{"loc":{"start":{"line":9054,"column":12},"end":{"line":9054,"column":14}},"type":"binary-expr","locations":[{"start":{"line":9054,"column":12},"end":{"line":9054,"column":14}},{"start":{"line":9054,"column":12},"end":{"line":9054,"column":null}}]},"51":{"loc":{"start":{"line":10424,"column":12},"end":{"line":10424,"column":22}},"type":"binary-expr","locations":[{"start":{"line":10424,"column":12},"end":{"line":10424,"column":22}},{"start":{"line":10424,"column":12},"end":{"line":10424,"column":null}}]},"52":{"loc":{"start":{"line":10531,"column":12},"end":{"line":10531,"column":27}},"type":"binary-expr","locations":[{"start":{"line":10531,"column":12},"end":{"line":10531,"column":27}},{"start":{"line":10531,"column":12},"end":{"line":10531,"column":null}}]},"53":{"loc":{"start":{"line":10567,"column":12},"end":{"line":10567,"column":22}},"type":"binary-expr","locations":[{"start":{"line":10567,"column":12},"end":{"line":10567,"column":22}},{"start":{"line":10567,"column":12},"end":{"line":10567,"column":null}}]},"54":{"loc":{"start":{"line":10741,"column":12},"end":{"line":10741,"column":25}},"type":"binary-expr","locations":[{"start":{"line":10741,"column":12},"end":{"line":10741,"column":25}},{"start":{"line":10741,"column":12},"end":{"line":10741,"column":null}}]}},"s":{"0":1,"1":1,"2":1,"3":1,"4":1,"5":1,"6":1,"7":1,"8":1,"9":1,"10":1,"11":1,"12":1,"13":1,"14":1,"15":1,"16":1,"17":1,"18":1,"19":1,"20":1,"21":1,"22":1,"23":1,"24":1,"25":1,"26":1,"27":1,"28":1,"29":1,"30":1,"31":1,"32":1,"33":1,"34":1,"35":1,"36":1,"37":1,"38":1,"39":1,"40":1,"41":1,"42":1,"43":1,"44":1,"45":1,"46":1,"47":1,"48":1,"49":1,"50":1,"51":1,"52":1,"53":1,"54":1,"55":1,"56":1,"57":1,"58":1,"59":1,"60":1,"61":1,"62":1,"63":1,"64":1,"65":1,"66":1,"67":1,"68":1,"69":1,"70":1,"71":1,"72":1,"73":1,"74":1,"75":1,"76":1,"77":1,"78":1,"79":1,"80":1,"81":1,"82":1,"83":1,"84":1,"85":1,"86":1,"87":1,"88":1,"89":1,"90":1,"91":1,"92":1,"93":1,"94":1,"95":1,"96":1,"97":1,"98":1,"99":1,"100":1,"101":1,"102":1,"103":1,"104":1,"105":1,"106":1,"107":1,"108":1,"109":1,"110":1,"111":1,"112":1,"113":1,"114":1,"115":1,"116":1,"117":1,"118":1,"119":1,"120":1,"121":1,"122":1,"123":1,"124":1,"125":1,"126":1,"127":1,"128":1,"129":1,"130":1,"131":1,"132":1,"133":1,"134":1,"135":1,"136":1,"137":1,"138":1,"139":1,"140":1,"141":1,"142":1,"143":1,"144":1,"145":1,"146":1,"147":1,"148":1,"149":1,"150":1,"151":1,"152":1,"153":1,"154":1,"155":1,"156":1,"157":1,"158":1,"159":1,"160":1,"161":1,"162":1,"163":1,"164":1,"165":1,"166":1,"167":1,"168":1,"169":1,"170":1,"171":1,"172":1,"173":1,"174":1,"175":1,"176":1,"177":1,"178":1,"179":1,"180":1,"181":1,"182":1,"183":1,"184":1,"185":1,"186":1,"187":1,"188":1,"189":1,"190":1,"191":1,"192":1,"193":1,"194":1,"195":1,"196":1,"197":1,"198":1,"199":1,"200":1,"201":1,"202":1,"203":1,"204":1,"205":1,"206":1,"207":1,"208":1,"209":1,"210":1,"211":1,"212":1,"213":1,"214":1,"215":1,"216":1,"217":1,"218":1,"219":1,"220":1,"221":1,"222":1,"223":1,"224":1,"225":1,"226":1,"227":1,"228":1,"229":1,"230":1,"231":1,"232":1,"233":1,"234":1,"235":1,"236":1,"237":1,"238":1,"239":1,"240":1,"241":1,"242":1,"243":1,"244":1,"245":1,"246":1,"247":1,"248":1,"249":1,"250":1,"251":1,"252":1,"253":1,"254":1,"255":1,"256":1,"257":1,"258":1,"259":1,"260":1,"261":1,"262":1,"263":1,"264":1,"265":1,"266":1,"267":1,"268":1,"269":1,"270":1,"271":1,"272":1,"273":1,"274":1,"275":1,"276":1,"277":1,"278":1,"279":1,"280":1,"281":1,"282":1,"283":1,"284":1,"285":1,"286":1,"287":1,"288":1,"289":1,"290":1,"291":1,"292":1,"293":1,"294":1,"295":1,"296":1,"297":1,"298":1,"299":1,"300":1,"301":1,"302":1,"303":1,"304":1,"305":1,"306":1,"307":1,"308":1,"309":1,"310":1,"311":1,"312":1,"313":1,"314":1,"315":1,"316":1,"317":1,"318":1,"319":1,"320":1,"321":1,"322":1,"323":1,"324":1,"325":1,"326":1,"327":1,"328":1,"329":1,"330":1,"331":1,"332":1,"333":1,"334":1,"335":1,"336":1,"337":1,"338":1,"339":1,"340":1,"341":1,"342":1,"343":1,"344":1,"345":1,"346":1,"347":1,"348":1,"349":1,"350":1,"351":1,"352":1,"353":1,"354":1,"355":1,"356":1,"357":1,"358":1,"359":1,"360":1,"361":1,"362":1,"363":1,"364":1,"365":1,"366":1,"367":1,"368":1,"369":1,"370":1,"371":1,"372":1,"373":1,"374":1,"375":1,"376":1,"377":1,"378":1,"379":1,"380":1,"381":1,"382":1,"383":1,"384":1,"385":1,"386":1,"387":1,"388":1,"389":1,"390":1,"391":1,"392":1,"393":1,"394":1,"395":1,"396":1,"397":1,"398":1,"399":1,"400":1,"401":1,"402":1,"403":1,"404":1},"f":{"0":1,"1":1,"2":1,"3":1,"4":1,"5":1,"6":1,"7":1,"8":1,"9":1,"10":1,"11":1,"12":1,"13":1,"14":1,"15":1,"16":1,"17":1,"18":1,"19":1,"20":1,"21":1,"22":1,"23":1,"24":1,"25":1,"26":1,"27":1,"28":1,"29":1,"30":1,"31":1,"32":1,"33":1,"34":1,"35":1,"36":1,"37":1,"38":1,"39":1,"40":1,"41":1,"42":1,"43":1,"44":1,"45":1,"46":1,"47":1,"48":1,"49":1,"50":1,"51":1,"52":1,"53":1,"54":1},"b":{"0":[1,1],"1":[1,1],"2":[1,1],"3":[1,1],"4":[1,1],"5":[1,1],"6":[1,1],"7":[1,1],"8":[1,1],"9":[1,1],"10":[1,1],"11":[1,1],"12":[1,1],"13":[1,1],"14":[1,1],"15":[1,1],"16":[1,1],"17":[1,1],"18":[1,1],"19":[1,1],"20":[1,1],"21":[1,1],"22":[1,1],"23":[1,1],"24":[1,1],"25":[1,1],"26":[1,1],"27":[1,1],"28":[1,1],"29":[1,1],"30":[1,1],"31":[1,1],"32":[1,1],"33":[1,1],"34":[1,1],"35":[1,1],"36":[1,1],"37":[1,1],"38":[1,1],"39":[1,1],"40":[1,1],"41":[1,1],"42":[1,1],"43":[1,1],"44":[1,1],"45":[1,1],"46":[1,1],"47":[1,1],"48":[1,1],"49":[1,1],"50":[1,1],"51":[1,1],"52":[1,1],"53":[1,1],"54":[1,1]}}
,"C:\\Users\\wenyu\\Documents\\ggvega\\src-ext\\Typescript\\ggvega\\src\\compile.ts": {"path":"C:\\Users\\wenyu\\Documents\\ggvega\\src-ext\\Typescript\\ggvega\\src\\compile.ts","statementMap":{"0":{"start":{"line":2,"column":0},"end":{"line":2,"column":43}},"1":{"start":{"line":11,"column":22},"end":{"line":11,"column":38}},"2":{"start":{"line":13,"column":20},"end":{"line":13,"column":34}},"3":{"start":{"line":15,"column":22},"end":{"line":15,"column":38}},"4":{"start":{"line":19,"column":2},"end":{"line":23,"column":null}},"5":{"start":{"line":20,"column":4},"end":{"line":22,"column":null}},"6":{"start":{"line":21,"column":6},"end":{"line":21,"column":30}},"7":{"start":{"line":25,"column":2},"end":{"line":31,"column":null}},"8":{"start":{"line":26,"column":4},"end":{"line":26,"column":16}},"9":{"start":{"line":28,"column":4},"end":{"line":30,"column":null}},"10":{"start":{"line":28,"column":24},"end":{"line":28,"column":30}},"11":{"start":{"line":28,"column":24},"end":{"line":28,"column":40}},"12":{"start":{"line":28,"column":20},"end":{"line":28,"column":24}},"13":{"start":{"line":29,"column":6},"end":{"line":29,"column":63}},"14":{"start":{"line":33,"column":24},"end":{"line":33,"column":26}},"15":{"start":{"line":35,"column":2},"end":{"line":37,"column":null}},"16":{"start":{"line":36,"column":4},"end":{"line":36,"column":64}},"17":{"start":{"line":39,"column":34},"end":{"line":44,"column":4}},"18":{"start":{"line":46,"column":2},"end":{"line":46,"column":18}},"19":{"start":{"line":48,"column":2},"end":{"line":48,"column":12}},"20":{"start":{"line":8,"column":0},"end":{"line":8,"column":16}},"21":{"start":{"line":57,"column":2},"end":{"line":57,"column":56}},"22":{"start":{"line":57,"column":49},"end":{"line":57,"column":56}},"23":{"start":{"line":59,"column":2},"end":{"line":76,"column":5}},"24":{"start":{"line":60,"column":4},"end":{"line":75,"column":null}},"25":{"start":{"line":61,"column":6},"end":{"line":64,"column":null}},"26":{"start":{"line":62,"column":8},"end":{"line":62,"column":24}},"27":{"start":{"line":63,"column":8},"end":{"line":63,"column":15}},"28":{"start":{"line":66,"column":6},"end":{"line":66,"column":28}},"29":{"start":{"line":68,"column":6},"end":{"line":71,"column":null}},"30":{"start":{"line":69,"column":8},"end":{"line":69,"column":24}},"31":{"start":{"line":70,"column":8},"end":{"line":70,"column":15}},"32":{"start":{"line":72,"column":11},"end":{"line":75,"column":null}},"33":{"start":{"line":73,"column":6},"end":{"line":73,"column":22}},"34":{"start":{"line":74,"column":6},"end":{"line":74,"column":13}},"35":{"start":{"line":56,"column":0},"end":{"line":56,"column":16}}},"fnMap":{"0":{"name":"gg2vl","decl":{"start":{"line":8,"column":16},"end":{"line":8,"column":21}},"loc":{"start":{"line":8,"column":33},"end":{"line":49,"column":1}}},"1":{"name":"removeEmpty","decl":{"start":{"line":56,"column":16},"end":{"line":56,"column":27}},"loc":{"start":{"line":56,"column":36},"end":{"line":77,"column":1}}},"2":{"name":"(anonymous_2)","decl":{"start":{"line":59,"column":27},"end":{"line":59,"column":36}},"loc":{"start":{"line":59,"column":39},"end":{"line":76,"column":3}}}},"branchMap":{"0":{"loc":{"start":{"line":19,"column":2},"end":{"line":23,"column":null}},"type":"if","locations":[{"start":{"line":19,"column":2},"end":{"line":23,"column":null}},{"start":{"line":19,"column":2},"end":{"line":23,"column":null}}]},"1":{"loc":{"start":{"line":20,"column":4},"end":{"line":22,"column":null}},"type":"if","locations":[{"start":{"line":20,"column":4},"end":{"line":22,"column":null}},{"start":{"line":20,"column":4},"end":{"line":22,"column":null}}]},"2":{"loc":{"start":{"line":25,"column":2},"end":{"line":31,"column":null}},"type":"if","locations":[{"start":{"line":25,"column":2},"end":{"line":31,"column":null}},{"start":{"line":25,"column":2},"end":{"line":31,"column":null}}]},"3":{"loc":{"start":{"line":57,"column":2},"end":{"line":57,"column":56}},"type":"if","locations":[{"start":{"line":57,"column":2},"end":{"line":57,"column":56}},{"start":{"line":57,"column":2},"end":{"line":57,"column":56}}]},"4":{"loc":{"start":{"line":57,"column":8},"end":{"line":57,"column":19}},"type":"binary-expr","locations":[{"start":{"line":57,"column":8},"end":{"line":57,"column":19}},{"start":{"line":57,"column":23},"end":{"line":57,"column":46}}]},"5":{"loc":{"start":{"line":60,"column":4},"end":{"line":75,"column":null}},"type":"if","locations":[{"start":{"line":60,"column":4},"end":{"line":75,"column":null}},{"start":{"line":60,"column":4},"end":{"line":75,"column":null}}]},"6":{"loc":{"start":{"line":60,"column":8},"end":{"line":60,"column":16}},"type":"binary-expr","locations":[{"start":{"line":60,"column":8},"end":{"line":60,"column":16}},{"start":{"line":60,"column":20},"end":{"line":60,"column":48}}]},"7":{"loc":{"start":{"line":61,"column":6},"end":{"line":64,"column":null}},"type":"if","locations":[{"start":{"line":61,"column":6},"end":{"line":64,"column":null}},{"start":{"line":61,"column":6},"end":{"line":64,"column":null}}]},"8":{"loc":{"start":{"line":68,"column":6},"end":{"line":71,"column":null}},"type":"if","locations":[{"start":{"line":68,"column":6},"end":{"line":71,"column":null}},{"start":{"line":68,"column":6},"end":{"line":71,"column":null}}]},"9":{"loc":{"start":{"line":72,"column":11},"end":{"line":75,"column":null}},"type":"if","locations":[{"start":{"line":72,"column":11},"end":{"line":75,"column":null}},{"start":{"line":72,"column":11},"end":{"line":75,"column":null}}]}},"s":{"0":1,"1":4,"2":4,"3":4,"4":4,"5":2,"6":1,"7":4,"8":1,"9":1,"10":1,"11":1,"12":1,"13":1,"14":3,"15":3,"16":2,"17":3,"18":3,"19":3,"20":1,"21":15,"22":0,"23":15,"24":36,"25":15,"26":4,"27":4,"28":11,"29":11,"30":2,"31":2,"32":21,"33":3,"34":3,"35":1},"f":{"0":4,"1":15,"2":36},"b":{"0":[2,2],"1":[1,1],"2":[1,3],"3":[0,15],"4":[15,15],"5":[15,21],"6":[36,27],"7":[4,11],"8":[2,9],"9":[3,18]}}
}
