TN:
SF:C:\Users\jtxys\Documents\ggvega\src-ext\Typescript\ggvega\src\Encoding.ts
FN:4,TranslateEncoding
FN:20,TranslateXClass
FN:51,TranslateYClass
FN:122,TranslateSize
FN:161,TranslateShape
FN:201,TranslateScale
FN:205,TranslateStroke
FN:243,TranslateStrokeWidth
FN:281,TranslateOpacity
FN:319,TranslateFill
FNF:10
FNH:0
FNDA:0,TranslateEncoding
FNDA:0,TranslateXClass
FNDA:0,TranslateYClass
FNDA:0,TranslateSize
FNDA:0,TranslateShape
FNDA:0,TranslateScale
FNDA:0,TranslateStroke
FNDA:0,TranslateStrokeWidth
FNDA:0,TranslateOpacity
FNDA:0,TranslateFill
DA:2,1
DA:4,1
DA:5,0
DA:17,0
DA:21,0
DA:23,0
DA:27,0
DA:29,0
DA:30,0
DA:31,0
DA:33,0
DA:34,0
DA:39,0
DA:41,0
DA:48,0
DA:52,0
DA:54,0
DA:58,0
DA:60,0
DA:61,0
DA:62,0
DA:64,0
DA:65,0
DA:70,0
DA:72,0
DA:79,0
DA:129,0
DA:130,0
DA:131,0
DA:132,0
DA:139,0
DA:140,0
DA:141,0
DA:144,0
DA:146,0
DA:148,0
DA:150,0
DA:158,0
DA:168,0
DA:169,0
DA:170,0
DA:171,0
DA:172,0
DA:180,0
DA:181,0
DA:182,0
DA:185,0
DA:187,0
DA:189,0
DA:191,0
DA:198,0
DA:202,0
DA:212,0
DA:213,0
DA:214,0
DA:215,0
DA:222,0
DA:223,0
DA:224,0
DA:227,0
DA:229,0
DA:231,0
DA:233,0
DA:240,0
DA:250,0
DA:251,0
DA:252,0
DA:253,0
DA:260,0
DA:261,0
DA:262,0
DA:265,0
DA:267,0
DA:269,0
DA:271,0
DA:278,0
DA:288,0
DA:289,0
DA:290,0
DA:291,0
DA:298,0
DA:299,0
DA:300,0
DA:303,0
DA:305,0
DA:307,0
DA:309,0
DA:316,0
DA:326,0
DA:327,0
DA:328,0
DA:329,0
DA:335,0
DA:336,0
DA:337,0
DA:340,0
DA:342,0
DA:344,0
DA:346,0
DA:353,0
LF:100
LH:2
BRDA:30,0,0,0
BRDA:30,0,1,0
BRDA:33,1,0,0
BRDA:33,1,1,0
BRDA:61,2,0,0
BRDA:61,2,1,0
BRDA:64,3,0,0
BRDA:64,3,1,0
BRDA:129,4,0,0
BRDA:129,4,1,0
BRDA:130,5,0,0
BRDA:130,5,1,0
BRDA:131,6,0,0
BRDA:131,6,1,0
BRDA:139,7,0,0
BRDA:139,7,1,0
BRDA:140,8,0,0
BRDA:140,8,1,0
BRDA:168,9,0,0
BRDA:168,9,1,0
BRDA:169,10,0,0
BRDA:169,10,1,0
BRDA:170,11,0,0
BRDA:170,11,1,0
BRDA:171,12,0,0
BRDA:171,12,1,0
BRDA:180,13,0,0
BRDA:180,13,1,0
BRDA:181,14,0,0
BRDA:181,14,1,0
BRDA:212,15,0,0
BRDA:212,15,1,0
BRDA:213,16,0,0
BRDA:213,16,1,0
BRDA:214,17,0,0
BRDA:214,17,1,0
BRDA:222,18,0,0
BRDA:222,18,1,0
BRDA:223,19,0,0
BRDA:223,19,1,0
BRDA:250,20,0,0
BRDA:250,20,1,0
BRDA:251,21,0,0
BRDA:251,21,1,0
BRDA:252,22,0,0
BRDA:252,22,1,0
BRDA:260,23,0,0
BRDA:260,23,1,0
BRDA:261,24,0,0
BRDA:261,24,1,0
BRDA:288,25,0,0
BRDA:288,25,1,0
BRDA:289,26,0,0
BRDA:289,26,1,0
BRDA:290,27,0,0
BRDA:290,27,1,0
BRDA:298,28,0,0
BRDA:298,28,1,0
BRDA:299,29,0,0
BRDA:299,29,1,0
BRDA:326,30,0,0
BRDA:326,30,1,0
BRDA:327,31,0,0
BRDA:327,31,1,0
BRDA:328,32,0,0
BRDA:328,32,1,0
BRDA:335,33,0,0
BRDA:335,33,1,0
BRDA:336,34,0,0
BRDA:336,34,1,0
BRF:70
BRH:0
end_of_record
TN:
SF:C:\Users\jtxys\Documents\ggvega\src-ext\Typescript\ggvega\src\LayerSpec.ts
FN:10,TranslateLayer
FN:24,TranslateMark
FNF:2
FNH:0
FNDA:0,TranslateLayer
FNDA:0,TranslateMark
DA:1,1
DA:2,1
DA:10,1
DA:11,0
DA:13,0
DA:21,0
DA:26,0
DA:27,0
DA:29,0
DA:32,0
LF:10
LH:3
BRDA:26,0,0,0
BRDA:26,0,1,0
BRF:2
BRH:0
end_of_record
TN:
SF:C:\Users\jtxys\Documents\ggvega\src-ext\Typescript\ggvega\src\Mark.ts
FN:1,TranslatePointShape
FN:32,TranslateStroke
FN:36,TranslateStrokeWidth
FN:40,TranslateOpacity
FN:44,TranslateFill
FN:48,TranslatePointSize
FNF:6
FNH:0
FNDA:0,TranslatePointShape
FNDA:0,TranslateStroke
FNDA:0,TranslateStrokeWidth
FNDA:0,TranslateOpacity
FNDA:0,TranslateFill
FNDA:0,TranslatePointSize
DA:1,1
DA:2,0
DA:4,0
DA:5,0
DA:7,0
DA:8,0
DA:10,0
DA:11,0
DA:13,0
DA:14,0
DA:16,0
DA:17,0
DA:19,0
DA:20,0
DA:22,0
DA:23,0
DA:25,0
DA:26,0
DA:29,0
DA:32,1
DA:33,0
DA:36,1
DA:37,0
DA:40,1
DA:41,0
DA:44,1
DA:45,0
DA:48,1
DA:49,0
LF:29
LH:6
BRDA:4,0,0,0
BRDA:4,0,1,0
BRDA:7,1,0,0
BRDA:7,1,1,0
BRDA:10,2,0,0
BRDA:10,2,1,0
BRDA:13,3,0,0
BRDA:13,3,1,0
BRDA:16,4,0,0
BRDA:16,4,1,0
BRDA:19,5,0,0
BRDA:19,5,1,0
BRDA:22,6,0,0
BRDA:22,6,1,0
BRDA:25,7,0,0
BRDA:25,7,1,0
BRF:16
BRH:0
end_of_record
TN:
SF:C:\Users\jtxys\Documents\ggvega\src-ext\Typescript\ggvega\src\compile.ts
FN:8,gg2vl
FN:56,removeEmpty
FN:59,(anonymous_2)
FNF:3
FNH:3
FNDA:3,gg2vl
FNDA:15,removeEmpty
FNDA:36,(anonymous_2)
DA:2,1
DA:8,1
DA:11,3
DA:13,3
DA:15,3
DA:19,3
DA:20,2
DA:21,1
DA:25,3
DA:26,0
DA:28,0
DA:29,0
DA:33,3
DA:35,3
DA:36,2
DA:39,3
DA:46,3
DA:48,3
DA:56,1
DA:57,15
DA:59,15
DA:60,36
DA:61,15
DA:62,4
DA:63,4
DA:66,11
DA:68,11
DA:69,2
DA:70,2
DA:72,21
DA:73,3
DA:74,3
LF:32
LH:29
BRDA:19,0,0,2
BRDA:19,0,1,1
BRDA:20,1,0,1
BRDA:20,1,1,1
BRDA:25,2,0,0
BRDA:25,2,1,3
BRDA:57,3,0,0
BRDA:57,3,1,15
BRDA:57,4,0,15
BRDA:57,4,1,15
BRDA:60,5,0,15
BRDA:60,5,1,21
BRDA:60,6,0,36
BRDA:60,6,1,27
BRDA:61,7,0,4
BRDA:61,7,1,11
BRDA:68,8,0,2
BRDA:68,8,1,9
BRDA:72,9,0,3
BRDA:72,9,1,18
BRF:20
BRH:18
end_of_record
TN:
SF:C:\Users\jtxys\Documents\ggvega\src-ext\Typescript\ggvega\src\vlspec.ts
FN:11,(anonymous_0)
FN:26,(anonymous_1)
FN:38,(anonymous_2)
FN:56,(anonymous_3)
FN:68,(anonymous_4)
FN:96,(anonymous_5)
FN:132,(anonymous_6)
FN:181,(anonymous_7)
FN:227,(anonymous_8)
FN:240,(anonymous_9)
FN:263,(anonymous_10)
FN:295,(anonymous_11)
FN:302,(anonymous_12)
FN:309,(anonymous_13)
FN:327,(anonymous_14)
FN:339,(anonymous_15)
FN:358,(anonymous_16)
FN:372,(anonymous_17)
FN:377,(anonymous_18)
FN:381,(anonymous_19)
FN:387,(anonymous_20)
FN:398,(anonymous_21)
FN:438,(anonymous_22)
FN:459,(anonymous_23)
FN:486,(anonymous_24)
FN:522,(anonymous_25)
FN:529,(anonymous_26)
FN:564,(anonymous_27)
FN:599,(anonymous_28)
FN:611,(anonymous_29)
FN:625,(anonymous_30)
FN:631,(anonymous_31)
FN:635,(anonymous_32)
FN:643,(anonymous_33)
FN:688,(anonymous_34)
FN:734,(anonymous_35)
FN:755,(anonymous_36)
FN:766,(anonymous_37)
FN:772,(anonymous_38)
FN:798,(anonymous_39)
FN:806,(anonymous_40)
FN:818,(anonymous_41)
FN:844,(anonymous_42)
FN:861,(anonymous_43)
FN:871,(anonymous_44)
FN:879,(anonymous_45)
FN:889,(anonymous_46)
FN:895,(anonymous_47)
FN:905,(anonymous_48)
FN:913,(anonymous_49)
FN:945,(anonymous_50)
FN:981,(anonymous_51)
FN:1006,(anonymous_52)
FN:1022,(anonymous_53)
FN:1028,(anonymous_54)
FNF:55
FNH:55
FNDA:1,(anonymous_0)
FNDA:1,(anonymous_1)
FNDA:1,(anonymous_2)
FNDA:1,(anonymous_3)
FNDA:1,(anonymous_4)
FNDA:1,(anonymous_5)
FNDA:1,(anonymous_6)
FNDA:1,(anonymous_7)
FNDA:1,(anonymous_8)
FNDA:1,(anonymous_9)
FNDA:1,(anonymous_10)
FNDA:1,(anonymous_11)
FNDA:1,(anonymous_12)
FNDA:1,(anonymous_13)
FNDA:1,(anonymous_14)
FNDA:1,(anonymous_15)
FNDA:1,(anonymous_16)
FNDA:1,(anonymous_17)
FNDA:1,(anonymous_18)
FNDA:1,(anonymous_19)
FNDA:1,(anonymous_20)
FNDA:1,(anonymous_21)
FNDA:1,(anonymous_22)
FNDA:1,(anonymous_23)
FNDA:1,(anonymous_24)
FNDA:1,(anonymous_25)
FNDA:1,(anonymous_26)
FNDA:1,(anonymous_27)
FNDA:1,(anonymous_28)
FNDA:1,(anonymous_29)
FNDA:1,(anonymous_30)
FNDA:1,(anonymous_31)
FNDA:1,(anonymous_32)
FNDA:1,(anonymous_33)
FNDA:1,(anonymous_34)
FNDA:1,(anonymous_35)
FNDA:1,(anonymous_36)
FNDA:1,(anonymous_37)
FNDA:1,(anonymous_38)
FNDA:1,(anonymous_39)
FNDA:1,(anonymous_40)
FNDA:1,(anonymous_41)
FNDA:1,(anonymous_42)
FNDA:1,(anonymous_43)
FNDA:1,(anonymous_44)
FNDA:1,(anonymous_45)
FNDA:1,(anonymous_46)
FNDA:1,(anonymous_47)
FNDA:1,(anonymous_48)
FNDA:1,(anonymous_49)
FNDA:1,(anonymous_50)
FNDA:1,(anonymous_51)
FNDA:1,(anonymous_52)
FNDA:1,(anonymous_53)
FNDA:1,(anonymous_54)
DA:2,1
DA:11,1
DA:12,1
DA:13,1
DA:14,1
DA:26,1
DA:27,1
DA:28,1
DA:38,1
DA:39,1
DA:40,1
DA:41,1
DA:56,1
DA:57,1
DA:58,1
DA:68,1
DA:69,1
DA:70,1
DA:71,1
DA:72,1
DA:73,1
DA:96,1
DA:97,1
DA:98,1
DA:99,1
DA:100,1
DA:101,1
DA:102,1
DA:103,1
DA:104,1
DA:105,1
DA:106,1
DA:107,1
DA:108,1
DA:109,1
DA:110,1
DA:111,1
DA:112,1
DA:113,1
DA:114,1
DA:115,1
DA:116,1
DA:117,1
DA:118,1
DA:132,1
DA:133,1
DA:134,1
DA:135,1
DA:136,1
DA:137,1
DA:138,1
DA:139,1
DA:140,1
DA:141,1
DA:142,1
DA:143,1
DA:144,1
DA:145,1
DA:146,1
DA:147,1
DA:148,1
DA:149,1
DA:150,1
DA:151,1
DA:152,1
DA:153,1
DA:154,1
DA:155,1
DA:156,1
DA:157,1
DA:158,1
DA:159,1
DA:160,1
DA:161,1
DA:162,1
DA:163,1
DA:164,1
DA:165,1
DA:166,1
DA:167,1
DA:168,1
DA:169,1
DA:170,1
DA:171,1
DA:172,1
DA:173,1
DA:174,1
DA:175,1
DA:176,1
DA:177,1
DA:178,1
DA:181,1
DA:182,1
DA:183,1
DA:184,1
DA:227,1
DA:228,1
DA:229,1
DA:240,1
DA:241,1
DA:242,1
DA:263,1
DA:264,1
DA:265,1
DA:266,1
DA:295,1
DA:296,1
DA:297,1
DA:298,1
DA:299,1
DA:302,1
DA:303,1
DA:304,1
DA:305,1
DA:306,1
DA:309,1
DA:310,1
DA:311,1
DA:327,1
DA:328,1
DA:329,1
DA:330,1
DA:331,1
DA:332,1
DA:333,1
DA:334,1
DA:335,1
DA:336,1
DA:339,1
DA:340,1
DA:341,1
DA:342,1
DA:358,1
DA:359,1
DA:360,1
DA:361,1
DA:362,1
DA:372,1
DA:373,1
DA:374,1
DA:377,1
DA:378,1
DA:381,1
DA:382,1
DA:383,1
DA:384,1
DA:387,1
DA:388,1
DA:389,1
DA:390,1
DA:391,1
DA:392,1
DA:393,1
DA:394,1
DA:395,1
DA:398,1
DA:399,1
DA:400,1
DA:401,1
DA:402,1
DA:403,1
DA:404,1
DA:405,1
DA:438,1
DA:439,1
DA:440,1
DA:441,1
DA:442,1
DA:443,1
DA:444,1
DA:445,1
DA:446,1
DA:447,1
DA:448,1
DA:449,1
DA:450,1
DA:451,1
DA:452,1
DA:459,1
DA:460,1
DA:461,1
DA:462,1
DA:463,1
DA:464,1
DA:465,1
DA:466,1
DA:467,1
DA:468,1
DA:469,1
DA:470,1
DA:471,1
DA:472,1
DA:473,1
DA:474,1
DA:475,1
DA:476,1
DA:477,1
DA:478,1
DA:479,1
DA:480,1
DA:486,1
DA:487,1
DA:488,1
DA:522,1
DA:523,1
DA:524,1
DA:525,1
DA:526,1
DA:529,1
DA:530,1
DA:564,1
DA:565,1
DA:599,1
DA:600,1
DA:601,1
DA:602,1
DA:611,1
DA:612,1
DA:613,1
DA:614,1
DA:615,1
DA:616,1
DA:625,1
DA:626,1
DA:627,1
DA:628,1
DA:631,1
DA:632,1
DA:635,1
DA:636,1
DA:643,1
DA:644,1
DA:645,1
DA:646,1
DA:647,1
DA:648,1
DA:649,1
DA:650,1
DA:651,1
DA:652,1
DA:653,1
DA:654,1
DA:655,1
DA:656,1
DA:657,1
DA:658,1
DA:659,1
DA:660,1
DA:661,1
DA:662,1
DA:663,1
DA:664,1
DA:665,1
DA:666,1
DA:667,1
DA:668,1
DA:669,1
DA:670,1
DA:671,1
DA:672,1
DA:673,1
DA:674,1
DA:675,1
DA:676,1
DA:677,1
DA:678,1
DA:679,1
DA:688,1
DA:689,1
DA:690,1
DA:734,1
DA:735,1
DA:736,1
DA:737,1
DA:738,1
DA:739,1
DA:740,1
DA:741,1
DA:742,1
DA:743,1
DA:744,1
DA:745,1
DA:746,1
DA:747,1
DA:755,1
DA:756,1
DA:757,1
DA:758,1
DA:766,1
DA:767,1
DA:768,1
DA:769,1
DA:772,1
DA:773,1
DA:774,1
DA:798,1
DA:799,1
DA:800,1
DA:801,1
DA:802,1
DA:803,1
DA:806,1
DA:807,1
DA:818,1
DA:819,1
DA:820,1
DA:821,1
DA:822,1
DA:823,1
DA:824,1
DA:825,1
DA:826,1
DA:827,1
DA:828,1
DA:829,1
DA:830,1
DA:831,1
DA:832,1
DA:833,1
DA:844,1
DA:845,1
DA:846,1
DA:847,1
DA:848,1
DA:849,1
DA:850,1
DA:851,1
DA:852,1
DA:853,1
DA:854,1
DA:855,1
DA:856,1
DA:857,1
DA:858,1
DA:861,1
DA:862,1
DA:863,1
DA:871,1
DA:872,1
DA:879,1
DA:880,1
DA:881,1
DA:889,1
DA:890,1
DA:891,1
DA:892,1
DA:895,1
DA:896,1
DA:897,1
DA:898,1
DA:905,1
DA:906,1
DA:907,1
DA:913,1
DA:914,1
DA:915,1
DA:916,1
DA:917,1
DA:918,1
DA:945,1
DA:946,1
DA:947,1
DA:948,1
DA:949,1
DA:950,1
DA:951,1
DA:952,1
DA:953,1
DA:954,1
DA:955,1
DA:956,1
DA:957,1
DA:958,1
DA:959,1
DA:960,1
DA:961,1
DA:962,1
DA:963,1
DA:964,1
DA:965,1
DA:966,1
DA:967,1
DA:968,1
DA:969,1
DA:970,1
DA:971,1
DA:972,1
DA:973,1
DA:974,1
DA:975,1
DA:976,1
DA:977,1
DA:978,1
DA:981,1
DA:982,1
DA:1006,1
DA:1007,1
DA:1008,1
DA:1009,1
DA:1010,1
DA:1022,1
DA:1023,1
DA:1024,1
DA:1025,1
DA:1028,1
DA:1029,1
LF:406
LH:406
BRDA:15,0,0,1
BRDA:15,0,1,1
BRDA:29,1,0,1
BRDA:29,1,1,1
BRDA:42,2,0,1
BRDA:42,2,1,1
BRDA:59,3,0,1
BRDA:59,3,1,1
BRDA:74,4,0,1
BRDA:74,4,1,1
BRDA:119,5,0,1
BRDA:119,5,1,1
BRDA:179,6,0,1
BRDA:179,6,1,1
BRDA:185,7,0,1
BRDA:185,7,1,1
BRDA:230,8,0,1
BRDA:230,8,1,1
BRDA:243,9,0,1
BRDA:243,9,1,1
BRDA:267,10,0,1
BRDA:267,10,1,1
BRDA:300,11,0,1
BRDA:300,11,1,1
BRDA:307,12,0,1
BRDA:307,12,1,1
BRDA:312,13,0,1
BRDA:312,13,1,1
BRDA:337,14,0,1
BRDA:337,14,1,1
BRDA:343,15,0,1
BRDA:343,15,1,1
BRDA:363,16,0,1
BRDA:363,16,1,1
BRDA:375,17,0,1
BRDA:375,17,1,1
BRDA:379,18,0,1
BRDA:379,18,1,1
BRDA:385,19,0,1
BRDA:385,19,1,1
BRDA:396,20,0,1
BRDA:396,20,1,1
BRDA:406,21,0,1
BRDA:406,21,1,1
BRDA:453,22,0,1
BRDA:453,22,1,1
BRDA:481,23,0,1
BRDA:481,23,1,1
BRDA:489,24,0,1
BRDA:489,24,1,1
BRDA:527,25,0,1
BRDA:527,25,1,1
BRDA:531,26,0,1
BRDA:531,26,1,1
BRDA:566,27,0,1
BRDA:566,27,1,1
BRDA:603,28,0,1
BRDA:603,28,1,1
BRDA:617,29,0,1
BRDA:617,29,1,1
BRDA:629,30,0,1
BRDA:629,30,1,1
BRDA:633,31,0,1
BRDA:633,31,1,1
BRDA:637,32,0,1
BRDA:637,32,1,1
BRDA:680,33,0,1
BRDA:680,33,1,1
BRDA:691,34,0,1
BRDA:691,34,1,1
BRDA:748,35,0,1
BRDA:748,35,1,1
BRDA:759,36,0,1
BRDA:759,36,1,1
BRDA:770,37,0,1
BRDA:770,37,1,1
BRDA:775,38,0,1
BRDA:775,38,1,1
BRDA:804,39,0,1
BRDA:804,39,1,1
BRDA:808,40,0,1
BRDA:808,40,1,1
BRDA:834,41,0,1
BRDA:834,41,1,1
BRDA:859,42,0,1
BRDA:859,42,1,1
BRDA:864,43,0,1
BRDA:864,43,1,1
BRDA:873,44,0,1
BRDA:873,44,1,1
BRDA:882,45,0,1
BRDA:882,45,1,1
BRDA:893,46,0,1
BRDA:893,46,1,1
BRDA:899,47,0,1
BRDA:899,47,1,1
BRDA:908,48,0,1
BRDA:908,48,1,1
BRDA:919,49,0,1
BRDA:919,49,1,1
BRDA:979,50,0,1
BRDA:979,50,1,1
BRDA:983,51,0,1
BRDA:983,51,1,1
BRDA:1011,52,0,1
BRDA:1011,52,1,1
BRDA:1026,53,0,1
BRDA:1026,53,1,1
BRDA:1030,54,0,1
BRDA:1030,54,1,1
BRF:110
BRH:110
end_of_record
