TN:
SF:C:\Users\jtxys\Documents\ggvega\src-ext\Typescript\ggvega\src\Encoding.ts
FN:17,TranslateEncoding
FN:33,TranslateXClass
FN:64,TranslateYClass
FN:135,TranslateSize
FN:174,TranslateShape
FN:214,TranslateScale
FN:218,TranslateStroke
FN:256,TranslateStrokeWidth
FN:294,TranslateOpacity
FN:332,TranslateFill
FNF:10
FNH:0
FNDA:0,TranslateEncoding
FNDA:0,TranslateXClass
FNDA:0,TranslateYClass
FNDA:0,TranslateSize
FNDA:0,TranslateShape
FNDA:0,TranslateScale
FNDA:0,TranslateStroke
FNDA:0,TranslateStrokeWidth
FNDA:0,TranslateOpacity
FNDA:0,TranslateFill
DA:1,1
DA:17,1
DA:18,0
DA:30,0
DA:34,0
DA:36,0
DA:40,0
DA:42,0
DA:43,0
DA:44,0
DA:46,0
DA:47,0
DA:52,0
DA:54,0
DA:61,0
DA:65,0
DA:67,0
DA:71,0
DA:73,0
DA:74,0
DA:75,0
DA:77,0
DA:78,0
DA:83,0
DA:85,0
DA:92,0
DA:142,0
DA:143,0
DA:144,0
DA:145,0
DA:152,0
DA:153,0
DA:154,0
DA:157,0
DA:159,0
DA:161,0
DA:163,0
DA:171,0
DA:181,0
DA:182,0
DA:183,0
DA:184,0
DA:185,0
DA:193,0
DA:194,0
DA:195,0
DA:198,0
DA:200,0
DA:202,0
DA:204,0
DA:211,0
DA:215,0
DA:225,0
DA:226,0
DA:227,0
DA:228,0
DA:235,0
DA:236,0
DA:237,0
DA:240,0
DA:242,0
DA:244,0
DA:246,0
DA:253,0
DA:263,0
DA:264,0
DA:265,0
DA:266,0
DA:273,0
DA:274,0
DA:275,0
DA:278,0
DA:280,0
DA:282,0
DA:284,0
DA:291,0
DA:301,0
DA:302,0
DA:303,0
DA:304,0
DA:311,0
DA:312,0
DA:313,0
DA:316,0
DA:318,0
DA:320,0
DA:322,0
DA:329,0
DA:332,1
DA:339,0
DA:340,0
DA:341,0
DA:342,0
DA:349,0
DA:350,0
DA:351,0
DA:354,0
DA:356,0
DA:358,0
DA:360,0
DA:367,0
LF:101
LH:3
BRDA:43,0,0,0
BRDA:43,0,1,0
BRDA:46,1,0,0
BRDA:46,1,1,0
BRDA:74,2,0,0
BRDA:74,2,1,0
BRDA:77,3,0,0
BRDA:77,3,1,0
BRDA:142,4,0,0
BRDA:142,4,1,0
BRDA:143,5,0,0
BRDA:143,5,1,0
BRDA:144,6,0,0
BRDA:144,6,1,0
BRDA:152,7,0,0
BRDA:152,7,1,0
BRDA:153,8,0,0
BRDA:153,8,1,0
BRDA:181,9,0,0
BRDA:181,9,1,0
BRDA:182,10,0,0
BRDA:182,10,1,0
BRDA:183,11,0,0
BRDA:183,11,1,0
BRDA:184,12,0,0
BRDA:184,12,1,0
BRDA:193,13,0,0
BRDA:193,13,1,0
BRDA:194,14,0,0
BRDA:194,14,1,0
BRDA:225,15,0,0
BRDA:225,15,1,0
BRDA:226,16,0,0
BRDA:226,16,1,0
BRDA:227,17,0,0
BRDA:227,17,1,0
BRDA:235,18,0,0
BRDA:235,18,1,0
BRDA:236,19,0,0
BRDA:236,19,1,0
BRDA:263,20,0,0
BRDA:263,20,1,0
BRDA:264,21,0,0
BRDA:264,21,1,0
BRDA:265,22,0,0
BRDA:265,22,1,0
BRDA:273,23,0,0
BRDA:273,23,1,0
BRDA:274,24,0,0
BRDA:274,24,1,0
BRDA:301,25,0,0
BRDA:301,25,1,0
BRDA:302,26,0,0
BRDA:302,26,1,0
BRDA:303,27,0,0
BRDA:303,27,1,0
BRDA:311,28,0,0
BRDA:311,28,1,0
BRDA:312,29,0,0
BRDA:312,29,1,0
BRDA:339,30,0,0
BRDA:339,30,1,0
BRDA:340,31,0,0
BRDA:340,31,1,0
BRDA:341,32,0,0
BRDA:341,32,1,0
BRDA:349,33,0,0
BRDA:349,33,1,0
BRDA:350,34,0,0
BRDA:350,34,1,0
BRF:70
BRH:0
end_of_record
TN:
SF:C:\Users\jtxys\Documents\ggvega\src-ext\Typescript\ggvega\src\LayerSpec.ts
FN:10,TranslateLayer
FN:24,TranslateMark
FNF:2
FNH:0
FNDA:0,TranslateLayer
FNDA:0,TranslateMark
DA:1,1
DA:3,1
DA:10,1
DA:11,0
DA:13,0
DA:21,0
DA:24,1
DA:26,0
DA:27,0
DA:29,0
DA:32,0
LF:11
LH:4
BRDA:26,0,0,0
BRDA:26,0,1,0
BRF:2
BRH:0
end_of_record
TN:
SF:C:\Users\jtxys\Documents\ggvega\src-ext\Typescript\ggvega\src\Mark.ts
FN:1,TranslatePointShape
FN:32,TranslateStroke
FN:36,TranslateStrokeWidth
FN:40,TranslateOpacity
FN:44,TranslateFill
FN:48,TranslatePointSize
FNF:6
FNH:0
FNDA:0,TranslatePointShape
FNDA:0,TranslateStroke
FNDA:0,TranslateStrokeWidth
FNDA:0,TranslateOpacity
FNDA:0,TranslateFill
FNDA:0,TranslatePointSize
DA:1,1
DA:2,0
DA:4,0
DA:5,0
DA:7,0
DA:8,0
DA:10,0
DA:11,0
DA:13,0
DA:14,0
DA:16,0
DA:17,0
DA:19,0
DA:20,0
DA:22,0
DA:23,0
DA:25,0
DA:26,0
DA:29,0
DA:32,1
DA:33,0
DA:36,1
DA:37,0
DA:40,1
DA:41,0
DA:44,1
DA:45,0
DA:48,1
DA:49,0
LF:29
LH:6
BRDA:4,0,0,0
BRDA:4,0,1,0
BRDA:7,1,0,0
BRDA:7,1,1,0
BRDA:10,2,0,0
BRDA:10,2,1,0
BRDA:13,3,0,0
BRDA:13,3,1,0
BRDA:16,4,0,0
BRDA:16,4,1,0
BRDA:19,5,0,0
BRDA:19,5,1,0
BRDA:22,6,0,0
BRDA:22,6,1,0
BRDA:25,7,0,0
BRDA:25,7,1,0
BRF:16
BRH:0
end_of_record
TN:
SF:C:\Users\jtxys\Documents\ggvega\src-ext\Typescript\ggvega\src\compile.ts
FN:7,gg2vl
FN:50,removeEmpty
FN:53,(anonymous_2)
FNF:3
FNH:3
FNDA:3,gg2vl
FNDA:6,removeEmpty
FNDA:13,(anonymous_2)
DA:1,1
DA:7,1
DA:8,3
DA:11,3
DA:12,3
DA:13,2
DA:14,1
DA:18,3
DA:19,3
DA:20,2
DA:23,3
DA:24,3
DA:25,3
DA:26,3
DA:27,0
DA:28,0
DA:32,3
DA:42,3
DA:50,1
DA:51,6
DA:53,6
DA:54,13
DA:55,7
DA:56,2
DA:57,2
DA:60,5
DA:62,5
DA:63,2
DA:64,2
DA:66,6
DA:67,3
DA:68,3
LF:32
LH:30
BRDA:12,0,0,2
BRDA:12,0,1,1
BRDA:13,1,0,1
BRDA:13,1,1,1
BRDA:26,2,0,0
BRDA:26,2,1,3
BRDA:51,3,0,0
BRDA:51,3,1,6
BRDA:51,4,0,6
BRDA:51,4,1,6
BRDA:54,5,0,7
BRDA:54,5,1,6
BRDA:54,6,0,13
BRDA:54,6,1,9
BRDA:55,7,0,2
BRDA:55,7,1,5
BRDA:62,8,0,2
BRDA:62,8,1,3
BRDA:66,9,0,3
BRDA:66,9,1,3
BRF:20
BRH:18
end_of_record
